{"D:\\v7\\v8\\app\\layout.tsx": {"path":"D:\\v7\\v8\\app\\layout.tsx","statementMap":{"0":{"start":{"line":15,"column":24},"end":{"line":15,"column":35}},"1":{"start":{"line":9,"column":13},"end":{"line":9,"column":21}},"2":{"start":{"line":3,"column":22},"end":{"line":3,"column":null}},"3":{"start":{"line":4,"column":7},"end":{"line":4,"column":null}},"4":{"start":{"line":5,"column":30},"end":{"line":5,"column":null}},"5":{"start":{"line":7,"column":14},"end":{"line":7,"column":null}},"6":{"start":{"line":9,"column":34},"end":{"line":13,"column":null}}},"fnMap":{"0":{"name":"RootLayout","decl":{"start":{"line":15,"column":24},"end":{"line":15,"column":35}},"loc":{"start":{"line":19,"column":2},"end":{"line":29,"column":1}}}},"branchMap":{},"s":{"0":0,"1":0,"2":0,"3":0,"4":0,"5":0,"6":0},"f":{"0":0},"b":{}}
,"D:\\v7\\v8\\app\\page.tsx": {"path":"D:\\v7\\v8\\app\\page.tsx","statementMap":{"0":{"start":{"line":7,"column":24},"end":{"line":7,"column":null}},"1":{"start":{"line":1,"column":17},"end":{"line":1,"column":null}},"2":{"start":{"line":2,"column":23},"end":{"line":2,"column":null}},"3":{"start":{"line":3,"column":24},"end":{"line":3,"column":null}},"4":{"start":{"line":4,"column":28},"end":{"line":4,"column":null}},"5":{"start":{"line":5,"column":66},"end":{"line":5,"column":null}}},"fnMap":{"0":{"name":"Home","decl":{"start":{"line":7,"column":24},"end":{"line":7,"column":null}},"loc":{"start":{"line":7,"column":24},"end":{"line":232,"column":null}}}},"branchMap":{},"s":{"0":0,"1":0,"2":0,"3":0,"4":0,"5":0},"f":{"0":0},"b":{}}
,"D:\\v7\\v8\\app\\api\\auth\\login\\route.ts": {"path":"D:\\v7\\v8\\app\\api\\auth\\login\\route.ts","statementMap":{"0":{"start":{"line":6,"column":22},"end":{"line":6,"column":27}},"1":{"start":{"line":1,"column":29},"end":{"line":1,"column":null}},"2":{"start":{"line":2,"column":24},"end":{"line":2,"column":null}},"3":{"start":{"line":3,"column":23},"end":{"line":3,"column":null}},"4":{"start":{"line":4,"column":21},"end":{"line":4,"column":null}},"5":{"start":{"line":7,"column":2},"end":{"line":89,"column":null}},"6":{"start":{"line":8,"column":32},"end":{"line":8,"column":null}},"7":{"start":{"line":11,"column":4},"end":{"line":16,"column":null}},"8":{"start":{"line":12,"column":6},"end":{"line":14,"column":null}},"9":{"start":{"line":19,"column":4},"end":{"line":21,"column":null}},"10":{"start":{"line":20,"column":6},"end":{"line":20,"column":null}},"11":{"start":{"line":24,"column":17},"end":{"line":26,"column":null}},"12":{"start":{"line":28,"column":4},"end":{"line":33,"column":null}},"13":{"start":{"line":29,"column":6},"end":{"line":31,"column":null}},"14":{"start":{"line":36,"column":4},"end":{"line":41,"column":null}},"15":{"start":{"line":37,"column":6},"end":{"line":39,"column":null}},"16":{"start":{"line":44,"column":26},"end":{"line":44,"column":null}},"17":{"start":{"line":46,"column":4},"end":{"line":51,"column":null}},"18":{"start":{"line":47,"column":6},"end":{"line":49,"column":null}},"19":{"start":{"line":54,"column":18},"end":{"line":57,"column":null}},"20":{"start":{"line":61,"column":52},"end":{"line":61,"column":null}},"21":{"start":{"line":64,"column":21},"end":{"line":69,"column":null}},"22":{"start":{"line":72,"column":4},"end":{"line":80,"column":null}},"23":{"start":{"line":82,"column":4},"end":{"line":82,"column":null}},"24":{"start":{"line":84,"column":4},"end":{"line":84,"column":null}},"25":{"start":{"line":85,"column":4},"end":{"line":87,"column":null}}},"fnMap":{"0":{"name":"POST","decl":{"start":{"line":6,"column":22},"end":{"line":6,"column":27}},"loc":{"start":{"line":6,"column":39},"end":{"line":90,"column":null}}}},"branchMap":{"0":{"loc":{"start":{"line":11,"column":4},"end":{"line":16,"column":null}},"type":"if","locations":[{"start":{"line":11,"column":4},"end":{"line":16,"column":null}}]},"1":{"loc":{"start":{"line":11,"column":8},"end":{"line":11,"column":29}},"type":"binary-expr","locations":[{"start":{"line":11,"column":8},"end":{"line":11,"column":18}},{"start":{"line":11,"column":18},"end":{"line":11,"column":29}}]},"2":{"loc":{"start":{"line":19,"column":4},"end":{"line":21,"column":null}},"type":"if","locations":[{"start":{"line":19,"column":4},"end":{"line":21,"column":null}}]},"3":{"loc":{"start":{"line":28,"column":4},"end":{"line":33,"column":null}},"type":"if","locations":[{"start":{"line":28,"column":4},"end":{"line":33,"column":null}}]},"4":{"loc":{"start":{"line":36,"column":4},"end":{"line":41,"column":null}},"type":"if","locations":[{"start":{"line":36,"column":4},"end":{"line":41,"column":null}}]},"5":{"loc":{"start":{"line":46,"column":4},"end":{"line":51,"column":null}},"type":"if","locations":[{"start":{"line":46,"column":4},"end":{"line":51,"column":null}}]}},"s":{"0":0,"1":0,"2":0,"3":0,"4":0,"5":0,"6":0,"7":0,"8":0,"9":0,"10":0,"11":0,"12":0,"13":0,"14":0,"15":0,"16":0,"17":0,"18":0,"19":0,"20":0,"21":0,"22":0,"23":0,"24":0,"25":0},"f":{"0":0},"b":{"0":[0],"1":[0,0],"2":[0],"3":[0],"4":[0],"5":[0]}}
,"D:\\v7\\v8\\app\\api\\auth\\logout\\route.ts": {"path":"D:\\v7\\v8\\app\\api\\auth\\logout\\route.ts","statementMap":{"0":{"start":{"line":3,"column":22},"end":{"line":3,"column":null}},"1":{"start":{"line":1,"column":29},"end":{"line":1,"column":null}},"2":{"start":{"line":5,"column":19},"end":{"line":5,"column":null}},"3":{"start":{"line":8,"column":2},"end":{"line":8,"column":null}},"4":{"start":{"line":10,"column":2},"end":{"line":10,"column":null}}},"fnMap":{"0":{"name":"GET","decl":{"start":{"line":3,"column":22},"end":{"line":3,"column":null}},"loc":{"start":{"line":3,"column":22},"end":{"line":11,"column":null}}}},"branchMap":{"0":{"loc":{"start":{"line":5,"column":59},"end":{"line":5,"column":null}},"type":"binary-expr","locations":[{"start":{"line":5,"column":59},"end":{"line":5,"column":83}},{"start":{"line":5,"column":87},"end":{"line":5,"column":null}}]}},"s":{"0":0,"1":0,"2":0,"3":0,"4":0},"f":{"0":0},"b":{"0":[0,0]}}
,"D:\\v7\\v8\\app\\api\\auth\\register\\route.ts": {"path":"D:\\v7\\v8\\app\\api\\auth\\register\\route.ts","statementMap":{"0":{"start":{"line":5,"column":22},"end":{"line":5,"column":27}},"1":{"start":{"line":1,"column":29},"end":{"line":1,"column":null}},"2":{"start":{"line":2,"column":21},"end":{"line":2,"column":null}},"3":{"start":{"line":3,"column":23},"end":{"line":3,"column":null}},"4":{"start":{"line":6,"column":2},"end":{"line":45,"column":null}},"5":{"start":{"line":7,"column":38},"end":{"line":7,"column":null}},"6":{"start":{"line":10,"column":25},"end":{"line":14,"column":null}},"7":{"start":{"line":16,"column":4},"end":{"line":21,"column":null}},"8":{"start":{"line":17,"column":6},"end":{"line":19,"column":null}},"9":{"start":{"line":24,"column":27},"end":{"line":24,"column":null}},"10":{"start":{"line":27,"column":17},"end":{"line":33,"column":null}},"11":{"start":{"line":36,"column":52},"end":{"line":36,"column":null}},"12":{"start":{"line":38,"column":4},"end":{"line":38,"column":null}},"13":{"start":{"line":40,"column":4},"end":{"line":40,"column":null}},"14":{"start":{"line":41,"column":4},"end":{"line":43,"column":null}}},"fnMap":{"0":{"name":"POST","decl":{"start":{"line":5,"column":22},"end":{"line":5,"column":27}},"loc":{"start":{"line":5,"column":39},"end":{"line":46,"column":null}}}},"branchMap":{"0":{"loc":{"start":{"line":16,"column":4},"end":{"line":21,"column":null}},"type":"if","locations":[{"start":{"line":16,"column":4},"end":{"line":21,"column":null}}]}},"s":{"0":0,"1":0,"2":0,"3":0,"4":0,"5":0,"6":0,"7":0,"8":0,"9":0,"10":0,"11":0,"12":0,"13":0,"14":0},"f":{"0":0},"b":{"0":[0]}}
,"D:\\v7\\v8\\app\\api\\auth\\session\\route.ts": {"path":"D:\\v7\\v8\\app\\api\\auth\\session\\route.ts","statementMap":{"0":{"start":{"line":6,"column":22},"end":{"line":6,"column":null}},"1":{"start":{"line":1,"column":29},"end":{"line":1,"column":null}},"2":{"start":{"line":2,"column":24},"end":{"line":2,"column":null}},"3":{"start":{"line":3,"column":23},"end":{"line":3,"column":null}},"4":{"start":{"line":4,"column":23},"end":{"line":4,"column":null}},"5":{"start":{"line":7,"column":2},"end":{"line":42,"column":null}},"6":{"start":{"line":8,"column":24},"end":{"line":8,"column":null}},"7":{"start":{"line":9,"column":18},"end":{"line":9,"column":null}},"8":{"start":{"line":11,"column":4},"end":{"line":13,"column":null}},"9":{"start":{"line":12,"column":6},"end":{"line":12,"column":null}},"10":{"start":{"line":15,"column":4},"end":{"line":17,"column":null}},"11":{"start":{"line":16,"column":6},"end":{"line":16,"column":null}},"12":{"start":{"line":19,"column":20},"end":{"line":19,"column":null}},"13":{"start":{"line":24,"column":17},"end":{"line":32,"column":null}},"14":{"start":{"line":34,"column":4},"end":{"line":36,"column":null}},"15":{"start":{"line":35,"column":6},"end":{"line":35,"column":null}},"16":{"start":{"line":38,"column":4},"end":{"line":38,"column":null}},"17":{"start":{"line":40,"column":4},"end":{"line":40,"column":null}},"18":{"start":{"line":41,"column":4},"end":{"line":41,"column":null}}},"fnMap":{"0":{"name":"GET","decl":{"start":{"line":6,"column":22},"end":{"line":6,"column":null}},"loc":{"start":{"line":6,"column":22},"end":{"line":43,"column":null}}}},"branchMap":{"0":{"loc":{"start":{"line":11,"column":4},"end":{"line":13,"column":null}},"type":"if","locations":[{"start":{"line":11,"column":4},"end":{"line":13,"column":null}}]},"1":{"loc":{"start":{"line":15,"column":4},"end":{"line":17,"column":null}},"type":"if","locations":[{"start":{"line":15,"column":4},"end":{"line":17,"column":null}}]},"2":{"loc":{"start":{"line":34,"column":4},"end":{"line":36,"column":null}},"type":"if","locations":[{"start":{"line":34,"column":4},"end":{"line":36,"column":null}}]}},"s":{"0":0,"1":0,"2":0,"3":0,"4":0,"5":0,"6":0,"7":0,"8":0,"9":0,"10":0,"11":0,"12":0,"13":0,"14":0,"15":0,"16":0,"17":0,"18":0},"f":{"0":0},"b":{"0":[0],"1":[0],"2":[0]}}
,"D:\\v7\\v8\\app\\api\\bugs\\route.ts": {"path":"D:\\v7\\v8\\app\\api\\bugs\\route.ts","statementMap":{"0":{"start":{"line":8,"column":22},"end":{"line":8,"column":25}},"1":{"start":{"line":90,"column":22},"end":{"line":90,"column":26}},"2":{"start":{"line":1,"column":29},"end":{"line":1,"column":null}},"3":{"start":{"line":2,"column":23},"end":{"line":2,"column":null}},"4":{"start":{"line":3,"column":26},"end":{"line":3,"column":null}},"5":{"start":{"line":4,"column":21},"end":{"line":4,"column":null}},"6":{"start":{"line":9,"column":2},"end":{"line":87,"column":null}},"7":{"start":{"line":10,"column":29},"end":{"line":10,"column":null}},"8":{"start":{"line":11,"column":19},"end":{"line":11,"column":null}},"9":{"start":{"line":12,"column":22},"end":{"line":12,"column":null}},"10":{"start":{"line":13,"column":19},"end":{"line":13,"column":null}},"11":{"start":{"line":14,"column":23},"end":{"line":14,"column":null}},"12":{"start":{"line":15,"column":23},"end":{"line":15,"column":null}},"13":{"start":{"line":16,"column":25},"end":{"line":16,"column":null}},"14":{"start":{"line":17,"column":23},"end":{"line":17,"column":null}},"15":{"start":{"line":18,"column":19},"end":{"line":18,"column":null}},"16":{"start":{"line":20,"column":23},"end":{"line":20,"column":null}},"17":{"start":{"line":22,"column":4},"end":{"line":24,"column":null}},"18":{"start":{"line":23,"column":6},"end":{"line":23,"column":null}},"19":{"start":{"line":26,"column":4},"end":{"line":28,"column":null}},"20":{"start":{"line":27,"column":6},"end":{"line":27,"column":null}},"21":{"start":{"line":30,"column":4},"end":{"line":35,"column":null}},"22":{"start":{"line":31,"column":6},"end":{"line":34,"column":null}},"23":{"start":{"line":37,"column":4},"end":{"line":39,"column":null}},"24":{"start":{"line":38,"column":6},"end":{"line":38,"column":null}},"25":{"start":{"line":41,"column":4},"end":{"line":43,"column":null}},"26":{"start":{"line":42,"column":6},"end":{"line":42,"column":null}},"27":{"start":{"line":45,"column":4},"end":{"line":47,"column":null}},"28":{"start":{"line":46,"column":6},"end":{"line":46,"column":null}},"29":{"start":{"line":49,"column":4},"end":{"line":51,"column":null}},"30":{"start":{"line":50,"column":6},"end":{"line":50,"column":null}},"31":{"start":{"line":53,"column":17},"end":{"line":78,"column":null}},"32":{"start":{"line":80,"column":4},"end":{"line":80,"column":null}},"33":{"start":{"line":82,"column":4},"end":{"line":82,"column":null}},"34":{"start":{"line":83,"column":4},"end":{"line":85,"column":null}},"35":{"start":{"line":91,"column":2},"end":{"line":243,"column":null}},"36":{"start":{"line":92,"column":21},"end":{"line":92,"column":null}},"37":{"start":{"line":93,"column":4},"end":{"line":93,"column":null}},"38":{"start":{"line":95,"column":18},"end":{"line":95,"column":null}},"39":{"start":{"line":96,"column":24},"end":{"line":96,"column":null}},"40":{"start":{"line":97,"column":29},"end":{"line":97,"column":null}},"41":{"start":{"line":98,"column":21},"end":{"line":98,"column":null}},"42":{"start":{"line":99,"column":21},"end":{"line":99,"column":null}},"43":{"start":{"line":100,"column":22},"end":{"line":100,"column":null}},"44":{"start":{"line":101,"column":23},"end":{"line":101,"column":null}},"45":{"start":{"line":102,"column":23},"end":{"line":102,"column":null}},"46":{"start":{"line":103,"column":18},"end":{"line":103,"column":null}},"47":{"start":{"line":106,"column":4},"end":{"line":117,"column":null}},"48":{"start":{"line":107,"column":6},"end":{"line":112,"column":null}},"49":{"start":{"line":113,"column":6},"end":{"line":115,"column":null}},"50":{"start":{"line":120,"column":20},"end":{"line":122,"column":null}},"51":{"start":{"line":124,"column":4},"end":{"line":127,"column":null}},"52":{"start":{"line":125,"column":6},"end":{"line":125,"column":null}},"53":{"start":{"line":126,"column":6},"end":{"line":126,"column":null}},"54":{"start":{"line":130,"column":21},"end":{"line":132,"column":null}},"55":{"start":{"line":134,"column":4},"end":{"line":139,"column":null}},"56":{"start":{"line":135,"column":6},"end":{"line":137,"column":null}},"57":{"start":{"line":142,"column":4},"end":{"line":153,"column":null}},"58":{"start":{"line":143,"column":23},"end":{"line":145,"column":null}},"59":{"start":{"line":147,"column":6},"end":{"line":152,"column":null}},"60":{"start":{"line":148,"column":8},"end":{"line":150,"column":null}},"61":{"start":{"line":156,"column":16},"end":{"line":185,"column":null}},"62":{"start":{"line":188,"column":4},"end":{"line":225,"column":null}},"63":{"start":{"line":189,"column":6},"end":{"line":224,"column":null}},"64":{"start":{"line":191,"column":26},"end":{"line":191,"column":null}},"65":{"start":{"line":192,"column":8},"end":{"line":192,"column":null}},"66":{"start":{"line":194,"column":31},"end":{"line":217,"column":null}},"67":{"start":{"line":195,"column":24},"end":{"line":195,"column":null}},"68":{"start":{"line":196,"column":25},"end":{"line":196,"column":null}},"69":{"start":{"line":199,"column":31},"end":{"line":200,"column":null}},"70":{"start":{"line":202,"column":27},"end":{"line":202,"column":57}},"71":{"start":{"line":205,"column":27},"end":{"line":205,"column":null}},"72":{"start":{"line":206,"column":10},"end":{"line":206,"column":null}},"73":{"start":{"line":209,"column":10},"end":{"line":216,"column":null}},"74":{"start":{"line":219,"column":8},"end":{"line":219,"column":null}},"75":{"start":{"line":221,"column":8},"end":{"line":221,"column":null}},"76":{"start":{"line":228,"column":4},"end":{"line":234,"column":null}},"77":{"start":{"line":236,"column":4},"end":{"line":236,"column":null}},"78":{"start":{"line":238,"column":4},"end":{"line":238,"column":null}},"79":{"start":{"line":239,"column":4},"end":{"line":241,"column":null}},"80":{"start":{"line":246,"column":14},"end":{"line":252,"column":null}},"81":{"start":{"line":254,"column":17},"end":{"line":259,"column":null}},"82":{"start":{"line":254,"column":38},"end":{"line":259,"column":null}}},"fnMap":{"0":{"name":"GET","decl":{"start":{"line":8,"column":22},"end":{"line":8,"column":25}},"loc":{"start":{"line":8,"column":38},"end":{"line":88,"column":null}}},"1":{"name":"POST","decl":{"start":{"line":90,"column":22},"end":{"line":90,"column":26}},"loc":{"start":{"line":90,"column":39},"end":{"line":244,"column":null}}},"2":{"name":"(anonymous_5)","decl":{"start":{"line":194,"column":41},"end":{"line":194,"column":48}},"loc":{"start":{"line":194,"column":48},"end":{"line":217,"column":null}}},"3":{"name":"(anonymous_6)","decl":{"start":{"line":254,"column":27},"end":{"line":254,"column":28}},"loc":{"start":{"line":254,"column":38},"end":{"line":259,"column":null}}}},"branchMap":{"0":{"loc":{"start":{"line":22,"column":4},"end":{"line":24,"column":null}},"type":"if","locations":[{"start":{"line":22,"column":4},"end":{"line":24,"column":null}}]},"1":{"loc":{"start":{"line":22,"column":8},"end":{"line":22,"column":36}},"type":"binary-expr","locations":[{"start":{"line":22,"column":8},"end":{"line":22,"column":18}},{"start":{"line":22,"column":18},"end":{"line":22,"column":36}}]},"2":{"loc":{"start":{"line":26,"column":4},"end":{"line":28,"column":null}},"type":"if","locations":[{"start":{"line":26,"column":4},"end":{"line":28,"column":null}}]},"3":{"loc":{"start":{"line":26,"column":8},"end":{"line":26,"column":42}},"type":"binary-expr","locations":[{"start":{"line":26,"column":8},"end":{"line":26,"column":21}},{"start":{"line":26,"column":21},"end":{"line":26,"column":42}}]},"4":{"loc":{"start":{"line":30,"column":4},"end":{"line":35,"column":null}},"type":"if","locations":[{"start":{"line":30,"column":4},"end":{"line":35,"column":null}}]},"5":{"loc":{"start":{"line":37,"column":4},"end":{"line":39,"column":null}},"type":"if","locations":[{"start":{"line":37,"column":4},"end":{"line":39,"column":null}}]},"6":{"loc":{"start":{"line":41,"column":4},"end":{"line":43,"column":null}},"type":"if","locations":[{"start":{"line":41,"column":4},"end":{"line":43,"column":null}}]},"7":{"loc":{"start":{"line":45,"column":4},"end":{"line":47,"column":null}},"type":"if","locations":[{"start":{"line":45,"column":4},"end":{"line":47,"column":null}}]},"8":{"loc":{"start":{"line":45,"column":8},"end":{"line":45,"column":32}},"type":"binary-expr","locations":[{"start":{"line":45,"column":8},"end":{"line":45,"column":24}},{"start":{"line":45,"column":24},"end":{"line":45,"column":32}}]},"9":{"loc":{"start":{"line":49,"column":4},"end":{"line":51,"column":null}},"type":"if","locations":[{"start":{"line":49,"column":4},"end":{"line":51,"column":null}}]},"10":{"loc":{"start":{"line":106,"column":4},"end":{"line":117,"column":null}},"type":"if","locations":[{"start":{"line":106,"column":4},"end":{"line":117,"column":null}}]},"11":{"loc":{"start":{"line":106,"column":8},"end":{"line":106,"column":61}},"type":"binary-expr","locations":[{"start":{"line":106,"column":8},"end":{"line":106,"column":18}},{"start":{"line":106,"column":18},"end":{"line":106,"column":34}},{"start":{"line":106,"column":34},"end":{"line":106,"column":48}},{"start":{"line":106,"column":48},"end":{"line":106,"column":61}}]},"12":{"loc":{"start":{"line":124,"column":4},"end":{"line":127,"column":null}},"type":"if","locations":[{"start":{"line":124,"column":4},"end":{"line":127,"column":null}}]},"13":{"loc":{"start":{"line":134,"column":4},"end":{"line":139,"column":null}},"type":"if","locations":[{"start":{"line":134,"column":4},"end":{"line":139,"column":null}}]},"14":{"loc":{"start":{"line":142,"column":4},"end":{"line":153,"column":null}},"type":"if","locations":[{"start":{"line":142,"column":4},"end":{"line":153,"column":null}}]},"15":{"loc":{"start":{"line":147,"column":6},"end":{"line":152,"column":null}},"type":"if","locations":[{"start":{"line":147,"column":6},"end":{"line":152,"column":null}}]},"16":{"loc":{"start":{"line":161,"column":18},"end":{"line":161,"column":null}},"type":"binary-expr","locations":[{"start":{"line":161,"column":18},"end":{"line":161,"column":30}},{"start":{"line":161,"column":30},"end":{"line":161,"column":null}}]},"17":{"loc":{"start":{"line":162,"column":18},"end":{"line":162,"column":null}},"type":"binary-expr","locations":[{"start":{"line":162,"column":18},"end":{"line":162,"column":30}},{"start":{"line":162,"column":30},"end":{"line":162,"column":null}}]},"18":{"loc":{"start":{"line":188,"column":4},"end":{"line":225,"column":null}},"type":"if","locations":[{"start":{"line":188,"column":4},"end":{"line":225,"column":null}}]},"19":{"loc":{"start":{"line":214,"column":24},"end":{"line":214,"column":null}},"type":"binary-expr","locations":[{"start":{"line":214,"column":24},"end":{"line":214,"column":33}},{"start":{"line":214,"column":37},"end":{"line":214,"column":null}}]}},"s":{"0":0,"1":0,"2":0,"3":0,"4":0,"5":0,"6":0,"7":0,"8":0,"9":0,"10":0,"11":0,"12":0,"13":0,"14":0,"15":0,"16":0,"17":0,"18":0,"19":0,"20":0,"21":0,"22":0,"23":0,"24":0,"25":0,"26":0,"27":0,"28":0,"29":0,"30":0,"31":0,"32":0,"33":0,"34":0,"35":0,"36":0,"37":0,"38":0,"39":0,"40":0,"41":0,"42":0,"43":0,"44":0,"45":0,"46":0,"47":0,"48":0,"49":0,"50":0,"51":0,"52":0,"53":0,"54":0,"55":0,"56":0,"57":0,"58":0,"59":0,"60":0,"61":0,"62":0,"63":0,"64":0,"65":0,"66":0,"67":0,"68":0,"69":0,"70":0,"71":0,"72":0,"73":0,"74":0,"75":0,"76":0,"77":0,"78":0,"79":0,"80":0,"81":0,"82":0},"f":{"0":0,"1":0,"2":0,"3":0},"b":{"0":[0],"1":[0,0],"2":[0],"3":[0,0],"4":[0],"5":[0],"6":[0],"7":[0],"8":[0,0],"9":[0],"10":[0],"11":[0,0,0,0],"12":[0],"13":[0],"14":[0],"15":[0],"16":[0,0],"17":[0,0],"18":[0],"19":[0,0]}}
,"D:\\v7\\v8\\app\\api\\bugs\\[id]\\route.ts": {"path":"D:\\v7\\v8\\app\\api\\bugs\\[id]\\route.ts","statementMap":{"0":{"start":{"line":4,"column":22},"end":{"line":4,"column":25}},"1":{"start":{"line":74,"column":22},"end":{"line":74,"column":27}},"2":{"start":{"line":202,"column":22},"end":{"line":202,"column":26}},"3":{"start":{"line":1,"column":29},"end":{"line":1,"column":null}},"4":{"start":{"line":2,"column":23},"end":{"line":2,"column":null}},"5":{"start":{"line":8,"column":2},"end":{"line":71,"column":null}},"6":{"start":{"line":9,"column":18},"end":{"line":9,"column":27}},"7":{"start":{"line":12,"column":16},"end":{"line":58,"column":null}},"8":{"start":{"line":60,"column":4},"end":{"line":62,"column":null}},"9":{"start":{"line":61,"column":6},"end":{"line":61,"column":null}},"10":{"start":{"line":64,"column":4},"end":{"line":64,"column":null}},"11":{"start":{"line":66,"column":4},"end":{"line":66,"column":null}},"12":{"start":{"line":67,"column":4},"end":{"line":69,"column":null}},"13":{"start":{"line":78,"column":2},"end":{"line":199,"column":null}},"14":{"start":{"line":79,"column":18},"end":{"line":79,"column":27}},"15":{"start":{"line":89,"column":8},"end":{"line":89,"column":null}},"16":{"start":{"line":92,"column":23},"end":{"line":101,"column":null}},"17":{"start":{"line":103,"column":4},"end":{"line":105,"column":null}},"18":{"start":{"line":104,"column":6},"end":{"line":104,"column":null}},"19":{"start":{"line":108,"column":16},"end":{"line":121,"column":null}},"20":{"start":{"line":124,"column":23},"end":{"line":124,"column":25}},"21":{"start":{"line":126,"column":4},"end":{"line":143,"column":null}},"22":{"start":{"line":127,"column":23},"end":{"line":141,"column":null}},"23":{"start":{"line":142,"column":6},"end":{"line":142,"column":null}},"24":{"start":{"line":145,"column":4},"end":{"line":162,"column":null}},"25":{"start":{"line":146,"column":23},"end":{"line":160,"column":null}},"26":{"start":{"line":161,"column":6},"end":{"line":161,"column":null}},"27":{"start":{"line":164,"column":4},"end":{"line":190,"column":null}},"28":{"start":{"line":165,"column":23},"end":{"line":172,"column":null}},"29":{"start":{"line":174,"column":23},"end":{"line":188,"column":null}},"30":{"start":{"line":189,"column":6},"end":{"line":189,"column":null}},"31":{"start":{"line":192,"column":4},"end":{"line":192,"column":null}},"32":{"start":{"line":194,"column":4},"end":{"line":194,"column":null}},"33":{"start":{"line":195,"column":4},"end":{"line":197,"column":null}}},"fnMap":{"0":{"name":"GET","decl":{"start":{"line":4,"column":22},"end":{"line":4,"column":25}},"loc":{"start":{"line":6,"column":40},"end":{"line":72,"column":null}}},"1":{"name":"PATCH","decl":{"start":{"line":74,"column":22},"end":{"line":74,"column":27}},"loc":{"start":{"line":76,"column":40},"end":{"line":200,"column":null}}},"2":{"name":"POST","decl":{"start":{"line":202,"column":22},"end":{"line":202,"column":26}},"loc":{"start":{"line":202,"column":39},"end":{"line":205,"column":null}}}},"branchMap":{"0":{"loc":{"start":{"line":60,"column":4},"end":{"line":62,"column":null}},"type":"if","locations":[{"start":{"line":60,"column":4},"end":{"line":62,"column":null}}]},"1":{"loc":{"start":{"line":103,"column":4},"end":{"line":105,"column":null}},"type":"if","locations":[{"start":{"line":103,"column":4},"end":{"line":105,"column":null}}]},"2":{"loc":{"start":{"line":113,"column":12},"end":{"line":113,"column":30}},"type":"binary-expr","locations":[{"start":{"line":113,"column":12},"end":{"line":113,"column":21}},{"start":{"line":113,"column":21},"end":{"line":113,"column":30}}]},"3":{"loc":{"start":{"line":114,"column":12},"end":{"line":114,"column":42}},"type":"binary-expr","locations":[{"start":{"line":114,"column":12},"end":{"line":114,"column":27}},{"start":{"line":114,"column":27},"end":{"line":114,"column":42}}]},"4":{"loc":{"start":{"line":115,"column":12},"end":{"line":115,"column":52}},"type":"binary-expr","locations":[{"start":{"line":115,"column":12},"end":{"line":115,"column":32}},{"start":{"line":115,"column":32},"end":{"line":115,"column":52}}]},"5":{"loc":{"start":{"line":116,"column":12},"end":{"line":116,"column":32}},"type":"binary-expr","locations":[{"start":{"line":116,"column":12},"end":{"line":116,"column":22}},{"start":{"line":116,"column":22},"end":{"line":116,"column":32}}]},"6":{"loc":{"start":{"line":117,"column":12},"end":{"line":117,"column":36}},"type":"binary-expr","locations":[{"start":{"line":117,"column":12},"end":{"line":117,"column":24}},{"start":{"line":117,"column":24},"end":{"line":117,"column":36}}]},"7":{"loc":{"start":{"line":118,"column":12},"end":{"line":118,"column":36}},"type":"binary-expr","locations":[{"start":{"line":118,"column":12},"end":{"line":118,"column":24}},{"start":{"line":118,"column":24},"end":{"line":118,"column":36}}]},"8":{"loc":{"start":{"line":119,"column":12},"end":{"line":119,"column":54}},"type":"binary-expr","locations":[{"start":{"line":119,"column":12},"end":{"line":119,"column":40}},{"start":{"line":119,"column":40},"end":{"line":119,"column":54}}]},"9":{"loc":{"start":{"line":126,"column":4},"end":{"line":143,"column":null}},"type":"if","locations":[{"start":{"line":126,"column":4},"end":{"line":143,"column":null}}]},"10":{"loc":{"start":{"line":126,"column":8},"end":{"line":126,"column":46}},"type":"binary-expr","locations":[{"start":{"line":126,"column":8},"end":{"line":126,"column":18}},{"start":{"line":126,"column":18},"end":{"line":126,"column":46}}]},"11":{"loc":{"start":{"line":145,"column":4},"end":{"line":162,"column":null}},"type":"if","locations":[{"start":{"line":145,"column":4},"end":{"line":162,"column":null}}]},"12":{"loc":{"start":{"line":145,"column":8},"end":{"line":145,"column":52}},"type":"binary-expr","locations":[{"start":{"line":145,"column":8},"end":{"line":145,"column":20}},{"start":{"line":145,"column":20},"end":{"line":145,"column":52}}]},"13":{"loc":{"start":{"line":164,"column":4},"end":{"line":190,"column":null}},"type":"if","locations":[{"start":{"line":164,"column":4},"end":{"line":190,"column":null}}]},"14":{"loc":{"start":{"line":164,"column":8},"end":{"line":164,"column":58}},"type":"binary-expr","locations":[{"start":{"line":164,"column":8},"end":{"line":164,"column":22}},{"start":{"line":164,"column":22},"end":{"line":164,"column":58}}]}},"s":{"0":0,"1":0,"2":0,"3":0,"4":0,"5":0,"6":0,"7":0,"8":0,"9":0,"10":0,"11":0,"12":0,"13":0,"14":0,"15":0,"16":0,"17":0,"18":0,"19":0,"20":0,"21":0,"22":0,"23":0,"24":0,"25":0,"26":0,"27":0,"28":0,"29":0,"30":0,"31":0,"32":0,"33":0},"f":{"0":0,"1":0,"2":0},"b":{"0":[0],"1":[0],"2":[0,0],"3":[0,0],"4":[0,0],"5":[0,0],"6":[0,0],"7":[0,0],"8":[0,0],"9":[0],"10":[0,0],"11":[0],"12":[0,0],"13":[0],"14":[0,0]}}
,"D:\\v7\\v8\\app\\api\\bugs\\[id]\\attachments\\route.ts": {"path":"D:\\v7\\v8\\app\\api\\bugs\\[id]\\attachments\\route.ts","statementMap":{"0":{"start":{"line":7,"column":22},"end":{"line":7,"column":null}},"1":{"start":{"line":1,"column":29},"end":{"line":1,"column":null}},"2":{"start":{"line":2,"column":23},"end":{"line":2,"column":null}},"3":{"start":{"line":3,"column":26},"end":{"line":3,"column":null}},"4":{"start":{"line":4,"column":21},"end":{"line":4,"column":null}},"5":{"start":{"line":11,"column":2},"end":{"line":51,"column":null}},"6":{"start":{"line":12,"column":18},"end":{"line":12,"column":27}},"7":{"start":{"line":13,"column":21},"end":{"line":13,"column":null}},"8":{"start":{"line":14,"column":18},"end":{"line":14,"column":null}},"9":{"start":{"line":17,"column":22},"end":{"line":17,"column":null}},"10":{"start":{"line":18,"column":4},"end":{"line":18,"column":null}},"11":{"start":{"line":21,"column":4},"end":{"line":42,"column":null}},"12":{"start":{"line":22,"column":6},"end":{"line":41,"column":null}},"13":{"start":{"line":23,"column":22},"end":{"line":23,"column":null}},"14":{"start":{"line":24,"column":23},"end":{"line":24,"column":null}},"15":{"start":{"line":25,"column":25},"end":{"line":25,"column":53}},"16":{"start":{"line":26,"column":25},"end":{"line":26,"column":null}},"17":{"start":{"line":29,"column":8},"end":{"line":29,"column":null}},"18":{"start":{"line":32,"column":8},"end":{"line":40,"column":null}},"19":{"start":{"line":44,"column":4},"end":{"line":44,"column":null}},"20":{"start":{"line":46,"column":4},"end":{"line":46,"column":null}},"21":{"start":{"line":47,"column":4},"end":{"line":49,"column":null}}},"fnMap":{"0":{"name":"POST","decl":{"start":{"line":7,"column":22},"end":{"line":7,"column":null}},"loc":{"start":{"line":9,"column":40},"end":{"line":52,"column":null}}}},"branchMap":{"0":{"loc":{"start":{"line":22,"column":6},"end":{"line":41,"column":null}},"type":"if","locations":[{"start":{"line":22,"column":6},"end":{"line":41,"column":null}}]}},"s":{"0":0,"1":0,"2":0,"3":0,"4":0,"5":0,"6":0,"7":0,"8":0,"9":0,"10":0,"11":0,"12":0,"13":0,"14":0,"15":0,"16":0,"17":0,"18":0,"19":0,"20":0,"21":0},"f":{"0":0},"b":{"0":[0]}}
,"D:\\v7\\v8\\app\\api\\bugs\\attachments\\route.ts": {"path":"D:\\v7\\v8\\app\\api\\bugs\\attachments\\route.ts","statementMap":{"0":{"start":{"line":5,"column":22},"end":{"line":5,"column":27}},"1":{"start":{"line":1,"column":29},"end":{"line":1,"column":null}},"2":{"start":{"line":2,"column":23},"end":{"line":2,"column":null}},"3":{"start":{"line":3,"column":61},"end":{"line":3,"column":null}},"4":{"start":{"line":6,"column":2},"end":{"line":68,"column":null}},"5":{"start":{"line":7,"column":21},"end":{"line":7,"column":null}},"6":{"start":{"line":8,"column":18},"end":{"line":8,"column":null}},"7":{"start":{"line":9,"column":17},"end":{"line":9,"column":null}},"8":{"start":{"line":11,"column":4},"end":{"line":16,"column":null}},"9":{"start":{"line":12,"column":6},"end":{"line":14,"column":null}},"10":{"start":{"line":19,"column":4},"end":{"line":21,"column":null}},"11":{"start":{"line":20,"column":6},"end":{"line":20,"column":null}},"12":{"start":{"line":23,"column":4},"end":{"line":28,"column":null}},"13":{"start":{"line":24,"column":6},"end":{"line":26,"column":null}},"14":{"start":{"line":31,"column":16},"end":{"line":33,"column":null}},"15":{"start":{"line":35,"column":4},"end":{"line":37,"column":null}},"16":{"start":{"line":36,"column":6},"end":{"line":36,"column":null}},"17":{"start":{"line":40,"column":20},"end":{"line":40,"column":null}},"18":{"start":{"line":43,"column":23},"end":{"line":50,"column":null}},"19":{"start":{"line":53,"column":4},"end":{"line":59,"column":null}},"20":{"start":{"line":61,"column":4},"end":{"line":61,"column":null}},"21":{"start":{"line":63,"column":4},"end":{"line":63,"column":null}},"22":{"start":{"line":64,"column":4},"end":{"line":66,"column":null}}},"fnMap":{"0":{"name":"POST","decl":{"start":{"line":5,"column":22},"end":{"line":5,"column":27}},"loc":{"start":{"line":5,"column":39},"end":{"line":69,"column":null}}}},"branchMap":{"0":{"loc":{"start":{"line":11,"column":4},"end":{"line":16,"column":null}},"type":"if","locations":[{"start":{"line":11,"column":4},"end":{"line":16,"column":null}}]},"1":{"loc":{"start":{"line":11,"column":8},"end":{"line":11,"column":25}},"type":"binary-expr","locations":[{"start":{"line":11,"column":8},"end":{"line":11,"column":18}},{"start":{"line":11,"column":18},"end":{"line":11,"column":25}}]},"2":{"loc":{"start":{"line":19,"column":4},"end":{"line":21,"column":null}},"type":"if","locations":[{"start":{"line":19,"column":4},"end":{"line":21,"column":null}}]},"3":{"loc":{"start":{"line":23,"column":4},"end":{"line":28,"column":null}},"type":"if","locations":[{"start":{"line":23,"column":4},"end":{"line":28,"column":null}}]},"4":{"loc":{"start":{"line":35,"column":4},"end":{"line":37,"column":null}},"type":"if","locations":[{"start":{"line":35,"column":4},"end":{"line":37,"column":null}}]},"5":{"loc":{"start":{"line":57,"column":16},"end":{"line":57,"column":null}},"type":"binary-expr","locations":[{"start":{"line":57,"column":16},"end":{"line":57,"column":48}},{"start":{"line":57,"column":48},"end":{"line":57,"column":null}}]}},"s":{"0":0,"1":0,"2":0,"3":0,"4":0,"5":0,"6":0,"7":0,"8":0,"9":0,"10":0,"11":0,"12":0,"13":0,"14":0,"15":0,"16":0,"17":0,"18":0,"19":0,"20":0,"21":0,"22":0},"f":{"0":0},"b":{"0":[0],"1":[0,0],"2":[0],"3":[0],"4":[0],"5":[0,0]}}
,"D:\\v7\\v8\\app\\api\\ci-report\\route.ts": {"path":"D:\\v7\\v8\\app\\api\\ci-report\\route.ts","statementMap":{"0":{"start":{"line":4,"column":22},"end":{"line":4,"column":27}},"1":{"start":{"line":1,"column":29},"end":{"line":1,"column":null}},"2":{"start":{"line":2,"column":23},"end":{"line":2,"column":null}},"3":{"start":{"line":5,"column":2},"end":{"line":44,"column":null}},"4":{"start":{"line":6,"column":44},"end":{"line":6,"column":null}},"5":{"start":{"line":7,"column":4},"end":{"line":12,"column":null}},"6":{"start":{"line":8,"column":6},"end":{"line":10,"column":null}},"7":{"start":{"line":14,"column":24},"end":{"line":14,"column":26}},"8":{"start":{"line":15,"column":4},"end":{"line":33,"column":null}},"9":{"start":{"line":16,"column":40},"end":{"line":16,"column":null}},"10":{"start":{"line":17,"column":6},"end":{"line":17,"column":null}},"11":{"start":{"line":17,"column":31},"end":{"line":17,"column":null}},"12":{"start":{"line":18,"column":18},"end":{"line":31,"column":null}},"13":{"start":{"line":32,"column":6},"end":{"line":32,"column":null}},"14":{"start":{"line":34,"column":4},"end":{"line":37,"column":null}},"15":{"start":{"line":39,"column":4},"end":{"line":39,"column":null}},"16":{"start":{"line":40,"column":4},"end":{"line":42,"column":null}}},"fnMap":{"0":{"name":"POST","decl":{"start":{"line":4,"column":22},"end":{"line":4,"column":27}},"loc":{"start":{"line":4,"column":39},"end":{"line":45,"column":null}}}},"branchMap":{"0":{"loc":{"start":{"line":7,"column":4},"end":{"line":12,"column":null}},"type":"if","locations":[{"start":{"line":7,"column":4},"end":{"line":12,"column":null}}]},"1":{"loc":{"start":{"line":7,"column":8},"end":{"line":7,"column":61}},"type":"binary-expr","locations":[{"start":{"line":7,"column":8},"end":{"line":7,"column":22}},{"start":{"line":7,"column":22},"end":{"line":7,"column":35}},{"start":{"line":7,"column":35},"end":{"line":7,"column":61}}]},"2":{"loc":{"start":{"line":17,"column":6},"end":{"line":17,"column":null}},"type":"if","locations":[{"start":{"line":17,"column":6},"end":{"line":17,"column":null}}]},"3":{"loc":{"start":{"line":17,"column":10},"end":{"line":17,"column":31}},"type":"binary-expr","locations":[{"start":{"line":17,"column":10},"end":{"line":17,"column":23}},{"start":{"line":17,"column":23},"end":{"line":17,"column":31}}]},"4":{"loc":{"start":{"line":22,"column":12},"end":{"line":22,"column":null}},"type":"cond-expr","locations":[{"start":{"line":22,"column":19},"end":{"line":22,"column":36}},{"start":{"line":22,"column":39},"end":{"line":22,"column":null}}]}},"s":{"0":0,"1":0,"2":0,"3":0,"4":0,"5":0,"6":0,"7":0,"8":0,"9":0,"10":0,"11":0,"12":0,"13":0,"14":0,"15":0,"16":0},"f":{"0":0},"b":{"0":[0],"1":[0,0,0],"2":[0],"3":[0,0],"4":[0,0]}}
,"D:\\v7\\v8\\app\\api\\comments\\route.ts": {"path":"D:\\v7\\v8\\app\\api\\comments\\route.ts","statementMap":{"0":{"start":{"line":4,"column":22},"end":{"line":4,"column":27}},"1":{"start":{"line":1,"column":29},"end":{"line":1,"column":null}},"2":{"start":{"line":2,"column":23},"end":{"line":2,"column":null}},"3":{"start":{"line":5,"column":2},"end":{"line":38,"column":null}},"4":{"start":{"line":6,"column":39},"end":{"line":6,"column":null}},"5":{"start":{"line":9,"column":20},"end":{"line":23,"column":null}},"6":{"start":{"line":26,"column":4},"end":{"line":32,"column":null}},"7":{"start":{"line":34,"column":4},"end":{"line":34,"column":null}},"8":{"start":{"line":36,"column":4},"end":{"line":36,"column":null}},"9":{"start":{"line":37,"column":4},"end":{"line":37,"column":null}}},"fnMap":{"0":{"name":"POST","decl":{"start":{"line":4,"column":22},"end":{"line":4,"column":27}},"loc":{"start":{"line":4,"column":39},"end":{"line":39,"column":null}}}},"branchMap":{},"s":{"0":0,"1":0,"2":0,"3":0,"4":0,"5":0,"6":0,"7":0,"8":0,"9":0},"f":{"0":0},"b":{}}
,"D:\\v7\\v8\\app\\api\\projects\\route.ts": {"path":"D:\\v7\\v8\\app\\api\\projects\\route.ts","statementMap":{"0":{"start":{"line":4,"column":22},"end":{"line":4,"column":25}},"1":{"start":{"line":52,"column":22},"end":{"line":52,"column":26}},"2":{"start":{"line":1,"column":29},"end":{"line":1,"column":null}},"3":{"start":{"line":2,"column":23},"end":{"line":2,"column":null}},"4":{"start":{"line":5,"column":2},"end":{"line":49,"column":null}},"5":{"start":{"line":6,"column":29},"end":{"line":6,"column":null}},"6":{"start":{"line":7,"column":19},"end":{"line":7,"column":null}},"7":{"start":{"line":8,"column":19},"end":{"line":8,"column":null}},"8":{"start":{"line":11,"column":23},"end":{"line":11,"column":null}},"9":{"start":{"line":12,"column":4},"end":{"line":17,"column":null}},"10":{"start":{"line":13,"column":6},"end":{"line":16,"column":null}},"11":{"start":{"line":18,"column":4},"end":{"line":20,"column":null}},"12":{"start":{"line":19,"column":6},"end":{"line":19,"column":null}},"13":{"start":{"line":23,"column":21},"end":{"line":40,"column":null}},"14":{"start":{"line":42,"column":4},"end":{"line":42,"column":null}},"15":{"start":{"line":44,"column":4},"end":{"line":44,"column":null}},"16":{"start":{"line":45,"column":4},"end":{"line":47,"column":null}},"17":{"start":{"line":53,"column":2},"end":{"line":119,"column":null}},"18":{"start":{"line":54,"column":61},"end":{"line":54,"column":null}},"19":{"start":{"line":56,"column":4},"end":{"line":61,"column":null}},"20":{"start":{"line":57,"column":6},"end":{"line":59,"column":null}},"21":{"start":{"line":64,"column":4},"end":{"line":69,"column":null}},"22":{"start":{"line":65,"column":6},"end":{"line":67,"column":null}},"23":{"start":{"line":72,"column":20},"end":{"line":101,"column":null}},"24":{"start":{"line":86,"column":44},"end":{"line":86,"column":65}},"25":{"start":{"line":87,"column":42},"end":{"line":90,"column":null}},"26":{"start":{"line":104,"column":4},"end":{"line":110,"column":null}},"27":{"start":{"line":112,"column":4},"end":{"line":112,"column":null}},"28":{"start":{"line":114,"column":4},"end":{"line":114,"column":null}},"29":{"start":{"line":115,"column":4},"end":{"line":117,"column":null}}},"fnMap":{"0":{"name":"GET","decl":{"start":{"line":4,"column":22},"end":{"line":4,"column":25}},"loc":{"start":{"line":4,"column":38},"end":{"line":50,"column":null}}},"1":{"name":"POST","decl":{"start":{"line":52,"column":22},"end":{"line":52,"column":26}},"loc":{"start":{"line":52,"column":39},"end":{"line":120,"column":null}}},"2":{"name":"(anonymous_5)","decl":{"start":{"line":86,"column":22},"end":{"line":86,"column":23}},"loc":{"start":{"line":86,"column":44},"end":{"line":86,"column":65}}},"3":{"name":"(anonymous_6)","decl":{"start":{"line":87,"column":19},"end":{"line":87,"column":20}},"loc":{"start":{"line":87,"column":42},"end":{"line":90,"column":null}}}},"branchMap":{"0":{"loc":{"start":{"line":12,"column":4},"end":{"line":17,"column":null}},"type":"if","locations":[{"start":{"line":12,"column":4},"end":{"line":17,"column":null}}]},"1":{"loc":{"start":{"line":18,"column":4},"end":{"line":20,"column":null}},"type":"if","locations":[{"start":{"line":18,"column":4},"end":{"line":20,"column":null}}]},"2":{"loc":{"start":{"line":18,"column":8},"end":{"line":18,"column":36}},"type":"binary-expr","locations":[{"start":{"line":18,"column":8},"end":{"line":18,"column":18}},{"start":{"line":18,"column":18},"end":{"line":18,"column":36}}]},"3":{"loc":{"start":{"line":56,"column":4},"end":{"line":61,"column":null}},"type":"if","locations":[{"start":{"line":56,"column":4},"end":{"line":61,"column":null}}]},"4":{"loc":{"start":{"line":64,"column":4},"end":{"line":69,"column":null}},"type":"if","locations":[{"start":{"line":64,"column":4},"end":{"line":69,"column":null}}]},"5":{"loc":{"start":{"line":85,"column":16},"end":{"line":85,"column":30}},"type":"binary-expr","locations":[{"start":{"line":85,"column":16},"end":{"line":85,"column":29}},{"start":{"line":85,"column":29},"end":{"line":85,"column":30}}]}},"s":{"0":0,"1":0,"2":0,"3":0,"4":0,"5":0,"6":0,"7":0,"8":0,"9":0,"10":0,"11":0,"12":0,"13":0,"14":0,"15":0,"16":0,"17":0,"18":0,"19":0,"20":0,"21":0,"22":0,"23":0,"24":0,"25":0,"26":0,"27":0,"28":0,"29":0},"f":{"0":0,"1":0,"2":0,"3":0},"b":{"0":[0],"1":[0],"2":[0,0],"3":[0],"4":[0],"5":[0,0]}}
,"D:\\v7\\v8\\app\\api\\projects\\[id]\\route.ts": {"path":"D:\\v7\\v8\\app\\api\\projects\\[id]\\route.ts","statementMap":{"0":{"start":{"line":4,"column":22},"end":{"line":4,"column":25}},"1":{"start":{"line":40,"column":22},"end":{"line":40,"column":27}},"2":{"start":{"line":1,"column":29},"end":{"line":1,"column":null}},"3":{"start":{"line":2,"column":23},"end":{"line":2,"column":null}},"4":{"start":{"line":8,"column":2},"end":{"line":37,"column":null}},"5":{"start":{"line":9,"column":22},"end":{"line":9,"column":31}},"6":{"start":{"line":10,"column":20},"end":{"line":24,"column":null}},"7":{"start":{"line":26,"column":4},"end":{"line":28,"column":null}},"8":{"start":{"line":27,"column":6},"end":{"line":27,"column":null}},"9":{"start":{"line":30,"column":4},"end":{"line":30,"column":null}},"10":{"start":{"line":32,"column":4},"end":{"line":32,"column":null}},"11":{"start":{"line":33,"column":4},"end":{"line":35,"column":null}},"12":{"start":{"line":44,"column":2},"end":{"line":87,"column":null}},"13":{"start":{"line":45,"column":22},"end":{"line":45,"column":31}},"14":{"start":{"line":46,"column":17},"end":{"line":46,"column":null}},"15":{"start":{"line":48,"column":74},"end":{"line":48,"column":null}},"16":{"start":{"line":50,"column":19},"end":{"line":50,"column":null}},"17":{"start":{"line":53,"column":28},"end":{"line":53,"column":null}},"18":{"start":{"line":54,"column":4},"end":{"line":54,"column":null}},"19":{"start":{"line":54,"column":28},"end":{"line":54,"column":null}},"20":{"start":{"line":55,"column":4},"end":{"line":55,"column":null}},"21":{"start":{"line":55,"column":35},"end":{"line":55,"column":null}},"22":{"start":{"line":56,"column":4},"end":{"line":56,"column":null}},"23":{"start":{"line":56,"column":30},"end":{"line":56,"column":null}},"24":{"start":{"line":57,"column":4},"end":{"line":57,"column":null}},"25":{"start":{"line":57,"column":30},"end":{"line":57,"column":null}},"26":{"start":{"line":58,"column":4},"end":{"line":58,"column":null}},"27":{"start":{"line":58,"column":35},"end":{"line":58,"column":null}},"28":{"start":{"line":59,"column":4},"end":{"line":59,"column":null}},"29":{"start":{"line":59,"column":33},"end":{"line":59,"column":null}},"30":{"start":{"line":61,"column":20},"end":{"line":67,"column":null}},"31":{"start":{"line":70,"column":4},"end":{"line":78,"column":null}},"32":{"start":{"line":71,"column":6},"end":{"line":77,"column":null}},"33":{"start":{"line":80,"column":4},"end":{"line":80,"column":null}},"34":{"start":{"line":82,"column":4},"end":{"line":82,"column":null}},"35":{"start":{"line":83,"column":4},"end":{"line":85,"column":null}}},"fnMap":{"0":{"name":"GET","decl":{"start":{"line":4,"column":22},"end":{"line":4,"column":25}},"loc":{"start":{"line":6,"column":40},"end":{"line":38,"column":null}}},"1":{"name":"PATCH","decl":{"start":{"line":40,"column":22},"end":{"line":40,"column":27}},"loc":{"start":{"line":42,"column":40},"end":{"line":88,"column":null}}}},"branchMap":{"0":{"loc":{"start":{"line":26,"column":4},"end":{"line":28,"column":null}},"type":"if","locations":[{"start":{"line":26,"column":4},"end":{"line":28,"column":null}}]},"1":{"loc":{"start":{"line":54,"column":4},"end":{"line":54,"column":null}},"type":"if","locations":[{"start":{"line":54,"column":4},"end":{"line":54,"column":null}}]},"2":{"loc":{"start":{"line":55,"column":4},"end":{"line":55,"column":null}},"type":"if","locations":[{"start":{"line":55,"column":4},"end":{"line":55,"column":null}}]},"3":{"loc":{"start":{"line":56,"column":4},"end":{"line":56,"column":null}},"type":"if","locations":[{"start":{"line":56,"column":4},"end":{"line":56,"column":null}}]},"4":{"loc":{"start":{"line":57,"column":4},"end":{"line":57,"column":null}},"type":"if","locations":[{"start":{"line":57,"column":4},"end":{"line":57,"column":null}}]},"5":{"loc":{"start":{"line":58,"column":4},"end":{"line":58,"column":null}},"type":"if","locations":[{"start":{"line":58,"column":4},"end":{"line":58,"column":null}}]},"6":{"loc":{"start":{"line":59,"column":4},"end":{"line":59,"column":null}},"type":"if","locations":[{"start":{"line":59,"column":4},"end":{"line":59,"column":null}}]},"7":{"loc":{"start":{"line":70,"column":4},"end":{"line":78,"column":null}},"type":"if","locations":[{"start":{"line":70,"column":4},"end":{"line":78,"column":null}}]},"8":{"loc":{"start":{"line":70,"column":8},"end":{"line":70,"column":40}},"type":"binary-expr","locations":[{"start":{"line":70,"column":8},"end":{"line":70,"column":18}},{"start":{"line":70,"column":18},"end":{"line":70,"column":40}}]}},"s":{"0":0,"1":0,"2":0,"3":0,"4":0,"5":0,"6":0,"7":0,"8":0,"9":0,"10":0,"11":0,"12":0,"13":0,"14":0,"15":0,"16":0,"17":0,"18":0,"19":0,"20":0,"21":0,"22":0,"23":0,"24":0,"25":0,"26":0,"27":0,"28":0,"29":0,"30":0,"31":0,"32":0,"33":0,"34":0,"35":0},"f":{"0":0,"1":0},"b":{"0":[0],"1":[0],"2":[0],"3":[0],"4":[0],"5":[0],"6":[0],"7":[0],"8":[0,0]}}
,"D:\\v7\\v8\\app\\api\\projects\\[id]\\activities\\route.ts": {"path":"D:\\v7\\v8\\app\\api\\projects\\[id]\\activities\\route.ts","statementMap":{"0":{"start":{"line":4,"column":22},"end":{"line":4,"column":null}},"1":{"start":{"line":1,"column":29},"end":{"line":1,"column":null}},"2":{"start":{"line":2,"column":23},"end":{"line":2,"column":null}},"3":{"start":{"line":8,"column":2},"end":{"line":29,"column":null}},"4":{"start":{"line":9,"column":22},"end":{"line":9,"column":31}},"5":{"start":{"line":10,"column":23},"end":{"line":20,"column":null}},"6":{"start":{"line":22,"column":4},"end":{"line":22,"column":null}},"7":{"start":{"line":24,"column":4},"end":{"line":24,"column":null}},"8":{"start":{"line":25,"column":4},"end":{"line":27,"column":null}}},"fnMap":{"0":{"name":"GET","decl":{"start":{"line":4,"column":22},"end":{"line":4,"column":null}},"loc":{"start":{"line":6,"column":40},"end":{"line":30,"column":null}}}},"branchMap":{},"s":{"0":0,"1":0,"2":0,"3":0,"4":0,"5":0,"6":0,"7":0,"8":0},"f":{"0":0},"b":{}}
,"D:\\v7\\v8\\app\\api\\projects\\[id]\\git\\route.ts": {"path":"D:\\v7\\v8\\app\\api\\projects\\[id]\\git\\route.ts","statementMap":{"0":{"start":{"line":4,"column":22},"end":{"line":4,"column":25}},"1":{"start":{"line":67,"column":22},"end":{"line":67,"column":26}},"2":{"start":{"line":1,"column":29},"end":{"line":1,"column":null}},"3":{"start":{"line":2,"column":23},"end":{"line":2,"column":null}},"4":{"start":{"line":8,"column":13},"end":{"line":8,"column":22}},"5":{"start":{"line":9,"column":2},"end":{"line":64,"column":null}},"6":{"start":{"line":10,"column":19},"end":{"line":10,"column":null}},"7":{"start":{"line":11,"column":4},"end":{"line":16,"column":null}},"8":{"start":{"line":12,"column":6},"end":{"line":14,"column":null}},"9":{"start":{"line":19,"column":20},"end":{"line":35,"column":null}},"10":{"start":{"line":37,"column":4},"end":{"line":42,"column":null}},"11":{"start":{"line":38,"column":6},"end":{"line":40,"column":null}},"12":{"start":{"line":44,"column":4},"end":{"line":46,"column":null}},"13":{"start":{"line":45,"column":6},"end":{"line":45,"column":null}},"14":{"start":{"line":48,"column":20},"end":{"line":55,"column":null}},"15":{"start":{"line":57,"column":4},"end":{"line":57,"column":null}},"16":{"start":{"line":59,"column":4},"end":{"line":59,"column":null}},"17":{"start":{"line":60,"column":4},"end":{"line":62,"column":null}},"18":{"start":{"line":71,"column":13},"end":{"line":71,"column":22}},"19":{"start":{"line":72,"column":2},"end":{"line":150,"column":null}},"20":{"start":{"line":73,"column":19},"end":{"line":73,"column":null}},"21":{"start":{"line":74,"column":4},"end":{"line":79,"column":null}},"22":{"start":{"line":75,"column":6},"end":{"line":77,"column":null}},"23":{"start":{"line":82,"column":20},"end":{"line":91,"column":null}},"24":{"start":{"line":93,"column":4},"end":{"line":98,"column":null}},"25":{"start":{"line":94,"column":6},"end":{"line":96,"column":null}},"26":{"start":{"line":100,"column":46},"end":{"line":100,"column":null}},"27":{"start":{"line":102,"column":4},"end":{"line":107,"column":null}},"28":{"start":{"line":103,"column":6},"end":{"line":105,"column":null}},"29":{"start":{"line":110,"column":27},"end":{"line":114,"column":null}},"30":{"start":{"line":116,"column":4},"end":{"line":121,"column":null}},"31":{"start":{"line":117,"column":6},"end":{"line":119,"column":null}},"32":{"start":{"line":124,"column":27},"end":{"line":132,"column":null}},"33":{"start":{"line":135,"column":4},"end":{"line":141,"column":null}},"34":{"start":{"line":143,"column":4},"end":{"line":143,"column":null}},"35":{"start":{"line":145,"column":4},"end":{"line":145,"column":null}},"36":{"start":{"line":146,"column":4},"end":{"line":148,"column":null}}},"fnMap":{"0":{"name":"GET","decl":{"start":{"line":4,"column":22},"end":{"line":4,"column":25}},"loc":{"start":{"line":6,"column":40},"end":{"line":65,"column":null}}},"1":{"name":"POST","decl":{"start":{"line":67,"column":22},"end":{"line":67,"column":26}},"loc":{"start":{"line":69,"column":40},"end":{"line":151,"column":null}}}},"branchMap":{"0":{"loc":{"start":{"line":11,"column":4},"end":{"line":16,"column":null}},"type":"if","locations":[{"start":{"line":11,"column":4},"end":{"line":16,"column":null}}]},"1":{"loc":{"start":{"line":37,"column":4},"end":{"line":42,"column":null}},"type":"if","locations":[{"start":{"line":37,"column":4},"end":{"line":42,"column":null}}]},"2":{"loc":{"start":{"line":44,"column":4},"end":{"line":46,"column":null}},"type":"if","locations":[{"start":{"line":44,"column":4},"end":{"line":46,"column":null}}]},"3":{"loc":{"start":{"line":74,"column":4},"end":{"line":79,"column":null}},"type":"if","locations":[{"start":{"line":74,"column":4},"end":{"line":79,"column":null}}]},"4":{"loc":{"start":{"line":93,"column":4},"end":{"line":98,"column":null}},"type":"if","locations":[{"start":{"line":93,"column":4},"end":{"line":98,"column":null}}]},"5":{"loc":{"start":{"line":102,"column":4},"end":{"line":107,"column":null}},"type":"if","locations":[{"start":{"line":102,"column":4},"end":{"line":107,"column":null}}]},"6":{"loc":{"start":{"line":102,"column":8},"end":{"line":102,"column":46}},"type":"binary-expr","locations":[{"start":{"line":102,"column":8},"end":{"line":102,"column":19}},{"start":{"line":102,"column":19},"end":{"line":102,"column":35}},{"start":{"line":102,"column":35},"end":{"line":102,"column":46}}]},"7":{"loc":{"start":{"line":116,"column":4},"end":{"line":121,"column":null}},"type":"if","locations":[{"start":{"line":116,"column":4},"end":{"line":121,"column":null}}]}},"s":{"0":0,"1":0,"2":0,"3":0,"4":0,"5":0,"6":0,"7":0,"8":0,"9":0,"10":0,"11":0,"12":0,"13":0,"14":0,"15":0,"16":0,"17":0,"18":0,"19":0,"20":0,"21":0,"22":0,"23":0,"24":0,"25":0,"26":0,"27":0,"28":0,"29":0,"30":0,"31":0,"32":0,"33":0,"34":0,"35":0,"36":0},"f":{"0":0,"1":0},"b":{"0":[0],"1":[0],"2":[0],"3":[0],"4":[0],"5":[0],"6":[0,0,0],"7":[0]}}
,"D:\\v7\\v8\\app\\api\\projects\\[id]\\members\\route.ts": {"path":"D:\\v7\\v8\\app\\api\\projects\\[id]\\members\\route.ts","statementMap":{"0":{"start":{"line":4,"column":22},"end":{"line":4,"column":null}},"1":{"start":{"line":1,"column":29},"end":{"line":1,"column":null}},"2":{"start":{"line":2,"column":23},"end":{"line":2,"column":null}},"3":{"start":{"line":8,"column":2},"end":{"line":73,"column":null}},"4":{"start":{"line":9,"column":22},"end":{"line":9,"column":null}},"5":{"start":{"line":10,"column":19},"end":{"line":10,"column":null}},"6":{"start":{"line":12,"column":4},"end":{"line":17,"column":null}},"7":{"start":{"line":13,"column":6},"end":{"line":15,"column":null}},"8":{"start":{"line":20,"column":17},"end":{"line":22,"column":null}},"9":{"start":{"line":24,"column":4},"end":{"line":26,"column":null}},"10":{"start":{"line":25,"column":6},"end":{"line":25,"column":null}},"11":{"start":{"line":29,"column":27},"end":{"line":36,"column":null}},"12":{"start":{"line":38,"column":4},"end":{"line":43,"column":null}},"13":{"start":{"line":39,"column":6},"end":{"line":41,"column":null}},"14":{"start":{"line":46,"column":19},"end":{"line":55,"column":null}},"15":{"start":{"line":58,"column":4},"end":{"line":64,"column":null}},"16":{"start":{"line":66,"column":4},"end":{"line":66,"column":null}},"17":{"start":{"line":68,"column":4},"end":{"line":68,"column":null}},"18":{"start":{"line":69,"column":4},"end":{"line":71,"column":null}}},"fnMap":{"0":{"name":"POST","decl":{"start":{"line":4,"column":22},"end":{"line":4,"column":null}},"loc":{"start":{"line":6,"column":40},"end":{"line":74,"column":null}}}},"branchMap":{"0":{"loc":{"start":{"line":12,"column":4},"end":{"line":17,"column":null}},"type":"if","locations":[{"start":{"line":12,"column":4},"end":{"line":17,"column":null}}]},"1":{"loc":{"start":{"line":24,"column":4},"end":{"line":26,"column":null}},"type":"if","locations":[{"start":{"line":24,"column":4},"end":{"line":26,"column":null}}]},"2":{"loc":{"start":{"line":38,"column":4},"end":{"line":43,"column":null}},"type":"if","locations":[{"start":{"line":38,"column":4},"end":{"line":43,"column":null}}]}},"s":{"0":0,"1":0,"2":0,"3":0,"4":0,"5":0,"6":0,"7":0,"8":0,"9":0,"10":0,"11":0,"12":0,"13":0,"14":0,"15":0,"16":0,"17":0,"18":0},"f":{"0":0},"b":{"0":[0],"1":[0],"2":[0]}}
,"D:\\v7\\v8\\app\\api\\projects\\[id]\\members\\[memberId]\\route.ts": {"path":"D:\\v7\\v8\\app\\api\\projects\\[id]\\members\\[memberId]\\route.ts","statementMap":{"0":{"start":{"line":4,"column":22},"end":{"line":4,"column":null}},"1":{"start":{"line":1,"column":29},"end":{"line":1,"column":null}},"2":{"start":{"line":2,"column":23},"end":{"line":2,"column":null}},"3":{"start":{"line":8,"column":2},"end":{"line":54,"column":null}},"4":{"start":{"line":9,"column":19},"end":{"line":9,"column":null}},"5":{"start":{"line":11,"column":4},"end":{"line":16,"column":null}},"6":{"start":{"line":12,"column":6},"end":{"line":14,"column":null}},"7":{"start":{"line":19,"column":19},"end":{"line":24,"column":null}},"8":{"start":{"line":26,"column":4},"end":{"line":31,"column":null}},"9":{"start":{"line":27,"column":6},"end":{"line":29,"column":null}},"10":{"start":{"line":34,"column":4},"end":{"line":36,"column":null}},"11":{"start":{"line":39,"column":4},"end":{"line":45,"column":null}},"12":{"start":{"line":47,"column":4},"end":{"line":47,"column":null}},"13":{"start":{"line":49,"column":4},"end":{"line":49,"column":null}},"14":{"start":{"line":50,"column":4},"end":{"line":52,"column":null}}},"fnMap":{"0":{"name":"DELETE","decl":{"start":{"line":4,"column":22},"end":{"line":4,"column":null}},"loc":{"start":{"line":6,"column":58},"end":{"line":55,"column":null}}}},"branchMap":{"0":{"loc":{"start":{"line":11,"column":4},"end":{"line":16,"column":null}},"type":"if","locations":[{"start":{"line":11,"column":4},"end":{"line":16,"column":null}}]},"1":{"loc":{"start":{"line":26,"column":4},"end":{"line":31,"column":null}},"type":"if","locations":[{"start":{"line":26,"column":4},"end":{"line":31,"column":null}}]}},"s":{"0":0,"1":0,"2":0,"3":0,"4":0,"5":0,"6":0,"7":0,"8":0,"9":0,"10":0,"11":0,"12":0,"13":0,"14":0},"f":{"0":0},"b":{"0":[0],"1":[0]}}
,"D:\\v7\\v8\\app\\api\\users\\route.ts": {"path":"D:\\v7\\v8\\app\\api\\users\\route.ts","statementMap":{"0":{"start":{"line":4,"column":22},"end":{"line":4,"column":25}},"1":{"start":{"line":40,"column":22},"end":{"line":40,"column":27}},"2":{"start":{"line":68,"column":22},"end":{"line":68,"column":26}},"3":{"start":{"line":1,"column":29},"end":{"line":1,"column":null}},"4":{"start":{"line":2,"column":23},"end":{"line":2,"column":null}},"5":{"start":{"line":5,"column":2},"end":{"line":37,"column":null}},"6":{"start":{"line":6,"column":18},"end":{"line":15,"column":null}},"7":{"start":{"line":17,"column":21},"end":{"line":28,"column":null}},"8":{"start":{"line":17,"column":42},"end":{"line":28,"column":null}},"9":{"start":{"line":30,"column":4},"end":{"line":30,"column":null}},"10":{"start":{"line":32,"column":4},"end":{"line":32,"column":null}},"11":{"start":{"line":33,"column":4},"end":{"line":35,"column":null}},"12":{"start":{"line":41,"column":2},"end":{"line":65,"column":null}},"13":{"start":{"line":42,"column":46},"end":{"line":42,"column":null}},"14":{"start":{"line":43,"column":4},"end":{"line":48,"column":null}},"15":{"start":{"line":44,"column":6},"end":{"line":46,"column":null}},"16":{"start":{"line":49,"column":17},"end":{"line":57,"column":null}},"17":{"start":{"line":58,"column":4},"end":{"line":58,"column":null}},"18":{"start":{"line":60,"column":4},"end":{"line":60,"column":null}},"19":{"start":{"line":61,"column":4},"end":{"line":63,"column":null}},"20":{"start":{"line":69,"column":2},"end":{"line":93,"column":null}},"21":{"start":{"line":70,"column":52},"end":{"line":70,"column":null}},"22":{"start":{"line":71,"column":4},"end":{"line":76,"column":null}},"23":{"start":{"line":72,"column":6},"end":{"line":74,"column":null}},"24":{"start":{"line":77,"column":17},"end":{"line":85,"column":null}},"25":{"start":{"line":86,"column":4},"end":{"line":86,"column":null}},"26":{"start":{"line":88,"column":4},"end":{"line":88,"column":null}},"27":{"start":{"line":89,"column":4},"end":{"line":91,"column":null}}},"fnMap":{"0":{"name":"GET","decl":{"start":{"line":4,"column":22},"end":{"line":4,"column":25}},"loc":{"start":{"line":4,"column":22},"end":{"line":38,"column":null}}},"1":{"name":"(anonymous_5)","decl":{"start":{"line":17,"column":31},"end":{"line":17,"column":32}},"loc":{"start":{"line":17,"column":42},"end":{"line":28,"column":null}}},"2":{"name":"PATCH","decl":{"start":{"line":40,"column":22},"end":{"line":40,"column":27}},"loc":{"start":{"line":40,"column":40},"end":{"line":66,"column":null}}},"3":{"name":"POST","decl":{"start":{"line":68,"column":22},"end":{"line":68,"column":26}},"loc":{"start":{"line":68,"column":39},"end":{"line":94,"column":null}}}},"branchMap":{"0":{"loc":{"start":{"line":22,"column":14},"end":{"line":22,"column":null}},"type":"binary-expr","locations":[{"start":{"line":22,"column":14},"end":{"line":22,"column":25}},{"start":{"line":22,"column":29},"end":{"line":22,"column":null}}]},"1":{"loc":{"start":{"line":43,"column":4},"end":{"line":48,"column":null}},"type":"if","locations":[{"start":{"line":43,"column":4},"end":{"line":48,"column":null}}]},"2":{"loc":{"start":{"line":52,"column":12},"end":{"line":52,"column":28}},"type":"binary-expr","locations":[{"start":{"line":52,"column":12},"end":{"line":52,"column":20}},{"start":{"line":52,"column":20},"end":{"line":52,"column":28}}]},"3":{"loc":{"start":{"line":53,"column":12},"end":{"line":53,"column":30}},"type":"binary-expr","locations":[{"start":{"line":53,"column":12},"end":{"line":53,"column":21}},{"start":{"line":53,"column":21},"end":{"line":53,"column":30}}]},"4":{"loc":{"start":{"line":54,"column":12},"end":{"line":54,"column":28}},"type":"binary-expr","locations":[{"start":{"line":54,"column":12},"end":{"line":54,"column":20}},{"start":{"line":54,"column":20},"end":{"line":54,"column":28}}]},"5":{"loc":{"start":{"line":55,"column":12},"end":{"line":55,"column":32}},"type":"binary-expr","locations":[{"start":{"line":55,"column":12},"end":{"line":55,"column":22}},{"start":{"line":55,"column":22},"end":{"line":55,"column":32}}]},"6":{"loc":{"start":{"line":71,"column":4},"end":{"line":76,"column":null}},"type":"if","locations":[{"start":{"line":71,"column":4},"end":{"line":76,"column":null}}]},"7":{"loc":{"start":{"line":71,"column":8},"end":{"line":71,"column":38}},"type":"binary-expr","locations":[{"start":{"line":71,"column":8},"end":{"line":71,"column":17}},{"start":{"line":71,"column":17},"end":{"line":71,"column":27}},{"start":{"line":71,"column":27},"end":{"line":71,"column":38}}]},"8":{"loc":{"start":{"line":82,"column":14},"end":{"line":82,"column":null}},"type":"binary-expr","locations":[{"start":{"line":82,"column":14},"end":{"line":82,"column":22}},{"start":{"line":82,"column":22},"end":{"line":82,"column":null}}]},"9":{"loc":{"start":{"line":83,"column":16},"end":{"line":83,"column":null}},"type":"binary-expr","locations":[{"start":{"line":83,"column":16},"end":{"line":83,"column":26}},{"start":{"line":83,"column":26},"end":{"line":83,"column":null}}]}},"s":{"0":0,"1":0,"2":0,"3":0,"4":0,"5":0,"6":0,"7":0,"8":0,"9":0,"10":0,"11":0,"12":0,"13":0,"14":0,"15":0,"16":0,"17":0,"18":0,"19":0,"20":0,"21":0,"22":0,"23":0,"24":0,"25":0,"26":0,"27":0},"f":{"0":0,"1":0,"2":0,"3":0},"b":{"0":[0,0],"1":[0],"2":[0,0],"3":[0,0],"4":[0,0],"5":[0,0],"6":[0],"7":[0,0,0],"8":[0,0],"9":[0,0]}}
,"D:\\v7\\v8\\app\\api\\users\\assignable\\route.ts": {"path":"D:\\v7\\v8\\app\\api\\users\\assignable\\route.ts","statementMap":{"0":{"start":{"line":4,"column":22},"end":{"line":4,"column":26}},"1":{"start":{"line":1,"column":29},"end":{"line":1,"column":null}},"2":{"start":{"line":2,"column":23},"end":{"line":2,"column":null}},"3":{"start":{"line":5,"column":2},"end":{"line":46,"column":null}},"4":{"start":{"line":6,"column":29},"end":{"line":6,"column":null}},"5":{"start":{"line":7,"column":22},"end":{"line":7,"column":null}},"6":{"start":{"line":9,"column":4},"end":{"line":14,"column":null}},"7":{"start":{"line":10,"column":6},"end":{"line":12,"column":null}},"8":{"start":{"line":17,"column":27},"end":{"line":30,"column":null}},"9":{"start":{"line":33,"column":28},"end":{"line":37,"column":null}},"10":{"start":{"line":33,"column":60},"end":{"line":37,"column":null}},"11":{"start":{"line":39,"column":4},"end":{"line":39,"column":null}},"12":{"start":{"line":41,"column":4},"end":{"line":41,"column":null}},"13":{"start":{"line":42,"column":4},"end":{"line":44,"column":null}}},"fnMap":{"0":{"name":"GET","decl":{"start":{"line":4,"column":22},"end":{"line":4,"column":26}},"loc":{"start":{"line":4,"column":38},"end":{"line":47,"column":null}}},"1":{"name":"(anonymous_2)","decl":{"start":{"line":33,"column":47},"end":{"line":33,"column":48}},"loc":{"start":{"line":33,"column":60},"end":{"line":37,"column":null}}}},"branchMap":{"0":{"loc":{"start":{"line":9,"column":4},"end":{"line":14,"column":null}},"type":"if","locations":[{"start":{"line":9,"column":4},"end":{"line":14,"column":null}}]}},"s":{"0":0,"1":0,"2":0,"3":0,"4":0,"5":0,"6":0,"7":0,"8":0,"9":0,"10":0,"11":0,"12":0,"13":0},"f":{"0":0,"1":0},"b":{"0":[0]}}
,"D:\\v7\\v8\\app\\api\\users\\invite\\route.js": {"path":"D:\\v7\\v8\\app\\api\\users\\invite\\route.js","statementMap":{"0":{"start":{"line":6,"column":22},"end":{"line":6,"column":27}},"1":{"start":{"line":1,"column":29},"end":{"line":1,"column":null}},"2":{"start":{"line":2,"column":23},"end":{"line":2,"column":null}},"3":{"start":{"line":4,"column":28},"end":{"line":4,"column":null}},"4":{"start":{"line":7,"column":2},"end":{"line":37,"column":null}},"5":{"start":{"line":8,"column":34},"end":{"line":8,"column":null}},"6":{"start":{"line":11,"column":21},"end":{"line":11,"column":null}},"7":{"start":{"line":12,"column":4},"end":{"line":14,"column":null}},"8":{"start":{"line":13,"column":6},"end":{"line":13,"column":null}},"9":{"start":{"line":17,"column":24},"end":{"line":17,"column":null}},"10":{"start":{"line":20,"column":17},"end":{"line":28,"column":null}},"11":{"start":{"line":33,"column":4},"end":{"line":33,"column":null}},"12":{"start":{"line":35,"column":4},"end":{"line":35,"column":null}},"13":{"start":{"line":36,"column":4},"end":{"line":36,"column":null}}},"fnMap":{"0":{"name":"POST","decl":{"start":{"line":6,"column":22},"end":{"line":6,"column":27}},"loc":{"start":{"line":6,"column":30},"end":{"line":38,"column":null}}}},"branchMap":{"0":{"loc":{"start":{"line":12,"column":4},"end":{"line":14,"column":null}},"type":"if","locations":[{"start":{"line":12,"column":4},"end":{"line":14,"column":null}}]}},"s":{"0":0,"1":0,"2":0,"3":0,"4":0,"5":0,"6":0,"7":0,"8":0,"9":0,"10":0,"11":0,"12":0,"13":0},"f":{"0":0},"b":{"0":[0]}}
,"D:\\v7\\v8\\app\\dashboard\\layout.tsx": {"path":"D:\\v7\\v8\\app\\dashboard\\layout.tsx","statementMap":{"0":{"start":{"line":14,"column":24},"end":{"line":14,"column":40}},"1":{"start":{"line":5,"column":25},"end":{"line":5,"column":null}},"2":{"start":{"line":6,"column":27},"end":{"line":6,"column":null}},"3":{"start":{"line":7,"column":23},"end":{"line":7,"column":null}},"4":{"start":{"line":8,"column":24},"end":{"line":8,"column":null}},"5":{"start":{"line":9,"column":48},"end":{"line":9,"column":null}},"6":{"start":{"line":10,"column":50},"end":{"line":10,"column":null}},"7":{"start":{"line":11,"column":30},"end":{"line":11,"column":null}},"8":{"start":{"line":12,"column":19},"end":{"line":12,"column":null}},"9":{"start":{"line":19,"column":40},"end":{"line":19,"column":null}},"10":{"start":{"line":20,"column":19},"end":{"line":20,"column":null}},"11":{"start":{"line":26,"column":78},"end":{"line":26,"column":null}}},"fnMap":{"0":{"name":"DashboardLayout","decl":{"start":{"line":14,"column":24},"end":{"line":14,"column":40}},"loc":{"start":{"line":18,"column":1},"end":{"line":62,"column":null}}},"1":{"name":"(anonymous_2)","decl":{"start":{"line":26,"column":72},"end":{"line":26,"column":78}},"loc":{"start":{"line":26,"column":78},"end":{"line":26,"column":null}}}},"branchMap":{"0":{"loc":{"start":{"line":25,"column":9},"end":{"line":25,"column":null}},"type":"binary-expr","locations":[{"start":{"line":25,"column":9},"end":{"line":25,"column":null}}]},"1":{"loc":{"start":{"line":27,"column":27},"end":{"line":27,"column":67}},"type":"cond-expr","locations":[{"start":{"line":27,"column":27},"end":{"line":27,"column":67}}]},"2":{"loc":{"start":{"line":33,"column":11},"end":{"line":33,"column":null}},"type":"binary-expr","locations":[{"start":{"line":33,"column":11},"end":{"line":33,"column":null}}]},"3":{"loc":{"start":{"line":49,"column":9},"end":{"line":49,"column":null}},"type":"binary-expr","locations":[{"start":{"line":49,"column":9},"end":{"line":49,"column":null}}]},"4":{"loc":{"start":{"line":51,"column":86},"end":{"line":51,"column":null}},"type":"cond-expr","locations":[{"start":{"line":51,"column":100},"end":{"line":51,"column":109}},{"start":{"line":51,"column":109},"end":{"line":51,"column":null}}]},"5":{"loc":{"start":{"line":56,"column":64},"end":{"line":56,"column":null}},"type":"binary-expr","locations":[{"start":{"line":56,"column":64},"end":{"line":56,"column":78}},{"start":{"line":56,"column":78},"end":{"line":56,"column":108}}]},"6":{"loc":{"start":{"line":56,"column":78},"end":{"line":56,"column":108}},"type":"cond-expr","locations":[{"start":{"line":56,"column":92},"end":{"line":56,"column":102}},{"start":{"line":56,"column":102},"end":{"line":56,"column":108}}]}},"s":{"0":0,"1":0,"2":0,"3":0,"4":0,"5":0,"6":0,"7":0,"8":0,"9":0,"10":0,"11":0},"f":{"0":0,"1":0},"b":{"0":[0],"1":[0],"2":[0],"3":[0],"4":[0,0],"5":[0,0],"6":[0,0]}}
,"D:\\v7\\v8\\app\\dashboard\\page.tsx": {"path":"D:\\v7\\v8\\app\\dashboard\\page.tsx","statementMap":{"0":{"start":{"line":7,"column":24},"end":{"line":7,"column":null}},"1":{"start":{"line":1,"column":74},"end":{"line":1,"column":null}},"2":{"start":{"line":2,"column":57},"end":{"line":2,"column":null}},"3":{"start":{"line":3,"column":23},"end":{"line":3,"column":null}},"4":{"start":{"line":4,"column":85},"end":{"line":4,"column":null}},"5":{"start":{"line":5,"column":17},"end":{"line":5,"column":null}},"6":{"start":{"line":80,"column":20},"end":{"line":80,"column":33}},"7":{"start":{"line":110,"column":20},"end":{"line":110,"column":33}},"8":{"start":{"line":135,"column":22},"end":{"line":135,"column":35}},"9":{"start":{"line":167,"column":18},"end":{"line":167,"column":31}}},"fnMap":{"0":{"name":"DashboardPage","decl":{"start":{"line":7,"column":24},"end":{"line":7,"column":null}},"loc":{"start":{"line":7,"column":24},"end":{"line":221,"column":null}}},"1":{"name":"(anonymous_3)","decl":{"start":{"line":79,"column":39},"end":{"line":79,"column":40}},"loc":{"start":{"line":80,"column":20},"end":{"line":80,"column":33}}},"2":{"name":"(anonymous_4)","decl":{"start":{"line":109,"column":68},"end":{"line":109,"column":69}},"loc":{"start":{"line":110,"column":20},"end":{"line":110,"column":33}}},"3":{"name":"(anonymous_5)","decl":{"start":{"line":134,"column":20},"end":{"line":134,"column":21}},"loc":{"start":{"line":135,"column":22},"end":{"line":135,"column":35}}},"4":{"name":"(anonymous_6)","decl":{"start":{"line":166,"column":36},"end":{"line":166,"column":37}},"loc":{"start":{"line":167,"column":18},"end":{"line":167,"column":31}}}},"branchMap":{"0":{"loc":{"start":{"line":82,"column":59},"end":{"line":82,"column":135}},"type":"cond-expr","locations":[{"start":{"line":82,"column":73},"end":{"line":82,"column":88}},{"start":{"line":82,"column":88},"end":{"line":82,"column":135}}]},"1":{"loc":{"start":{"line":82,"column":88},"end":{"line":82,"column":135}},"type":"cond-expr","locations":[{"start":{"line":82,"column":102},"end":{"line":82,"column":120}},{"start":{"line":82,"column":120},"end":{"line":82,"column":135}}]},"2":{"loc":{"start":{"line":86,"column":27},"end":{"line":90,"column":null}},"type":"cond-expr","locations":[{"start":{"line":87,"column":30},"end":{"line":87,"column":null}},{"start":{"line":88,"column":30},"end":{"line":90,"column":null}}]},"3":{"loc":{"start":{"line":88,"column":30},"end":{"line":90,"column":null}},"type":"cond-expr","locations":[{"start":{"line":89,"column":32},"end":{"line":89,"column":null}},{"start":{"line":90,"column":32},"end":{"line":90,"column":null}}]},"4":{"loc":{"start":{"line":93,"column":27},"end":{"line":93,"column":88}},"type":"cond-expr","locations":[{"start":{"line":93,"column":41},"end":{"line":93,"column":54}},{"start":{"line":93,"column":54},"end":{"line":93,"column":88}}]},"5":{"loc":{"start":{"line":93,"column":54},"end":{"line":93,"column":88}},"type":"cond-expr","locations":[{"start":{"line":93,"column":68},"end":{"line":93,"column":82}},{"start":{"line":93,"column":82},"end":{"line":93,"column":88}}]},"6":{"loc":{"start":{"line":94,"column":27},"end":{"line":94,"column":54}},"type":"cond-expr","locations":[{"start":{"line":94,"column":37},"end":{"line":94,"column":46}},{"start":{"line":94,"column":46},"end":{"line":94,"column":54}}]},"7":{"loc":{"start":{"line":117,"column":27},"end":{"line":117,"column":113}},"type":"cond-expr","locations":[{"start":{"line":117,"column":41},"end":{"line":117,"column":60}},{"start":{"line":117,"column":60},"end":{"line":117,"column":113}}]},"8":{"loc":{"start":{"line":117,"column":60},"end":{"line":117,"column":113}},"type":"cond-expr","locations":[{"start":{"line":117,"column":74},"end":{"line":117,"column":93}},{"start":{"line":117,"column":93},"end":{"line":117,"column":113}}]},"9":{"loc":{"start":{"line":118,"column":35},"end":{"line":118,"column":62}},"type":"cond-expr","locations":[{"start":{"line":118,"column":45},"end":{"line":118,"column":54}},{"start":{"line":118,"column":54},"end":{"line":118,"column":62}}]},"10":{"loc":{"start":{"line":139,"column":50},"end":{"line":139,"column":134}},"type":"cond-expr","locations":[{"start":{"line":139,"column":64},"end":{"line":139,"column":83}},{"start":{"line":139,"column":83},"end":{"line":139,"column":134}}]},"11":{"loc":{"start":{"line":139,"column":83},"end":{"line":139,"column":134}},"type":"cond-expr","locations":[{"start":{"line":139,"column":97},"end":{"line":139,"column":117}},{"start":{"line":139,"column":117},"end":{"line":139,"column":134}}]},"12":{"loc":{"start":{"line":141,"column":29},"end":{"line":141,"column":null}},"type":"cond-expr","locations":[{"start":{"line":141,"column":43},"end":{"line":141,"column":56}},{"start":{"line":141,"column":56},"end":{"line":141,"column":null}}]},"13":{"loc":{"start":{"line":141,"column":56},"end":{"line":141,"column":null}},"type":"cond-expr","locations":[{"start":{"line":141,"column":70},"end":{"line":141,"column":82}},{"start":{"line":141,"column":82},"end":{"line":141,"column":null}}]},"14":{"loc":{"start":{"line":146,"column":59},"end":{"line":146,"column":137}},"type":"cond-expr","locations":[{"start":{"line":146,"column":73},"end":{"line":146,"column":90}},{"start":{"line":146,"column":90},"end":{"line":146,"column":137}}]},"15":{"loc":{"start":{"line":146,"column":90},"end":{"line":146,"column":137}},"type":"cond-expr","locations":[{"start":{"line":146,"column":104},"end":{"line":146,"column":122}},{"start":{"line":146,"column":122},"end":{"line":146,"column":137}}]},"16":{"loc":{"start":{"line":173,"column":25},"end":{"line":181,"column":null}},"type":"cond-expr","locations":[{"start":{"line":174,"column":28},"end":{"line":174,"column":null}},{"start":{"line":175,"column":28},"end":{"line":181,"column":null}}]},"17":{"loc":{"start":{"line":175,"column":28},"end":{"line":181,"column":null}},"type":"cond-expr","locations":[{"start":{"line":176,"column":30},"end":{"line":176,"column":null}},{"start":{"line":177,"column":30},"end":{"line":181,"column":null}}]},"18":{"loc":{"start":{"line":177,"column":30},"end":{"line":181,"column":null}},"type":"cond-expr","locations":[{"start":{"line":178,"column":32},"end":{"line":178,"column":null}},{"start":{"line":179,"column":32},"end":{"line":181,"column":null}}]},"19":{"loc":{"start":{"line":179,"column":32},"end":{"line":181,"column":null}},"type":"cond-expr","locations":[{"start":{"line":180,"column":34},"end":{"line":180,"column":null}},{"start":{"line":181,"column":34},"end":{"line":181,"column":null}}]},"20":{"loc":{"start":{"line":184,"column":25},"end":{"line":184,"column":109}},"type":"cond-expr","locations":[{"start":{"line":184,"column":39},"end":{"line":184,"column":58}},{"start":{"line":184,"column":58},"end":{"line":184,"column":109}}]},"21":{"loc":{"start":{"line":184,"column":58},"end":{"line":184,"column":109}},"type":"cond-expr","locations":[{"start":{"line":184,"column":72},"end":{"line":184,"column":89}},{"start":{"line":184,"column":89},"end":{"line":184,"column":109}}]},"22":{"loc":{"start":{"line":185,"column":25},"end":{"line":191,"column":null}},"type":"cond-expr","locations":[{"start":{"line":186,"column":28},"end":{"line":186,"column":null}},{"start":{"line":187,"column":28},"end":{"line":191,"column":null}}]},"23":{"loc":{"start":{"line":187,"column":28},"end":{"line":191,"column":null}},"type":"cond-expr","locations":[{"start":{"line":188,"column":30},"end":{"line":188,"column":null}},{"start":{"line":189,"column":30},"end":{"line":191,"column":null}}]},"24":{"loc":{"start":{"line":189,"column":30},"end":{"line":191,"column":null}},"type":"cond-expr","locations":[{"start":{"line":190,"column":32},"end":{"line":190,"column":null}},{"start":{"line":191,"column":32},"end":{"line":191,"column":null}}]},"25":{"loc":{"start":{"line":194,"column":33},"end":{"line":194,"column":60}},"type":"cond-expr","locations":[{"start":{"line":194,"column":43},"end":{"line":194,"column":52}},{"start":{"line":194,"column":52},"end":{"line":194,"column":60}}]}},"s":{"0":3,"1":1,"2":1,"3":1,"4":1,"5":1,"6":15,"7":15,"8":15,"9":30},"f":{"0":3,"1":15,"2":15,"3":15,"4":30},"b":{"0":[3,12],"1":[6,6],"2":[3,12],"3":[6,6],"4":[3,12],"5":[6,6],"6":[3,12],"7":[6,9],"8":[6,3],"9":[3,12],"10":[6,9],"11":[6,3],"12":[6,9],"13":[6,3],"14":[6,9],"15":[6,3],"16":[6,24],"17":[6,18],"18":[6,12],"19":[6,6],"20":[12,18],"21":[9,9],"22":[9,21],"23":[9,12],"24":[6,6],"25":[3,27]}}
,"D:\\v7\\v8\\app\\dashboard\\account\\page.tsx": {"path":"D:\\v7\\v8\\app\\dashboard\\account\\page.tsx","statementMap":{"0":{"start":{"line":16,"column":24},"end":{"line":16,"column":null}},"1":{"start":{"line":3,"column":22},"end":{"line":3,"column":null}},"2":{"start":{"line":5,"column":25},"end":{"line":5,"column":null}},"3":{"start":{"line":6,"column":23},"end":{"line":6,"column":null}},"4":{"start":{"line":7,"column":86},"end":{"line":7,"column":null}},"5":{"start":{"line":8,"column":22},"end":{"line":8,"column":null}},"6":{"start":{"line":9,"column":22},"end":{"line":9,"column":null}},"7":{"start":{"line":10,"column":57},"end":{"line":10,"column":null}},"8":{"start":{"line":11,"column":52},"end":{"line":11,"column":null}},"9":{"start":{"line":12,"column":26},"end":{"line":12,"column":null}},"10":{"start":{"line":13,"column":23},"end":{"line":13,"column":null}},"11":{"start":{"line":14,"column":36},"end":{"line":14,"column":null}},"12":{"start":{"line":17,"column":34},"end":{"line":17,"column":null}},"13":{"start":{"line":19,"column":21},"end":{"line":25,"column":null}},"14":{"start":{"line":20,"column":4},"end":{"line":20,"column":null}},"15":{"start":{"line":22,"column":4},"end":{"line":24,"column":null}},"16":{"start":{"line":23,"column":6},"end":{"line":23,"column":null}}},"fnMap":{"0":{"name":"AccountPage","decl":{"start":{"line":16,"column":24},"end":{"line":16,"column":null}},"loc":{"start":{"line":16,"column":24},"end":{"line":296,"column":null}}},"1":{"name":"(anonymous_2)","decl":{"start":{"line":19,"column":21},"end":{"line":19,"column":null}},"loc":{"start":{"line":19,"column":21},"end":{"line":25,"column":null}}},"2":{"name":"(anonymous_3)","decl":{"start":{"line":22,"column":15},"end":{"line":22,"column":null}},"loc":{"start":{"line":22,"column":15},"end":{"line":24,"column":7}}}},"branchMap":{"0":{"loc":{"start":{"line":106,"column":17},"end":{"line":106,"column":null}},"type":"cond-expr","locations":[{"start":{"line":106,"column":28},"end":{"line":106,"column":42}},{"start":{"line":106,"column":42},"end":{"line":106,"column":null}}]},"1":{"loc":{"start":{"line":134,"column":17},"end":{"line":134,"column":null}},"type":"cond-expr","locations":[{"start":{"line":134,"column":28},"end":{"line":134,"column":44}},{"start":{"line":134,"column":44},"end":{"line":134,"column":null}}]},"2":{"loc":{"start":{"line":238,"column":17},"end":{"line":238,"column":null}},"type":"cond-expr","locations":[{"start":{"line":238,"column":28},"end":{"line":238,"column":42}},{"start":{"line":238,"column":42},"end":{"line":238,"column":null}}]}},"s":{"0":0,"1":0,"2":0,"3":0,"4":0,"5":0,"6":0,"7":0,"8":0,"9":0,"10":0,"11":0,"12":0,"13":0,"14":0,"15":0,"16":0},"f":{"0":0,"1":0,"2":0},"b":{"0":[0,0],"1":[0,0],"2":[0,0]}}
[...]
,"D:\\v7\\v8\\components\\ui\\toggle-group.tsx": {"path":"D:\\v7\\v8\\components\\ui\\toggle-group.tsx","statementMap":{"0":{"start":{"line":61,"column":9},"end":{"line":61,"column":20}},"1":{"start":{"line":61,"column":22},"end":{"line":61,"column":37}},"2":{"start":{"line":3,"column":23},"end":{"line":3,"column":null}},"3":{"start":{"line":4,"column":38},"end":{"line":4,"column":null}},"4":{"start":{"line":7,"column":19},"end":{"line":7,"column":null}},"5":{"start":{"line":8,"column":31},"end":{"line":8,"column":null}},"6":{"start":{"line":10,"column":27},"end":{"line":15,"column":null}},"7":{"start":{"line":33,"column":0},"end":{"line":33,"column":null}},"8":{"start":{"line":35,"column":24},"end":{"line":57,"column":null}},"9":{"start":{"line":40,"column":18},"end":{"line":40,"column":null}},"10":{"start":{"line":59,"column":0},"end":{"line":59,"column":null}}},"fnMap":{"0":{"name":"(anonymous_7)","decl":{"start":{"line":39,"column":2},"end":{"line":39,"column":3}},"loc":{"start":{"line":39,"column":53},"end":{"line":57,"column":null}}}},"branchMap":{"0":{"loc":{"start":{"line":47,"column":19},"end":{"line":47,"column":null}},"type":"binary-expr","locations":[{"start":{"line":47,"column":19},"end":{"line":47,"column":34}},{"start":{"line":47,"column":38},"end":{"line":47,"column":null}}]},"1":{"loc":{"start":{"line":48,"column":16},"end":{"line":48,"column":null}},"type":"binary-expr","locations":[{"start":{"line":48,"column":16},"end":{"line":48,"column":28}},{"start":{"line":48,"column":32},"end":{"line":48,"column":null}}]}},"s":{"0":0,"1":0,"2":0,"3":0,"4":0,"5":0,"6":0,"7":0,"8":0,"9":0,"10":0},"f":{"0":0},"b":{"0":[0,0],"1":[0,0]}}
,"D:\\v7\\v8\\components\\ui\\toggle.tsx": {"path":"D:\\v7\\v8\\components\\ui\\toggle.tsx","statementMap":{"0":{"start":{"line":45,"column":9},"end":{"line":45,"column":15}},"1":{"start":{"line":45,"column":17},"end":{"line":45,"column":31}},"2":{"start":{"line":3,"column":23},"end":{"line":3,"column":null}},"3":{"start":{"line":4,"column":33},"end":{"line":4,"column":null}},"4":{"start":{"line":5,"column":39},"end":{"line":5,"column":null}},"5":{"start":{"line":7,"column":19},"end":{"line":7,"column":null}},"6":{"start":{"line":9,"column":23},"end":{"line":28,"column":null}},"7":{"start":{"line":43,"column":0},"end":{"line":43,"column":null}}},"fnMap":{},"branchMap":{},"s":{"0":0,"1":0,"2":0,"3":0,"4":0,"5":0,"6":0,"7":0},"f":{},"b":{}}
,"D:\\v7\\v8\\components\\ui\\tooltip.tsx": {"path":"D:\\v7\\v8\\components\\ui\\tooltip.tsx","statementMap":{"0":{"start":{"line":30,"column":9},"end":{"line":30,"column":16}},"1":{"start":{"line":30,"column":34},"end":{"line":30,"column":48}},"2":{"start":{"line":30,"column":50},"end":{"line":30,"column":65}},"3":{"start":{"line":30,"column":18},"end":{"line":30,"column":32}},"4":{"start":{"line":3,"column":23},"end":{"line":3,"column":null}},"5":{"start":{"line":4,"column":34},"end":{"line":4,"column":null}},"6":{"start":{"line":6,"column":19},"end":{"line":6,"column":null}},"7":{"start":{"line":8,"column":24},"end":{"line":8,"column":49}},"8":{"start":{"line":10,"column":16},"end":{"line":10,"column":37}},"9":{"start":{"line":12,"column":23},"end":{"line":12,"column":47}},"10":{"start":{"line":28,"column":0},"end":{"line":28,"column":null}}},"fnMap":{},"branchMap":{"0":{"loc":{"start":{"line":17,"column":16},"end":{"line":17,"column":30}},"type":"default-arg","locations":[{"start":{"line":17,"column":29},"end":{"line":17,"column":30}}]}},"s":{"0":0,"1":0,"2":0,"3":0,"4":0,"5":0,"6":0,"7":0,"8":0,"9":0,"10":0},"f":{},"b":{"0":[0]}}
,"D:\\v7\\v8\\components\\ui\\use-mobile.tsx": {"path":"D:\\v7\\v8\\components\\ui\\use-mobile.tsx","statementMap":{"0":{"start":{"line":5,"column":16},"end":{"line":5,"column":null}},"1":{"start":{"line":1,"column":23},"end":{"line":1,"column":null}},"2":{"start":{"line":3,"column":26},"end":{"line":3,"column":null}},"3":{"start":{"line":6,"column":34},"end":{"line":6,"column":null}},"4":{"start":{"line":8,"column":2},"end":{"line":16,"column":null}},"5":{"start":{"line":9,"column":16},"end":{"line":9,"column":null}},"6":{"start":{"line":10,"column":21},"end":{"line":12,"column":null}},"7":{"start":{"line":11,"column":6},"end":{"line":11,"column":null}},"8":{"start":{"line":13,"column":4},"end":{"line":13,"column":null}},"9":{"start":{"line":14,"column":4},"end":{"line":14,"column":null}},"10":{"start":{"line":15,"column":4},"end":{"line":15,"column":null}},"11":{"start":{"line":15,"column":17},"end":{"line":15,"column":null}},"12":{"start":{"line":18,"column":2},"end":{"line":18,"column":null}}},"fnMap":{"0":{"name":"useIsMobile","decl":{"start":{"line":5,"column":16},"end":{"line":5,"column":null}},"loc":{"start":{"line":5,"column":16},"end":{"line":19,"column":null}}},"1":{"name":"(anonymous_5)","decl":{"start":{"line":8,"column":18},"end":{"line":8,"column":null}},"loc":{"start":{"line":8,"column":18},"end":{"line":16,"column":5}}},"2":{"name":"(anonymous_6)","decl":{"start":{"line":10,"column":21},"end":{"line":10,"column":null}},"loc":{"start":{"line":10,"column":21},"end":{"line":12,"column":null}}},"3":{"name":"(anonymous_7)","decl":{"start":{"line":15,"column":11},"end":{"line":15,"column":17}},"loc":{"start":{"line":15,"column":17},"end":{"line":15,"column":null}}}},"branchMap":{},"s":{"0":0,"1":0,"2":0,"3":0,"4":0,"5":0,"6":0,"7":0,"8":0,"9":0,"10":0,"11":0,"12":0},"f":{"0":0,"1":0,"2":0,"3":0},"b":{}}
,"D:\\v7\\v8\\components\\ui\\use-toast.ts": {"path":"D:\\v7\\v8\\components\\ui\\use-toast.ts","statementMap":{"0":{"start":{"line":77,"column":13},"end":{"line":77,"column":20}},"1":{"start":{"line":194,"column":19},"end":{"line":194,"column":24}},"2":{"start":{"line":194,"column":9},"end":{"line":194,"column":17}},"3":{"start":{"line":4,"column":23},"end":{"line":4,"column":null}},"4":{"start":{"line":11,"column":20},"end":{"line":11,"column":null}},"5":{"start":{"line":12,"column":27},"end":{"line":12,"column":null}},"6":{"start":{"line":21,"column":20},"end":{"line":26,"column":null}},"7":{"start":{"line":28,"column":12},"end":{"line":28,"column":null}},"8":{"start":{"line":31,"column":2},"end":{"line":31,"column":null}},"9":{"start":{"line":32,"column":2},"end":{"line":32,"column":null}},"10":{"start":{"line":59,"column":22},"end":{"line":59,"column":null}},"11":{"start":{"line":61,"column":25},"end":{"line":75,"column":null}},"12":{"start":{"line":62,"column":2},"end":{"line":64,"column":null}},"13":{"start":{"line":63,"column":4},"end":{"line":63,"column":null}},"14":{"start":{"line":66,"column":18},"end":{"line":72,"column":null}},"15":{"start":{"line":67,"column":4},"end":{"line":67,"column":null}},"16":{"start":{"line":68,"column":4},"end":{"line":71,"column":null}},"17":{"start":{"line":74,"column":2},"end":{"line":74,"column":null}},"18":{"start":{"line":77,"column":23},"end":{"line":130,"column":null}},"19":{"start":{"line":78,"column":2},"end":{"line":129,"column":null}},"20":{"start":{"line":80,"column":6},"end":{"line":83,"column":null}},"21":{"start":{"line":86,"column":6},"end":{"line":91,"column":null}},"22":{"start":{"line":89,"column":10},"end":{"line":89,"column":null}},"23":{"start":{"line":94,"column":26},"end":{"line":94,"column":null}},"24":{"start":{"line":98,"column":6},"end":{"line":104,"column":null}},"25":{"start":{"line":99,"column":8},"end":{"line":99,"column":null}},"26":{"start":{"line":101,"column":8},"end":{"line":103,"column":null}},"27":{"start":{"line":102,"column":10},"end":{"line":102,"column":null}},"28":{"start":{"line":106,"column":6},"end":{"line":116,"column":null}},"29":{"start":{"line":109,"column":10},"end":{"line":114,"column":null}},"30":{"start":{"line":119,"column":6},"end":{"line":124,"column":null}},"31":{"start":{"line":120,"column":8},"end":{"line":123,"column":null}},"32":{"start":{"line":125,"column":6},"end":{"line":128,"column":null}},"33":{"start":{"line":127,"column":43},"end":{"line":127,"column":66}},"34":{"start":{"line":132,"column":49},"end":{"line":132,"column":51}},"35":{"start":{"line":134,"column":25},"end":{"line":134,"column":null}},"36":{"start":{"line":137,"column":2},"end":{"line":137,"column":null}},"37":{"start":{"line":138,"column":2},"end":{"line":140,"column":null}},"38":{"start":{"line":139,"column":4},"end":{"line":139,"column":null}},"39":{"start":{"line":146,"column":13},"end":{"line":146,"column":null}},"40":{"start":{"line":148,"column":17},"end":{"line":152,"column":null}},"41":{"start":{"line":149,"column":4},"end":{"line":152,"column":null}},"42":{"start":{"line":153,"column":18},"end":{"line":153,"column":null}},"43":{"start":{"line":153,"column":24},"end":{"line":153,"column":null}},"44":{"start":{"line":155,"column":2},"end":{"line":165,"column":null}},"45":{"start":{"line":162,"column":8},"end":{"line":162,"column":null}},"46":{"start":{"line":162,"column":19},"end":{"line":162,"column":null}},"47":{"start":{"line":167,"column":2},"end":{"line":171,"column":null}},"48":{"start":{"line":175,"column":28},"end":{"line":175,"column":null}},"49":{"start":{"line":177,"column":2},"end":{"line":185,"column":null}},"50":{"start":{"line":178,"column":4},"end":{"line":178,"column":null}},"51":{"start":{"line":179,"column":4},"end":{"line":184,"column":null}},"52":{"start":{"line":180,"column":20},"end":{"line":180,"column":null}},"53":{"start":{"line":181,"column":6},"end":{"line":183,"column":null}},"54":{"start":{"line":182,"column":8},"end":{"line":182,"column":null}},"55":{"start":{"line":187,"column":2},"end":{"line":191,"column":null}},"56":{"start":{"line":190,"column":35},"end":{"line":190,"column":null}}},"fnMap":{"0":{"name":"genId","decl":{"start":{"line":30,"column":9},"end":{"line":30,"column":null}},"loc":{"start":{"line":30,"column":9},"end":{"line":33,"column":null}}},"1":{"name":"(anonymous_8)","decl":{"start":{"line":61,"column":25},"end":{"line":61,"column":26}},"loc":{"start":{"line":61,"column":26},"end":{"line":75,"column":null}}},"2":{"name":"(anonymous_9)","decl":{"start":{"line":66,"column":29},"end":{"line":66,"column":null}},"loc":{"start":{"line":66,"column":29},"end":{"line":72,"column":5}}},"3":{"name":"(anonymous_10)","decl":{"start":{"line":77,"column":23},"end":{"line":77,"column":24}},"loc":{"start":{"line":77,"column":38},"end":{"line":130,"column":null}}},"4":{"name":"(anonymous_11)","decl":{"start":{"line":88,"column":33},"end":{"line":88,"column":34}},"loc":{"start":{"line":89,"column":10},"end":{"line":89,"column":null}}},"5":{"name":"(anonymous_12)","decl":{"start":{"line":101,"column":29},"end":{"line":101,"column":30}},"loc":{"start":{"line":101,"column":30},"end":{"line":103,"column":null}}},"6":{"name":"(anonymous_13)","decl":{"start":{"line":108,"column":33},"end":{"line":108,"column":34}},"loc":{"start":{"line":109,"column":10},"end":{"line":114,"column":null}}},"7":{"name":"(anonymous_14)","decl":{"start":{"line":127,"column":36},"end":{"line":127,"column":37}},"loc":{"start":{"line":127,"column":43},"end":{"line":127,"column":66}}},"8":{"name":"dispatch","decl":{"start":{"line":136,"column":9},"end":{"line":136,"column":18}},"loc":{"start":{"line":136,"column":32},"end":{"line":141,"column":null}}},"9":{"name":"(anonymous_16)","decl":{"start":{"line":138,"column":20},"end":{"line":138,"column":21}},"loc":{"start":{"line":138,"column":21},"end":{"line":140,"column":null}}},"10":{"name":"toast","decl":{"start":{"line":145,"column":9},"end":{"line":145,"column":15}},"loc":{"start":{"line":145,"column":34},"end":{"line":172,"column":null}}},"11":{"name":"(anonymous_18)","decl":{"start":{"line":148,"column":17},"end":{"line":148,"column":18}},"loc":{"start":{"line":149,"column":4},"end":{"line":152,"column":null}}},"12":{"name":"(anonymous_19)","decl":{"start":{"line":153,"column":18},"end":{"line":153,"column":24}},"loc":{"start":{"line":153,"column":24},"end":{"line":153,"column":null}}},"13":{"name":"(anonymous_20)","decl":{"start":{"line":161,"column":20},"end":{"line":161,"column":21}},"loc":{"start":{"line":161,"column":21},"end":{"line":163,"column":null}}},"14":{"name":"useToast","decl":{"start":{"line":174,"column":9},"end":{"line":174,"column":null}},"loc":{"start":{"line":174,"column":9},"end":{"line":192,"column":null}}},"15":{"name":"(anonymous_22)","decl":{"start":{"line":177,"column":18},"end":{"line":177,"column":null}},"loc":{"start":{"line":177,"column":18},"end":{"line":185,"column":5}}},"16":{"name":"(anonymous_23)","decl":{"start":{"line":179,"column":11},"end":{"line":179,"column":null}},"loc":{"start":{"line":179,"column":11},"end":{"line":184,"column":null}}},"17":{"name":"(anonymous_24)","decl":{"start":{"line":190,"column":13},"end":{"line":190,"column":14}},"loc":{"start":{"line":190,"column":35},"end":{"line":190,"column":null}}}},"branchMap":{"0":{"loc":{"start":{"line":62,"column":2},"end":{"line":64,"column":null}},"type":"if","locations":[{"start":{"line":62,"column":2},"end":{"line":64,"column":null}}]},"1":{"loc":{"start":{"line":78,"column":2},"end":{"line":129,"column":null}},"type":"switch","locations":[{"start":{"line":79,"column":4},"end":{"line":83,"column":null}},{"start":{"line":85,"column":4},"end":{"line":91,"column":null}},{"start":{"line":93,"column":4},"end":{"line":117,"column":null}},{"start":{"line":118,"column":4},"end":{"line":128,"column":null}}]},"2":{"loc":{"start":{"line":89,"column":10},"end":{"line":89,"column":null}},"type":"cond-expr","locations":[{"start":{"line":89,"column":37},"end":{"line":89,"column":65}},{"start":{"line":89,"column":65},"end":{"line":89,"column":null}}]},"3":{"loc":{"start":{"line":98,"column":6},"end":{"line":104,"column":null}},"type":"if","locations":[{"start":{"line":98,"column":6},"end":{"line":104,"column":null}},{"start":{"line":100,"column":13},"end":{"line":104,"column":null}}]},"4":{"loc":{"start":{"line":109,"column":10},"end":{"line":114,"column":null}},"type":"cond-expr","locations":[{"start":{"line":110,"column":14},"end":{"line":113,"column":null}},{"start":{"line":114,"column":14},"end":{"line":114,"column":null}}]},"5":{"loc":{"start":{"line":109,"column":10},"end":{"line":109,"column":null}},"type":"binary-expr","locations":[{"start":{"line":109,"column":10},"end":{"line":109,"column":30}},{"start":{"line":109,"column":30},"end":{"line":109,"column":null}}]},"6":{"loc":{"start":{"line":119,"column":6},"end":{"line":124,"column":null}},"type":"if","locations":[{"start":{"line":119,"column":6},"end":{"line":124,"column":null}}]},"7":{"loc":{"start":{"line":162,"column":8},"end":{"line":162,"column":null}},"type":"if","locations":[{"start":{"line":162,"column":8},"end":{"line":162,"column":null}}]},"8":{"loc":{"start":{"line":181,"column":6},"end":{"line":183,"column":null}},"type":"if","locations":[{"start":{"line":181,"column":6},"end":{"line":183,"column":null}}]}},"s":{"0":0,"1":0,"2":24,"3":3,"4":3,"5":3,"6":3,"7":3,"8":13,"9":13,"10":3,"11":3,"12":0,"13":0,"14":0,"15":0,"16":0,"17":0,"18":3,"19":13,"20":13,"21":0,"22":0,"23":0,"24":0,"25":0,"26":0,"27":0,"28":0,"29":0,"30":0,"31":0,"32":0,"33":0,"34":3,"35":3,"36":13,"37":13,"38":13,"39":13,"40":13,"41":0,"42":13,"43":0,"44":13,"45":0,"46":0,"47":13,"48":24,"49":24,"50":24,"51":24,"52":24,"53":24,"54":24,"55":24,"56":0},"f":{"0":13,"1":0,"2":0,"3":13,"4":0,"5":0,"6":0,"7":0,"8":13,"9":13,"10":13,"11":0,"12":0,"13":0,"14":24,"15":24,"16":24,"17":0},"b":{"0":[0],"1":[13,0,0,0],"2":[0,0],"3":[0,0],"4":[0,0],"5":[0,0],"6":[0],"7":[0],"8":[24]}}
,"D:\\v7\\v8\\lib\\prisma.ts": {"path":"D:\\v7\\v8\\lib\\prisma.ts","statementMap":{"0":{"start":{"line":5,"column":13},"end":{"line":5,"column":null}},"1":{"start":{"line":1,"column":29},"end":{"line":1,"column":null}},"2":{"start":{"line":3,"column":24},"end":{"line":3,"column":null}},"3":{"start":{"line":6,"column":2},"end":{"line":10,"column":null}},"4":{"start":{"line":12,"column":0},"end":{"line":12,"column":null}},"5":{"start":{"line":12,"column":43},"end":{"line":12,"column":null}}},"fnMap":{},"branchMap":{"0":{"loc":{"start":{"line":6,"column":2},"end":{"line":10,"column":null}},"type":"binary-expr","locations":[{"start":{"line":6,"column":2},"end":{"line":6,"column":24}},{"start":{"line":7,"column":2},"end":{"line":10,"column":null}}]},"1":{"loc":{"start":{"line":12,"column":0},"end":{"line":12,"column":null}},"type":"if","locations":[{"start":{"line":12,"column":0},"end":{"line":12,"column":null}}]}},"s":{"0":0,"1":0,"2":0,"3":0,"4":0,"5":0},"f":{},"b":{"0":[0,0],"1":[0]}}
,"D:\\v7\\v8\\lib\\uploadFile.ts": {"path":"D:\\v7\\v8\\lib\\uploadFile.ts","statementMap":{"0":{"start":{"line":46,"column":16},"end":{"line":46,"column":31}},"1":{"start":{"line":32,"column":16},"end":{"line":32,"column":31}},"2":{"start":{"line":6,"column":22},"end":{"line":6,"column":32}},"3":{"start":{"line":1,"column":17},"end":{"line":1,"column":null}},"4":{"start":{"line":2,"column":15},"end":{"line":2,"column":null}},"5":{"start":{"line":4,"column":19},"end":{"line":4,"column":null}},"6":{"start":{"line":7,"column":2},"end":{"line":29,"column":null}},"7":{"start":{"line":9,"column":25},"end":{"line":9,"column":null}},"8":{"start":{"line":10,"column":4},"end":{"line":10,"column":null}},"9":{"start":{"line":13,"column":22},"end":{"line":13,"column":null}},"10":{"start":{"line":14,"column":25},"end":{"line":14,"column":34}},"11":{"start":{"line":15,"column":22},"end":{"line":15,"column":null}},"12":{"start":{"line":16,"column":21},"end":{"line":16,"column":47}},"13":{"start":{"line":17,"column":21},"end":{"line":17,"column":null}},"14":{"start":{"line":20,"column":24},"end":{"line":20,"column":null}},"15":{"start":{"line":21,"column":19},"end":{"line":21,"column":null}},"16":{"start":{"line":22,"column":4},"end":{"line":22,"column":null}},"17":{"start":{"line":25,"column":4},"end":{"line":25,"column":null}},"18":{"start":{"line":27,"column":4},"end":{"line":27,"column":null}},"19":{"start":{"line":28,"column":4},"end":{"line":28,"column":null}},"20":{"start":{"line":33,"column":23},"end":{"line":41,"column":null}},"21":{"start":{"line":43,"column":2},"end":{"line":43,"column":null}},"22":{"start":{"line":47,"column":23},"end":{"line":47,"column":null}},"23":{"start":{"line":48,"column":2},"end":{"line":48,"column":null}}},"fnMap":{"0":{"name":"uploadFile","decl":{"start":{"line":6,"column":22},"end":{"line":6,"column":32}},"loc":{"start":{"line":6,"column":58},"end":{"line":30,"column":null}}},"1":{"name":"isValidFileType","decl":{"start":{"line":32,"column":16},"end":{"line":32,"column":31}},"loc":{"start":{"line":32,"column":42},"end":{"line":44,"column":null}}},"2":{"name":"isValidFileSize","decl":{"start":{"line":46,"column":16},"end":{"line":46,"column":31}},"loc":{"start":{"line":46,"column":65},"end":{"line":49,"column":null}}}},"branchMap":{"0":{"loc":{"start":{"line":46,"column":44},"end":{"line":46,"column":65}},"type":"default-arg","locations":[{"start":{"line":46,"column":64},"end":{"line":46,"column":65}}]}},"s":{"0":0,"1":0,"2":0,"3":0,"4":0,"5":0,"6":0,"7":0,"8":0,"9":0,"10":0,"11":0,"12":0,"13":0,"14":0,"15":0,"16":0,"17":0,"18":0,"19":0,"20":0,"21":0,"22":0,"23":0},"f":{"0":0,"1":0,"2":0},"b":{"0":[0]}}
,"D:\\v7\\v8\\lib\\utils.ts": {"path":"D:\\v7\\v8\\lib\\utils.ts","statementMap":{"0":{"start":{"line":4,"column":16},"end":{"line":4,"column":19}},"1":{"start":{"line":1,"column":38},"end":{"line":1,"column":null}},"2":{"start":{"line":2,"column":24},"end":{"line":2,"column":null}},"3":{"start":{"line":5,"column":2},"end":{"line":5,"column":null}}},"fnMap":{"0":{"name":"cn","decl":{"start":{"line":4,"column":16},"end":{"line":4,"column":19}},"loc":{"start":{"line":4,"column":42},"end":{"line":6,"column":null}}}},"branchMap":{},"s":{"0":984,"1":17,"2":17,"3":984},"f":{"0":984},"b":{}}
}
