TN:
SF:app\layout.tsx
FN:15,RootLayout
FNF:1
FNH:0
FNDA:0,RootLayout
DA:3,0
DA:4,0
DA:5,0
DA:7,0
DA:9,0
DA:15,0
LF:6
LH:0
BRF:0
BRH:0
end_of_record
TN:
SF:app\page.tsx
FN:7,Home
FNF:1
FNH:0
FNDA:0,Home
DA:1,0
DA:2,0
DA:3,0
DA:4,0
DA:5,0
DA:7,0
LF:6
LH:0
BRF:0
BRH:0
end_of_record
TN:
SF:app\api\auth\login\route.ts
FN:6,POST
FNF:1
FNH:0
FNDA:0,POST
DA:1,0
DA:2,0
DA:3,0
DA:4,0
DA:6,0
DA:7,0
DA:8,0
DA:11,0
DA:12,0
DA:19,0
DA:20,0
DA:24,0
DA:28,0
DA:29,0
DA:36,0
DA:37,0
DA:44,0
DA:46,0
DA:47,0
DA:54,0
DA:61,0
DA:64,0
DA:72,0
DA:82,0
DA:84,0
DA:85,0
LF:26
LH:0
BRDA:11,0,0,0
BRDA:11,1,0,0
BRDA:11,1,1,0
BRDA:19,2,0,0
BRDA:28,3,0,0
BRDA:36,4,0,0
BRDA:46,5,0,0
BRF:7
BRH:0
end_of_record
TN:
SF:app\api\auth\logout\route.ts
FN:3,GET
FNF:1
FNH:0
FNDA:0,GET
DA:1,0
DA:3,0
DA:5,0
DA:8,0
DA:10,0
LF:5
LH:0
BRDA:5,0,0,0
BRDA:5,0,1,0
BRF:2
BRH:0
end_of_record
TN:
SF:app\api\auth\register\route.ts
FN:5,POST
FNF:1
FNH:0
FNDA:0,POST
DA:1,0
DA:2,0
DA:3,0
DA:5,0
DA:6,0
DA:7,0
DA:10,0
DA:16,0
DA:17,0
DA:24,0
DA:27,0
DA:36,0
DA:38,0
DA:40,0
DA:41,0
LF:15
LH:0
BRDA:16,0,0,0
BRF:1
BRH:0
end_of_record
TN:
SF:app\api\auth\session\route.ts
FN:6,GET
FNF:1
FNH:0
FNDA:0,GET
DA:1,0
DA:2,0
DA:3,0
DA:4,0
DA:6,0
DA:7,0
DA:8,0
DA:9,0
DA:11,0
DA:12,0
DA:15,0
DA:16,0
DA:19,0
DA:24,0
DA:34,0
DA:35,0
DA:38,0
DA:40,0
DA:41,0
LF:19
LH:0
BRDA:11,0,0,0
BRDA:15,1,0,0
BRDA:34,2,0,0
BRF:3
BRH:0
end_of_record
TN:
SF:app\api\bugs\route.ts
FN:8,GET
FN:90,POST
FN:194,(anonymous_5)
FN:254,(anonymous_6)
FNF:4
FNH:0
FNDA:0,GET
FNDA:0,POST
FNDA:0,(anonymous_5)
FNDA:0,(anonymous_6)
DA:1,0
DA:2,0
DA:3,0
DA:4,0
DA:8,0
DA:9,0
DA:10,0
DA:11,0
DA:12,0
DA:13,0
DA:14,0
DA:15,0
DA:16,0
DA:17,0
DA:18,0
DA:20,0
DA:22,0
DA:23,0
DA:26,0
DA:27,0
DA:30,0
DA:31,0
DA:37,0
DA:38,0
DA:41,0
DA:42,0
DA:45,0
DA:46,0
DA:49,0
DA:50,0
DA:53,0
DA:80,0
DA:82,0
DA:83,0
DA:90,0
DA:91,0
DA:92,0
DA:93,0
DA:95,0
DA:96,0
DA:97,0
DA:98,0
DA:99,0
DA:100,0
DA:101,0
DA:102,0
DA:103,0
DA:106,0
DA:107,0
DA:113,0
DA:120,0
DA:124,0
DA:125,0
DA:126,0
DA:130,0
DA:134,0
DA:135,0
DA:142,0
DA:143,0
DA:147,0
DA:148,0
DA:156,0
DA:188,0
DA:189,0
DA:191,0
DA:192,0
DA:194,0
DA:195,0
DA:196,0
DA:199,0
DA:202,0
DA:205,0
DA:206,0
DA:209,0
DA:219,0
DA:221,0
DA:228,0
DA:236,0
DA:238,0
DA:239,0
DA:246,0
DA:254,0
LF:82
LH:0
BRDA:22,0,0,0
BRDA:22,1,0,0
BRDA:22,1,1,0
BRDA:26,2,0,0
BRDA:26,3,0,0
BRDA:26,3,1,0
BRDA:30,4,0,0
BRDA:37,5,0,0
BRDA:41,6,0,0
BRDA:45,7,0,0
BRDA:45,8,0,0
BRDA:45,8,1,0
BRDA:49,9,0,0
BRDA:106,10,0,0
BRDA:106,11,0,0
BRDA:106,11,1,0
BRDA:106,11,2,0
BRDA:106,11,3,0
BRDA:124,12,0,0
BRDA:134,13,0,0
BRDA:142,14,0,0
BRDA:147,15,0,0
BRDA:161,16,0,0
BRDA:161,16,1,0
BRDA:162,17,0,0
BRDA:162,17,1,0
BRDA:188,18,0,0
BRDA:214,19,0,0
BRDA:214,19,1,0
BRF:29
BRH:0
end_of_record
TN:
SF:app\api\bugs\[id]\route.ts
FN:4,GET
FN:74,PATCH
FN:202,POST
FNF:3
FNH:0
FNDA:0,GET
FNDA:0,PATCH
FNDA:0,POST
DA:1,0
DA:2,0
DA:4,0
DA:8,0
DA:9,0
DA:12,0
DA:60,0
DA:61,0
DA:64,0
DA:66,0
DA:67,0
DA:74,0
DA:78,0
DA:79,0
DA:89,0
DA:92,0
DA:103,0
DA:104,0
DA:108,0
DA:124,0
DA:126,0
DA:127,0
DA:142,0
DA:145,0
DA:146,0
DA:161,0
DA:164,0
DA:165,0
DA:174,0
DA:189,0
DA:192,0
DA:194,0
DA:195,0
DA:202,0
LF:34
LH:0
BRDA:60,0,0,0
BRDA:103,1,0,0
BRDA:113,2,0,0
BRDA:113,2,1,0
BRDA:114,3,0,0
BRDA:114,3,1,0
BRDA:115,4,0,0
BRDA:115,4,1,0
BRDA:116,5,0,0
BRDA:116,5,1,0
BRDA:117,6,0,0
BRDA:117,6,1,0
BRDA:118,7,0,0
BRDA:118,7,1,0
BRDA:119,8,0,0
BRDA:119,8,1,0
BRDA:126,9,0,0
BRDA:126,10,0,0
BRDA:126,10,1,0
BRDA:145,11,0,0
BRDA:145,12,0,0
BRDA:145,12,1,0
BRDA:164,13,0,0
BRDA:164,14,0,0
BRDA:164,14,1,0
BRF:25
BRH:0
end_of_record
TN:
SF:app\api\bugs\[id]\attachments\route.ts
FN:7,POST
FNF:1
FNH:0
FNDA:0,POST
DA:1,0
DA:2,0
DA:3,0
DA:4,0
DA:7,0
DA:11,0
DA:12,0
DA:13,0
DA:14,0
DA:17,0
DA:18,0
DA:21,0
DA:22,0
DA:23,0
DA:24,0
DA:25,0
DA:26,0
DA:29,0
DA:32,0
DA:44,0
DA:46,0
DA:47,0
LF:22
LH:0
BRDA:22,0,0,0
BRF:1
BRH:0
end_of_record
TN:
SF:app\api\bugs\attachments\route.ts
FN:5,POST
FNF:1
FNH:0
FNDA:0,POST
DA:1,0
DA:2,0
DA:3,0
DA:5,0
DA:6,0
DA:7,0
DA:8,0
DA:9,0
DA:11,0
DA:12,0
DA:19,0
DA:20,0
DA:23,0
DA:24,0
DA:31,0
DA:35,0
DA:36,0
DA:40,0
DA:43,0
DA:53,0
DA:61,0
DA:63,0
DA:64,0
LF:23
LH:0
BRDA:11,0,0,0
BRDA:11,1,0,0
BRDA:11,1,1,0
BRDA:19,2,0,0
BRDA:23,3,0,0
BRDA:35,4,0,0
BRDA:57,5,0,0
BRDA:57,5,1,0
BRF:8
BRH:0
end_of_record
TN:
SF:app\api\ci-report\route.ts
FN:4,POST
FNF:1
FNH:0
FNDA:0,POST
DA:1,0
DA:2,0
DA:4,0
DA:5,0
DA:6,0
DA:7,0
DA:8,0
DA:14,0
DA:15,0
DA:16,0
DA:17,0
DA:18,0
DA:32,0
DA:34,0
DA:39,0
DA:40,0
LF:16
LH:0
BRDA:7,0,0,0
BRDA:7,1,0,0
BRDA:7,1,1,0
BRDA:7,1,2,0
BRDA:17,2,0,0
BRDA:17,3,0,0
BRDA:17,3,1,0
BRDA:22,4,0,0
BRDA:22,4,1,0
BRF:9
BRH:0
end_of_record
TN:
SF:app\api\comments\route.ts
FN:4,POST
FNF:1
FNH:0
FNDA:0,POST
DA:1,0
DA:2,0
DA:4,0
DA:5,0
DA:6,0
DA:9,0
DA:26,0
DA:34,0
DA:36,0
DA:37,0
LF:10
LH:0
BRF:0
BRH:0
end_of_record
TN:
SF:app\api\projects\route.ts
FN:4,GET
FN:52,POST
FN:86,(anonymous_5)
FN:87,(anonymous_6)
FNF:4
FNH:0
FNDA:0,GET
FNDA:0,POST
FNDA:0,(anonymous_5)
FNDA:0,(anonymous_6)
DA:1,0
DA:2,0
DA:4,0
DA:5,0
DA:6,0
DA:7,0
DA:8,0
DA:11,0
DA:12,0
DA:13,0
DA:18,0
DA:19,0
DA:23,0
DA:42,0
DA:44,0
DA:45,0
DA:52,0
DA:53,0
DA:54,0
DA:56,0
DA:57,0
DA:64,0
DA:65,0
DA:72,0
DA:86,0
DA:87,0
DA:104,0
DA:112,0
DA:114,0
DA:115,0
LF:30
LH:0
BRDA:12,0,0,0
BRDA:18,1,0,0
BRDA:18,2,0,0
BRDA:18,2,1,0
BRDA:56,3,0,0
BRDA:64,4,0,0
BRDA:85,5,0,0
BRDA:85,5,1,0
BRF:8
BRH:0
end_of_record
TN:
SF:app\api\projects\[id]\route.ts
FN:4,GET
FN:40,PATCH
FNF:2
FNH:0
FNDA:0,GET
FNDA:0,PATCH
DA:1,0
DA:2,0
DA:4,0
DA:8,0
DA:9,0
DA:10,0
DA:26,0
DA:27,0
DA:30,0
DA:32,0
DA:33,0
DA:40,0
DA:44,0
DA:45,0
DA:46,0
DA:48,0
DA:50,0
DA:53,0
DA:54,0
DA:55,0
DA:56,0
DA:57,0
DA:58,0
DA:59,0
DA:61,0
DA:70,0
DA:71,0
DA:80,0
DA:82,0
DA:83,0
LF:30
LH:0
BRDA:26,0,0,0
BRDA:54,1,0,0
BRDA:55,2,0,0
BRDA:56,3,0,0
BRDA:57,4,0,0
BRDA:58,5,0,0
BRDA:59,6,0,0
BRDA:70,7,0,0
BRDA:70,8,0,0
BRDA:70,8,1,0
BRF:10
BRH:0
end_of_record
TN:
SF:app\api\projects\[id]\activities\route.ts
FN:4,GET
FNF:1
FNH:0
FNDA:0,GET
DA:1,0
DA:2,0
DA:4,0
DA:8,0
DA:9,0
DA:10,0
DA:22,0
DA:24,0
DA:25,0
LF:9
LH:0
BRF:0
BRH:0
end_of_record
TN:
SF:app\api\projects\[id]\git\route.ts
FN:4,GET
FN:67,POST
FNF:2
FNH:0
FNDA:0,GET
FNDA:0,POST
DA:1,0
DA:2,0
DA:4,0
DA:8,0
DA:9,0
DA:10,0
DA:11,0
DA:12,0
DA:19,0
DA:37,0
DA:38,0
DA:44,0
DA:45,0
DA:48,0
DA:57,0
DA:59,0
DA:60,0
DA:67,0
DA:71,0
DA:72,0
DA:73,0
DA:74,0
DA:75,0
DA:82,0
DA:93,0
DA:94,0
DA:100,0
DA:102,0
DA:103,0
DA:110,0
DA:116,0
DA:117,0
DA:124,0
DA:135,0
DA:143,0
DA:145,0
DA:146,0
LF:37
LH:0
BRDA:11,0,0,0
BRDA:37,1,0,0
BRDA:44,2,0,0
BRDA:74,3,0,0
BRDA:93,4,0,0
BRDA:102,5,0,0
BRDA:102,6,0,0
BRDA:102,6,1,0
BRDA:102,6,2,0
BRDA:116,7,0,0
BRF:10
BRH:0
end_of_record
TN:
SF:app\api\projects\[id]\members\route.ts
FN:4,POST
FNF:1
FNH:0
FNDA:0,POST
DA:1,0
DA:2,0
DA:4,0
DA:8,0
DA:9,0
DA:10,0
DA:12,0
DA:13,0
DA:20,0
DA:24,0
DA:25,0
DA:29,0
DA:38,0
DA:39,0
DA:46,0
DA:58,0
DA:66,0
DA:68,0
DA:69,0
LF:19
LH:0
BRDA:12,0,0,0
BRDA:24,1,0,0
BRDA:38,2,0,0
BRF:3
BRH:0
end_of_record
TN:
SF:app\api\projects\[id]\members\[memberId]\route.ts
FN:4,DELETE
FNF:1
FNH:0
FNDA:0,DELETE
DA:1,0
DA:2,0
DA:4,0
DA:8,0
DA:9,0
DA:11,0
DA:12,0
DA:19,0
DA:26,0
DA:27,0
DA:34,0
DA:39,0
DA:47,0
DA:49,0
DA:50,0
LF:15
LH:0
BRDA:11,0,0,0
BRDA:26,1,0,0
BRF:2
BRH:0
end_of_record
TN:
SF:app\api\users\route.ts
FN:4,GET
FN:17,(anonymous_5)
FN:40,PATCH
FN:68,POST
FNF:4
FNH:0
FNDA:0,GET
FNDA:0,(anonymous_5)
FNDA:0,PATCH
FNDA:0,POST
DA:1,0
DA:2,0
DA:4,0
DA:5,0
DA:6,0
DA:17,0
DA:30,0
DA:32,0
DA:33,0
DA:40,0
DA:41,0
DA:42,0
DA:43,0
DA:44,0
DA:49,0
DA:58,0
DA:60,0
DA:61,0
DA:68,0
DA:69,0
DA:70,0
DA:71,0
DA:72,0
DA:77,0
DA:86,0
DA:88,0
DA:89,0
LF:27
LH:0
BRDA:22,0,0,0
BRDA:22,0,1,0
BRDA:43,1,0,0
BRDA:52,2,0,0
BRDA:52,2,1,0
BRDA:53,3,0,0
BRDA:53,3,1,0
BRDA:54,4,0,0
BRDA:54,4,1,0
BRDA:55,5,0,0
BRDA:55,5,1,0
BRDA:71,6,0,0
BRDA:71,7,0,0
BRDA:71,7,1,0
BRDA:71,7,2,0
BRDA:82,8,0,0
BRDA:82,8,1,0
BRDA:83,9,0,0
BRDA:83,9,1,0
BRF:19
BRH:0
end_of_record
TN:
SF:app\api\users\assignable\route.ts
FN:4,GET
FN:33,(anonymous_2)
FNF:2
FNH:0
FNDA:0,GET
FNDA:0,(anonymous_2)
DA:1,0
DA:2,0
DA:4,0
DA:5,0
DA:6,0
DA:7,0
DA:9,0
DA:10,0
DA:17,0
DA:33,0
DA:39,0
DA:41,0
DA:42,0
LF:13
LH:0
BRDA:9,0,0,0
BRF:1
BRH:0
end_of_record
TN:
SF:app\api\users\invite\route.js
FN:6,POST
FNF:1
FNH:0
FNDA:0,POST
DA:1,0
DA:2,0
DA:4,0
DA:6,0
DA:7,0
DA:8,0
DA:11,0
DA:12,0
DA:13,0
DA:17,0
DA:20,0
DA:33,0
DA:35,0
DA:36,0
LF:14
LH:0
BRDA:12,0,0,0
BRF:1
BRH:0
end_of_record
TN:
SF:app\dashboard\layout.tsx
FN:14,DashboardLayout
FN:26,(anonymous_2)
FNF:2
FNH:0
FNDA:0,DashboardLayout
FNDA:0,(anonymous_2)
DA:5,0
DA:6,0
DA:7,0
DA:8,0
DA:9,0
DA:10,0
DA:11,0
DA:12,0
DA:14,0
DA:19,0
DA:20,0
DA:26,0
LF:12
LH:0
BRDA:25,0,0,0
BRDA:27,1,0,0
BRDA:33,2,0,0
BRDA:49,3,0,0
BRDA:51,4,0,0
BRDA:51,4,1,0
BRDA:56,5,0,0
BRDA:56,5,1,0
BRDA:56,6,0,0
BRDA:56,6,1,0
BRF:10
BRH:0
end_of_record
TN:
SF:app\dashboard\page.tsx
FN:7,DashboardPage
FN:79,(anonymous_3)
FN:109,(anonymous_4)
FN:134,(anonymous_5)
FN:166,(anonymous_6)
FNF:5
FNH:5
FNDA:3,DashboardPage
FNDA:15,(anonymous_3)
FNDA:15,(anonymous_4)
FNDA:15,(anonymous_5)
FNDA:30,(anonymous_6)
DA:1,1
DA:2,1
DA:3,1
DA:4,1
DA:5,1
DA:7,3
DA:80,15
DA:110,15
DA:135,15
DA:167,30
LF:10
LH:10
BRDA:82,0,0,3
BRDA:82,0,1,12
BRDA:82,1,0,6
BRDA:82,1,1,6
BRDA:86,2,0,3
BRDA:86,2,1,12
BRDA:88,3,0,6
BRDA:88,3,1,6
BRDA:93,4,0,3
BRDA:93,4,1,12
BRDA:93,5,0,6
BRDA:93,5,1,6
BRDA:94,6,0,3
BRDA:94,6,1,12
BRDA:117,7,0,6
BRDA:117,7,1,9
BRDA:117,8,0,6
BRDA:117,8,1,3
BRDA:118,9,0,3
BRDA:118,9,1,12
BRDA:139,10,0,6
BRDA:139,10,1,9
BRDA:139,11,0,6
BRDA:139,11,1,3
BRDA:141,12,0,6
BRDA:141,12,1,9
BRDA:141,13,0,6
BRDA:141,13,1,3
BRDA:146,14,0,6
BRDA:146,14,1,9
BRDA:146,15,0,6
BRDA:146,15,1,3
BRDA:173,16,0,6
BRDA:173,16,1,24
BRDA:175,17,0,6
BRDA:175,17,1,18
BRDA:177,18,0,6
BRDA:177,18,1,12
BRDA:179,19,0,6
BRDA:179,19,1,6
BRDA:184,20,0,12
BRDA:184,20,1,18
BRDA:184,21,0,9
BRDA:184,21,1,9
BRDA:185,22,0,9
BRDA:185,22,1,21
BRDA:187,23,0,9
BRDA:187,23,1,12
BRDA:189,24,0,6
BRDA:189,24,1,6
BRDA:194,25,0,3
BRDA:194,25,1,27
BRF:52
BRH:52
end_of_record
TN:
SF:app\dashboard\account\page.tsx
FN:16,AccountPage
FN:19,(anonymous_2)
FN:22,(anonymous_3)
FNF:3
FNH:0
FNDA:0,AccountPage
FNDA:0,(anonymous_2)
FNDA:0,(anonymous_3)
DA:3,0
DA:5,0
DA:6,0
DA:7,0
DA:8,0
DA:9,0
DA:10,0
DA:11,0
DA:12,0
DA:13,0
DA:14,0
DA:16,0
DA:17,0
DA:19,0
DA:20,0
DA:22,0
DA:23,0
LF:17
LH:0
BRDA:106,0,0,0
BRDA:106,0,1,0
BRDA:134,1,0,0
BRDA:134,1,1,0
BRDA:238,2,0,0
BRDA:238,2,1,0
BRF:6
BRH:0
end_of_record
TN:
SF:app\dashboard\bugs\loading.tsx
FN:1,Loading
FNF:1
FNH:0
FNDA:0,Loading
DA:1,0
DA:2,0
LF:2
LH:0
BRF:0
BRH:0
end_of_record
TN:
SF:app\dashboard\bugs\page.tsx
FN:59,BugsPage
FN:74,(anonymous_3)
FN:78,(anonymous_4)
FN:95,(anonymous_5)
FN:99,(anonymous_6)
FN:125,(anonymous_7)
FN:126,(anonymous_8)
FN:129,(anonymous_9)
FN:130,(anonymous_10)
FN:133,(anonymous_11)
FN:134,(anonymous_12)
FN:137,(anonymous_13)
FN:138,(anonymous_14)
FN:141,(anonymous_15)
FN:146,(anonymous_16)
FN:147,(anonymous_17)
FN:150,(anonymous_18)
FN:155,(anonymous_19)
FN:156,(anonymous_20)
FN:159,(anonymous_21)
FN:160,(anonymous_22)
FN:163,(anonymous_23)
FN:215,(anonymous_24)
FN:223,(anonymous_25)
FN:242,(anonymous_26)
FN:252,(anonymous_27)
FN:277,(anonymous_28)
FN:285,(anonymous_29)
FN:353,(anonymous_30)
FN:404,(anonymous_31)
FNF:30
FNH:5
FNDA:6,BugsPage
FNDA:3,(anonymous_3)
FNDA:3,(anonymous_4)
FNDA:0,(anonymous_5)
FNDA:0,(anonymous_6)
FNDA:0,(anonymous_7)
FNDA:0,(anonymous_8)
FNDA:0,(anonymous_9)
FNDA:0,(anonymous_10)
FNDA:0,(anonymous_11)
FNDA:0,(anonymous_12)
FNDA:0,(anonymous_13)
FNDA:0,(anonymous_14)
FNDA:0,(anonymous_15)
FNDA:0,(anonymous_16)
FNDA:0,(anonymous_17)
FNDA:0,(anonymous_18)
FNDA:0,(anonymous_19)
FNDA:0,(anonymous_20)
FNDA:0,(anonymous_21)
FNDA:0,(anonymous_22)
FNDA:0,(anonymous_23)
FNDA:18,(anonymous_24)
FNDA:0,(anonymous_25)
FNDA:0,(anonymous_26)
FNDA:0,(anonymous_27)
FNDA:24,(anonymous_28)
FNDA:0,(anonymous_29)
FNDA:0,(anonymous_30)
FNDA:0,(anonymous_31)
DA:3,1
DA:4,1
DA:5,1
DA:13,1
DA:20,1
DA:30,1
DA:31,1
DA:32,1
DA:33,1
DA:38,1
DA:39,1
DA:40,1
DA:41,1
DA:59,3
DA:60,6
DA:61,6
DA:62,6
DA:63,6
DA:64,6
DA:74,6
DA:75,3
DA:78,6
DA:79,3
DA:80,3
DA:81,3
DA:83,3
DA:84,0
DA:87,3
DA:88,0
DA:91,3
DA:92,0
DA:95,3
DA:96,0
DA:99,3
DA:100,0
DA:103,3
DA:104,0
DA:107,3
DA:108,0
DA:111,3
DA:112,0
DA:113,0
DA:116,0
DA:117,0
DA:119,3
DA:121,3
DA:125,6
DA:126,0
DA:129,6
DA:130,0
DA:133,6
DA:134,0
DA:137,6
DA:138,0
DA:141,0
DA:146,6
DA:147,0
DA:150,0
DA:155,6
DA:156,0
DA:159,6
DA:160,0
DA:163,6
DA:164,0
DA:166,0
DA:168,0
DA:170,0
DA:172,0
DA:216,18
DA:224,0
DA:243,0
DA:253,0
DA:278,24
DA:286,0
DA:354,0
DA:404,0
LF:76
LH:45
BRDA:83,0,0,0
BRDA:87,1,0,0
BRDA:91,2,0,0
BRDA:103,3,0,0
BRDA:107,4,0,0
BRDA:112,5,0,0
BRDA:140,6,0,0
BRDA:140,6,1,0
BRDA:149,7,0,0
BRDA:149,7,1,0
BRDA:164,8,0,0
BRDA:164,8,1,0
BRDA:164,8,2,0
BRDA:164,8,3,0
BRDA:329,9,0,6
BRDA:336,10,0,3
BRDA:340,11,0,3
BRDA:379,12,0,0
BRDA:379,12,1,0
BRDA:381,13,0,0
BRDA:381,13,1,0
BRDA:399,14,0,0
BRF:22
BRH:3
end_of_record
TN:
SF:app\dashboard\bugs\[id]\page.tsx
FN:81,BugDetailPage
FN:96,(anonymous_3)
FN:97,(anonymous_4)
FN:119,(anonymous_5)
FN:137,(anonymous_6)
FN:160,(anonymous_7)
FN:200,(anonymous_8)
FN:204,(anonymous_9)
FN:227,(anonymous_10)
FN:245,(anonymous_11)
FN:267,(anonymous_12)
FN:285,(anonymous_13)
FN:307,(anonymous_14)
FN:325,(anonymous_15)
FN:355,(anonymous_16)
FN:360,(anonymous_17)
FN:363,(anonymous_18)
FN:440,(anonymous_19)
FN:500,(anonymous_20)
FN:532,(anonymous_21)
FN:541,(anonymous_22)
FN:575,(anonymous_23)
FN:584,(anonymous_24)
FNF:23
FNH:0
FNDA:0,BugDetailPage
FNDA:0,(anonymous_3)
FNDA:0,(anonymous_4)
FNDA:0,(anonymous_5)
FNDA:0,(anonymous_6)
FNDA:0,(anonymous_7)
FNDA:0,(anonymous_8)
FNDA:0,(anonymous_9)
FNDA:0,(anonymous_10)
FNDA:0,(anonymous_11)
FNDA:0,(anonymous_12)
FNDA:0,(anonymous_13)
FNDA:0,(anonymous_14)
FNDA:0,(anonymous_15)
FNDA:0,(anonymous_16)
FNDA:0,(anonymous_17)
FNDA:0,(anonymous_18)
FNDA:0,(anonymous_19)
FNDA:0,(anonymous_20)
FNDA:0,(anonymous_21)
FNDA:0,(anonymous_22)
FNDA:0,(anonymous_23)
FNDA:0,(anonymous_24)
DA:3,1
DA:4,1
DA:5,1
DA:6,1
DA:7,1
DA:17,1
DA:18,1
DA:19,1
DA:20,1
DA:27,1
DA:33,1
DA:34,1
DA:35,1
DA:36,1
DA:81,0
DA:86,0
DA:87,0
DA:88,0
DA:89,0
DA:90,0
DA:91,0
DA:92,0
DA:93,0
DA:94,0
DA:96,0
DA:97,0
DA:98,0
DA:99,0
DA:100,0
DA:101,0
DA:103,0
DA:104,0
DA:106,0
DA:109,0
DA:115,0
DA:119,0
DA:120,0
DA:121,0
DA:122,0
DA:123,0
DA:125,0
DA:126,0
DA:128,0
DA:129,0
DA:137,0
DA:138,0
DA:139,0
DA:140,0
DA:141,0
DA:143,0
DA:144,0
DA:146,0
DA:147,0
DA:155,0
DA:156,0
DA:157,0
DA:160,0
DA:161,0
DA:162,0
DA:163,0
DA:175,0
DA:176,0
DA:179,0
DA:182,0
DA:193,0
DA:200,0
DA:204,0
DA:205,0
DA:213,0
DA:214,0
DA:219,0
DA:227,0
DA:228,0
DA:229,0
DA:240,0
DA:241,0
DA:244,0
DA:245,0
DA:246,0
DA:254,0
DA:259,0
DA:267,0
DA:268,0
DA:269,0
DA:280,0
DA:281,0
DA:284,0
DA:285,0
DA:286,0
DA:294,0
DA:299,0
DA:307,0
DA:308,0
DA:309,0
DA:320,0
DA:321,0
DA:324,0
DA:325,0
DA:326,0
DA:334,0
DA:339,0
DA:347,0
DA:351,0
DA:355,0
DA:360,0
DA:361,0
DA:363,0
DA:440,0
DA:501,0
DA:532,0
DA:542,0
DA:576,0
DA:585,0
LF:113
LH:14
BRDA:100,0,0,0
BRDA:107,1,0,0
BRDA:107,1,1,0
BRDA:122,2,0,0
BRDA:140,3,0,0
BRDA:144,4,0,0
BRDA:144,4,1,0
BRDA:161,5,0,0
BRDA:161,6,0,0
BRDA:161,6,1,0
BRDA:175,7,0,0
BRDA:200,8,0,0
BRDA:200,8,1,0
BRDA:205,9,0,0
BRDA:205,9,1,0
BRDA:240,10,0,0
BRDA:246,11,0,0
BRDA:246,11,1,0
BRDA:280,12,0,0
BRDA:286,13,0,0
BRDA:286,13,1,0
BRDA:320,14,0,0
BRDA:326,15,0,0
BRDA:326,15,1,0
BRDA:347,16,0,0
BRDA:351,17,0,0
BRDA:351,18,0,0
BRDA:351,18,1,0
BRDA:354,19,0,0
BRDA:354,19,1,0
BRDA:384,20,0,0
BRDA:384,20,1,0
BRDA:391,21,0,0
BRDA:391,21,1,0
BRDA:393,22,0,0
BRDA:393,22,1,0
BRDA:402,23,0,0
BRDA:402,23,1,0
BRDA:404,24,0,0
BRDA:404,24,1,0
BRDA:413,25,0,0
BRDA:413,25,1,0
BRDA:415,26,0,0
BRDA:415,26,1,0
BRDA:485,27,0,0
BRDA:525,28,0,0
BRDA:525,28,1,0
BRDA:568,29,0,0
BRDA:574,30,0,0
BRDA:574,30,1,0
BRDA:576,31,0,0
BRDA:576,31,1,0
BRF:52
BRH:0
end_of_record
TN:
SF:app\dashboard\bugs\new\page.tsx
FN:40,NewBugPage
FN:56,(anonymous_3)
FN:57,(anonymous_4)
FN:71,(anonymous_5)
FN:92,(anonymous_6)
FN:118,(anonymous_7)
FN:124,(anonymous_8)
FN:150,(anonymous_9)
FN:155,(anonymous_10)
FN:183,(anonymous_11)
FN:240,(anonymous_12)
FN:329,(anonymous_13)
FN:342,(anonymous_14)
FN:359,(anonymous_15)
FN:370,(anonymous_16)
FN:383,(anonymous_17)
FN:444,(anonymous_18)
FN:468,(anonymous_19)
FN:475,(anonymous_20)
FN:485,(anonymous_21)
FN:487,(anonymous_22)
FNF:21
FNH:5
FNDA:2,NewBugPage
FNDA:1,(anonymous_3)
FNDA:1,(anonymous_4)
FNDA:1,(anonymous_5)
FNDA:1,(anonymous_6)
FNDA:0,(anonymous_7)
FNDA:0,(anonymous_8)
FNDA:0,(anonymous_9)
FNDA:0,(anonymous_10)
FNDA:0,(anonymous_11)
FNDA:0,(anonymous_12)
FNDA:0,(anonymous_13)
FNDA:0,(anonymous_14)
FNDA:0,(anonymous_15)
FNDA:0,(anonymous_16)
FNDA:0,(anonymous_17)
FNDA:0,(anonymous_18)
FNDA:0,(anonymous_19)
FNDA:0,(anonymous_20)
FNDA:0,(anonymous_21)
FNDA:0,(anonymous_22)
DA:3,1
DA:4,1
DA:5,1
DA:6,1
DA:13,1
DA:14,1
DA:15,1
DA:16,1
DA:23,1
DA:24,1
DA:25,1
DA:26,1
DA:40,1
DA:41,2
DA:42,2
DA:43,2
DA:44,2
DA:45,2
DA:46,2
DA:47,2
DA:48,2
DA:49,2
DA:50,2
DA:51,2
DA:52,2
DA:53,2
DA:54,2
DA:56,2
DA:57,1
DA:58,1
DA:59,1
DA:60,0
DA:61,0
DA:62,0
DA:65,1
DA:67,1
DA:71,1
DA:72,1
DA:73,1
DA:74,0
DA:75,0
DA:76,0
DA:78,0
DA:81,1
DA:82,1
DA:88,1
DA:92,1
DA:93,1
DA:94,1
DA:95,0
DA:96,0
DA:97,0
DA:99,0
DA:102,1
DA:103,1
DA:109,1
DA:113,1
DA:114,1
DA:115,1
DA:118,2
DA:119,0
DA:120,0
DA:124,2
DA:125,0
DA:126,0
DA:127,0
DA:129,0
DA:130,0
DA:131,0
DA:132,0
DA:135,0
DA:136,0
DA:137,0
DA:149,0
DA:150,0
DA:151,0
DA:155,0
DA:156,0
DA:159,0
DA:164,0
DA:165,0
DA:166,0
DA:169,0
DA:170,0
DA:174,0
DA:176,0
DA:177,0
DA:179,0
DA:183,2
DA:184,0
DA:185,0
DA:190,0
DA:193,0
DA:194,0
DA:205,0
DA:206,0
DA:209,0
DA:210,0
DA:211,0
DA:212,0
DA:213,0
DA:215,0
DA:220,0
DA:228,2
DA:232,1
DA:240,0
DA:330,0
DA:342,0
DA:359,0
DA:371,0
DA:383,0
DA:445,0
DA:468,0
DA:476,0
DA:486,0
DA:487,0
LF:116
LH:53
BRDA:60,0,0,0
BRDA:62,1,0,0
BRDA:62,1,1,0
BRDA:74,2,0,0
BRDA:74,2,1,0
BRDA:95,3,0,0
BRDA:95,3,1,0
BRDA:119,4,0,0
BRDA:129,5,0,0
BRDA:151,6,0,0
BRDA:164,7,0,0
BRDA:166,8,0,0
BRDA:166,8,1,0
BRDA:177,9,0,0
BRDA:177,9,1,0
BRDA:184,10,0,0
BRDA:205,11,0,0
BRDA:228,12,0,1
BRDA:232,13,0,1
BRDA:268,14,0,0
BRDA:313,15,0,0
BRDA:313,15,1,0
BRDA:320,16,0,0
BRDA:320,16,1,0
BRDA:324,17,0,0
BRDA:324,17,1,0
BRDA:337,18,0,0
BRDA:337,18,1,0
BRDA:350,19,0,0
BRDA:428,20,0,0
BRDA:428,20,1,0
BRDA:435,21,0,0
BRDA:435,21,1,0
BRDA:439,22,0,0
BRDA:439,22,1,0
BRDA:473,23,0,0
BRDA:507,24,0,0
BRDA:507,24,1,0
BRF:38
BRH:2
end_of_record
TN:
SF:app\dashboard\projects\loading.tsx
FN:1,Loading
FNF:1
FNH:0
FNDA:0,Loading
DA:1,0
DA:2,0
LF:2
LH:0
BRF:0
BRH:0
end_of_record
TN:
SF:app\dashboard\projects\page.tsx
FN:41,ProjectsPage
FN:52,(anonymous_3)
FN:56,(anonymous_4)
FN:88,(anonymous_5)
FN:101,(anonymous_6)
FN:131,(anonymous_7)
FN:132,(anonymous_8)
FN:140,(anonymous_9)
FN:141,(anonymous_10)
FN:184,(anonymous_11)
FN:188,(anonymous_12)
FN:210,(anonymous_13)
FN:219,(anonymous_14)
FN:231,(anonymous_15)
FNF:14
FNH:3
FNDA:12,ProjectsPage
FNDA:6,(anonymous_3)
FNDA:6,(anonymous_4)
FNDA:0,(anonymous_5)
FNDA:0,(anonymous_6)
FNDA:0,(anonymous_7)
FNDA:0,(anonymous_8)
FNDA:0,(anonymous_9)
FNDA:0,(anonymous_10)
FNDA:0,(anonymous_11)
FNDA:0,(anonymous_12)
FNDA:0,(anonymous_13)
FNDA:0,(anonymous_14)
FNDA:0,(anonymous_15)
DA:3,1
DA:4,1
DA:5,1
DA:6,1
DA:13,1
DA:21,1
DA:22,1
DA:23,1
DA:24,1
DA:25,1
DA:41,6
DA:42,12
DA:43,12
DA:44,12
DA:45,12
DA:49,12
DA:50,12
DA:52,12
DA:53,6
DA:56,12
DA:57,6
DA:58,6
DA:59,6
DA:61,6
DA:62,0
DA:65,6
DA:66,0
DA:69,6
DA:70,0
DA:71,0
DA:74,0
DA:75,0
DA:77,6
DA:78,6
DA:84,6
DA:88,12
DA:89,0
DA:91,0
DA:93,0
DA:95,0
DA:97,0
DA:101,12
DA:102,0
DA:103,0
DA:132,0
DA:141,0
DA:185,0
DA:189,0
DA:210,0
DA:219,0
DA:231,0
LF:51
LH:31
BRDA:61,0,0,0
BRDA:65,1,0,0
BRDA:70,2,0,0
BRDA:77,3,0,6
BRDA:77,3,1,0
BRDA:89,4,0,0
BRDA:89,4,1,0
BRDA:89,4,2,0
BRDA:89,4,3,0
BRDA:158,5,0,6
BRDA:162,6,0,6
BRDA:166,7,0,0
BRDA:195,8,0,0
BRDA:195,8,1,0
BRDA:207,9,0,0
BRF:15
BRH:3
end_of_record
TN:
SF:app\dashboard\projects\[id]\layout.tsx
FN:9,ProjectLayout
FNF:1
FNH:0
FNDA:0,ProjectLayout
DA:3,0
DA:4,0
DA:5,0
DA:6,0
DA:7,0
DA:9,0
DA:16,0
DA:17,0
LF:8
LH:0
BRDA:37,0,0,0
BRDA:37,0,1,0
BRDA:49,1,0,0
BRDA:49,1,1,0
BRF:4
BRH:0
end_of_record
TN:
SF:app\dashboard\projects\[id]\page.tsx
FN:34,ProjectDetailPage
FN:49,(anonymous_3)
FN:56,(anonymous_4)
FN:57,(anonymous_5)
FN:91,(anonymous_6)
FN:112,(anonymous_7)
FN:125,(anonymous_8)
FN:275,(anonymous_9)
FNF:8
FNH:0
FNDA:0,ProjectDetailPage
FNDA:0,(anonymous_3)
FNDA:0,(anonymous_4)
FNDA:0,(anonymous_5)
FNDA:0,(anonymous_6)
FNDA:0,(anonymous_7)
FNDA:0,(anonymous_8)
FNDA:0,(anonymous_9)
DA:3,0
DA:4,0
DA:5,0
DA:6,0
DA:7,0
DA:8,0
DA:9,0
DA:10,0
DA:34,0
DA:35,0
DA:36,0
DA:37,0
DA:38,0
DA:39,0
DA:40,0
DA:41,0
DA:42,0
DA:49,0
DA:50,0
DA:51,0
DA:52,0
DA:56,0
DA:57,0
DA:58,0
DA:63,0
DA:65,0
DA:68,0
DA:69,0
DA:70,0
DA:71,0
DA:72,0
DA:73,0
DA:74,0
DA:75,0
DA:76,0
DA:88,0
DA:91,0
DA:92,0
DA:93,0
DA:94,0
DA:95,0
DA:96,0
DA:98,0
DA:99,0
DA:101,0
DA:102,0
DA:108,0
DA:112,0
DA:113,0
DA:114,0
DA:115,0
DA:116,0
DA:118,0
DA:119,0
DA:121,0
DA:125,0
DA:126,0
DA:128,0
DA:130,0
DA:132,0
DA:134,0
DA:138,0
DA:142,0
DA:276,0
LF:64
LH:0
BRDA:50,0,0,0
BRDA:58,1,0,0
BRDA:59,2,0,0
BRDA:59,2,1,0
BRDA:59,2,2,0
BRDA:68,3,0,0
BRDA:73,4,0,0
BRDA:75,5,0,0
BRDA:75,6,0,0
BRDA:75,6,1,0
BRDA:95,7,0,0
BRDA:101,8,0,0
BRDA:101,8,1,0
BRDA:115,9,0,0
BRDA:126,10,0,0
BRDA:126,10,1,0
BRDA:126,10,2,0
BRDA:126,10,3,0
BRDA:138,11,0,0
BRDA:142,12,0,0
BRDA:142,13,0,0
BRDA:142,13,1,0
BRDA:144,14,0,0
BRDA:144,14,1,0
BRDA:175,15,0,0
BRDA:175,15,1,0
BRDA:182,16,0,0
BRDA:182,16,1,0
BRDA:217,17,0,0
BRDA:240,18,0,0
BRDA:240,18,1,0
BRDA:242,19,0,0
BRDA:272,20,0,0
BRF:33
BRH:0
end_of_record
TN:
SF:app\dashboard\projects\[id]\edit\page.tsx
FN:17,EditProjectPage
FN:26,(anonymous_2)
FN:27,(anonymous_3)
FN:43,(anonymous_4)
FN:44,(anonymous_5)
FN:47,(anonymous_6)
FN:89,(anonymous_7)
FN:99,(anonymous_8)
FN:106,(anonymous_9)
FN:124,(anonymous_10)
FN:134,(anonymous_11)
FN:144,(anonymous_12)
FN:152,(anonymous_13)
FNF:13
FNH:0
FNDA:0,EditProjectPage
FNDA:0,(anonymous_2)
FNDA:0,(anonymous_3)
FNDA:0,(anonymous_4)
FNDA:0,(anonymous_5)
FNDA:0,(anonymous_6)
FNDA:0,(anonymous_7)
FNDA:0,(anonymous_8)
FNDA:0,(anonymous_9)
FNDA:0,(anonymous_10)
FNDA:0,(anonymous_11)
FNDA:0,(anonymous_12)
FNDA:0,(anonymous_13)
DA:3,0
DA:4,0
DA:5,0
DA:6,0
DA:7,0
DA:14,0
DA:15,0
DA:17,0
DA:18,0
DA:19,0
DA:20,0
DA:21,0
DA:22,0
DA:23,0
DA:24,0
DA:26,0
DA:27,0
DA:28,0
DA:29,0
DA:30,0
DA:31,0
DA:32,0
DA:33,0
DA:35,0
DA:37,0
DA:40,0
DA:43,0
DA:44,0
DA:47,0
DA:48,0
DA:49,0
DA:50,0
DA:51,0
DA:52,0
DA:64,0
DA:65,0
DA:67,0
DA:69,0
DA:89,0
DA:99,0
DA:106,0
DA:124,0
DA:134,0
DA:144,0
DA:152,0
LF:45
LH:0
BRDA:31,0,0,0
BRDA:35,1,0,0
BRDA:35,1,1,0
BRDA:64,2,0,0
BRDA:67,3,0,0
BRDA:67,3,1,0
BRDA:88,4,0,0
BRDA:88,4,1,0
BRDA:98,5,0,0
BRDA:98,5,1,0
BRDA:123,6,0,0
BRDA:123,6,1,0
BRDA:133,7,0,0
BRDA:133,7,1,0
BRDA:143,8,0,0
BRDA:143,8,1,0
BRDA:157,9,0,0
BRDA:157,9,1,0
BRF:18
BRH:0
end_of_record
TN:
SF:app\dashboard\projects\[id]\git\page.tsx
FN:35,ProjectGitPage
FN:47,(anonymous_2)
FN:51,(anonymous_3)
FN:98,(anonymous_4)
FN:163,(anonymous_5)
FN:181,(anonymous_6)
FN:207,(anonymous_7)
FN:262,(anonymous_8)
FNF:8
FNH:0
FNDA:0,ProjectGitPage
FNDA:0,(anonymous_2)
FNDA:0,(anonymous_3)
FNDA:0,(anonymous_4)
FNDA:0,(anonymous_5)
FNDA:0,(anonymous_6)
FNDA:0,(anonymous_7)
FNDA:0,(anonymous_8)
DA:3,0
DA:4,0
DA:5,0
DA:6,0
DA:13,0
DA:14,0
DA:15,0
DA:16,0
DA:35,0
DA:36,0
DA:37,0
DA:38,0
DA:39,0
DA:40,0
DA:41,0
DA:42,0
DA:43,0
DA:44,0
DA:45,0
DA:47,0
DA:48,0
DA:51,0
DA:52,0
DA:53,0
DA:54,0
DA:60,0
DA:61,0
DA:66,0
DA:67,0
DA:70,0
DA:71,0
DA:72,0
DA:77,0
DA:78,0
DA:79,0
DA:81,0
DA:84,0
DA:85,0
DA:94,0
DA:98,0
DA:99,0
DA:100,0
DA:101,0
DA:106,0
DA:109,0
DA:110,0
DA:111,0
DA:124,0
DA:126,0
DA:127,0
DA:130,0
DA:136,0
DA:137,0
DA:138,0
DA:139,0
DA:141,0
DA:142,0
DA:151,0
DA:155,0
DA:163,0
DA:181,0
DA:207,0
DA:263,0
LF:63
LH:0
BRDA:60,0,0,0
BRDA:70,1,0,0
BRDA:73,2,0,0
BRDA:73,2,1,0
BRDA:78,3,0,0
BRDA:78,3,1,0
BRDA:88,4,0,0
BRDA:88,4,1,0
BRDA:100,5,0,0
BRDA:126,6,0,0
BRDA:127,7,0,0
BRDA:127,7,1,0
BRDA:145,8,0,0
BRDA:145,8,1,0
BRDA:155,9,0,0
BRDA:169,10,0,0
BRDA:218,11,0,0
BRDA:218,11,1,0
BRDA:239,12,0,0
BRDA:255,13,0,0
BRDA:255,13,1,0
BRF:21
BRH:0
end_of_record
TN:
SF:app\dashboard\projects\new\page.tsx
FN:36,NewProjectPage
FN:50,(anonymous_3)
FN:52,(anonymous_4)
FN:65,(anonymous_5)
FN:86,(anonymous_6)
FN:109,(anonymous_7)
FN:136,(anonymous_8)
FN:137,(anonymous_9)
FN:138,(anonymous_10)
FN:144,(anonymous_11)
FN:145,(anonymous_12)
FN:157,(anonymous_13)
FN:193,(anonymous_14)
FN:194,(anonymous_15)
FN:206,(anonymous_16)
FN:207,(anonymous_17)
FN:220,(anonymous_18)
FN:221,(anonymous_19)
FN:238,(anonymous_20)
FN:250,(anonymous_21)
FN:260,(anonymous_22)
FN:275,(anonymous_23)
FN:275,(anonymous_24)
FN:277,(anonymous_25)
FNF:24
FNH:4
FNDA:10,NewProjectPage
FNDA:5,(anonymous_3)
FNDA:5,(anonymous_4)
FNDA:5,(anonymous_5)
FNDA:0,(anonymous_6)
FNDA:0,(anonymous_7)
FNDA:0,(anonymous_8)
FNDA:0,(anonymous_9)
FNDA:0,(anonymous_10)
FNDA:0,(anonymous_11)
FNDA:0,(anonymous_12)
FNDA:0,(anonymous_13)
FNDA:0,(anonymous_14)
FNDA:0,(anonymous_15)
FNDA:0,(anonymous_16)
FNDA:0,(anonymous_17)
FNDA:0,(anonymous_18)
FNDA:0,(anonymous_19)
FNDA:0,(anonymous_20)
FNDA:0,(anonymous_21)
FNDA:0,(anonymous_22)
FNDA:0,(anonymous_23)
FNDA:0,(anonymous_24)
FNDA:0,(anonymous_25)
DA:3,1
DA:4,1
DA:5,1
DA:6,1
DA:7,1
DA:14,1
DA:15,1
DA:16,1
DA:17,1
DA:18,1
DA:26,1
DA:27,1
DA:28,1
DA:36,5
DA:37,10
DA:38,10
DA:39,10
DA:40,10
DA:41,10
DA:42,10
DA:43,10
DA:44,10
DA:50,10
DA:52,5
DA:53,5
DA:54,5
DA:55,0
DA:56,0
DA:57,0
DA:60,5
DA:65,5
DA:66,5
DA:67,5
DA:68,0
DA:69,0
DA:70,0
DA:73,5
DA:74,5
DA:82,5
DA:83,5
DA:86,10
DA:87,0
DA:88,0
DA:90,0
DA:91,0
DA:96,0
DA:97,0
DA:100,0
DA:101,0
DA:109,0
DA:113,0
DA:114,0
DA:115,0
DA:118,0
DA:119,0
DA:123,0
DA:125,0
DA:132,0
DA:136,10
DA:137,0
DA:138,0
DA:139,0
DA:141,0
DA:144,10
DA:145,0
DA:148,10
DA:157,0
DA:194,0
DA:207,0
DA:221,0
DA:239,0
DA:250,0
DA:260,0
DA:275,0
DA:278,0
LF:75
LH:38
BRDA:55,0,0,0
BRDA:57,1,0,0
BRDA:57,1,1,0
BRDA:68,2,0,0
BRDA:90,3,0,0
BRDA:113,4,0,0
BRDA:115,5,0,0
BRDA:115,5,1,0
BRDA:129,6,0,0
BRDA:129,6,1,0
BRDA:138,7,0,0
BRDA:138,8,0,0
BRDA:138,8,1,0
BRDA:148,9,0,10
BRDA:266,10,0,0
BRDA:295,11,0,0
BRDA:295,11,1,0
BRF:17
BRH:1
end_of_record
TN:
SF:app\dashboard\reports\page.tsx
FN:59,ReportsPage
FN:125,(anonymous_2)
FN:127,(anonymous_3)
FN:169,(anonymous_4)
FN:190,(anonymous_5)
FN:216,(anonymous_6)
FNF:6
FNH:5
FNDA:5,ReportsPage
FNDA:0,(anonymous_2)
FNDA:20,(anonymous_3)
FNDA:15,(anonymous_4)
FNDA:20,(anonymous_5)
FNDA:50,(anonymous_6)
DA:3,1
DA:4,1
DA:5,1
DA:6,1
DA:7,1
DA:8,1
DA:24,1
DA:27,1
DA:34,1
DA:44,1
DA:50,1
DA:57,1
DA:59,5
DA:60,5
DA:61,5
DA:125,0
DA:128,20
DA:170,15
DA:191,20
DA:217,50
LF:20
LH:19
BRDA:219,0,0,20
BRDA:219,0,1,30
BRDA:219,1,0,15
BRDA:219,1,1,15
BRDA:220,2,0,20
BRDA:220,2,1,30
BRDA:220,3,0,15
BRDA:220,3,1,15
BRDA:221,4,0,5
BRDA:221,4,1,45
BRDA:222,5,0,15
BRDA:222,5,1,35
BRDA:222,6,0,0
BRDA:222,6,1,15
BRF:14
BRH:13
end_of_record
TN:
SF:app\dashboard\settings\page.tsx
FN:13,SettingsPage
FN:16,(anonymous_2)
FN:19,(anonymous_3)
FNF:3
FNH:0
FNDA:0,SettingsPage
FNDA:0,(anonymous_2)
FNDA:0,(anonymous_3)
DA:3,0
DA:4,0
DA:5,0
DA:6,0
DA:7,0
DA:8,0
DA:9,0
DA:10,0
DA:11,0
DA:13,0
DA:14,0
DA:16,0
DA:17,0
DA:19,0
DA:20,0
LF:15
LH:0
BRDA:95,0,0,0
BRDA:95,0,1,0
BRDA:176,1,0,0
BRDA:176,1,1,0
BRDA:248,2,0,0
BRDA:248,2,1,0
BRDA:311,3,0,0
BRDA:311,3,1,0
BRDA:372,4,0,0
BRDA:372,4,1,0
BRF:10
BRH:0
end_of_record
TN:
SF:app\dashboard\users\loading.tsx
FN:1,Loading
FNF:1
FNH:0
FNDA:0,Loading
DA:1,0
DA:2,0
LF:2
LH:0
BRF:0
BRH:0
end_of_record
TN:
SF:app\dashboard\users\page.tsx
FN:43,UsersPage
FN:52,(anonymous_2)
FN:54,(anonymous_3)
FN:55,(anonymous_4)
FN:59,(anonymous_5)
FN:61,(anonymous_6)
FN:62,(anonymous_7)
FN:66,(anonymous_8)
FN:86,(anonymous_10)
FN:138,(anonymous_11)
FN:153,(anonymous_12)
FN:174,(anonymous_13)
FN:221,(anonymous_14)
FN:232,(anonymous_15)
FNF:14
FNH:0
FNDA:0,UsersPage
FNDA:0,(anonymous_2)
FNDA:0,(anonymous_3)
FNDA:0,(anonymous_4)
FNDA:0,(anonymous_5)
FNDA:0,(anonymous_6)
FNDA:0,(anonymous_7)
FNDA:0,(anonymous_8)
FNDA:0,(anonymous_10)
FNDA:0,(anonymous_11)
FNDA:0,(anonymous_12)
FNDA:0,(anonymous_13)
FNDA:0,(anonymous_14)
FNDA:0,(anonymous_15)
DA:3,0
DA:4,0
DA:5,0
DA:6,0
DA:13,0
DA:14,0
DA:15,0
DA:21,0
DA:22,0
DA:43,0
DA:44,0
DA:45,0
DA:46,0
DA:47,0
DA:48,0
DA:49,0
DA:52,0
DA:53,0
DA:54,0
DA:55,0
DA:59,0
DA:60,0
DA:61,0
DA:62,0
DA:66,0
DA:68,0
DA:72,0
DA:75,0
DA:78,0
DA:87,0
DA:88,0
DA:89,0
DA:90,0
DA:96,0
DA:101,0
DA:102,0
DA:103,0
DA:105,0
DA:138,0
DA:153,0
DA:174,0
DA:222,0
DA:232,0
LF:43
LH:0
BRDA:68,0,0,0
BRDA:68,0,1,0
BRDA:72,1,0,0
BRDA:72,1,1,0
BRDA:75,2,0,0
BRDA:75,2,1,0
BRDA:78,3,0,0
BRDA:78,3,1,0
BRDA:78,3,2,0
BRDA:101,4,0,0
BRDA:101,4,1,0
BRDA:153,5,0,0
BRDA:163,6,0,0
BRDA:163,6,1,0
BRDA:244,7,0,0
BRDA:244,7,1,0
BRDA:251,8,0,0
BRDA:251,8,1,0
BRF:18
BRH:0
end_of_record
TN:
SF:app\login\page.tsx
FN:21,LoginPage
FN:26,(anonymous_3)
FNF:2
FNH:2
FNDA:4,LoginPage
FNDA:1,(anonymous_3)
DA:4,1
DA:5,1
DA:6,1
DA:7,1
DA:15,1
DA:16,1
DA:17,1
DA:18,1
DA:19,1
DA:21,3
DA:22,4
DA:23,4
DA:24,4
DA:26,4
DA:27,1
DA:28,1
DA:29,1
DA:31,1
DA:32,1
DA:33,1
DA:35,1
DA:36,1
DA:44,0
DA:46,0
DA:47,0
DA:51,0
DA:52,0
DA:53,0
DA:57,0
DA:59,1
DA:61,1
LF:31
LH:24
BRDA:46,0,0,0
BRDA:47,1,0,0
BRDA:47,1,1,0
BRDA:51,2,0,0
BRDA:79,3,0,4
BRDA:109,4,0,0
BRDA:109,4,1,4
BRF:7
BRH:2
end_of_record
TN:
SF:app\register\page.tsx
FN:37,RegisterPage
FN:48,(anonymous_3)
FN:50,(anonymous_4)
FN:57,(anonymous_5)
FN:64,(anonymous_6)
FN:91,(anonymous_7)
FNF:6
FNH:5
FNDA:11,RegisterPage
FNDA:5,(anonymous_3)
FNDA:5,(anonymous_4)
FNDA:0,(anonymous_5)
FNDA:1,(anonymous_6)
FNDA:1,(anonymous_7)
DA:4,1
DA:5,1
DA:6,1
DA:13,1
DA:14,1
DA:15,1
DA:16,1
DA:17,1
DA:37,4
DA:38,11
DA:39,11
DA:40,11
DA:48,11
DA:49,5
DA:50,5
DA:56,5
DA:57,0
DA:64,11
DA:65,1
DA:67,1
DA:68,0
DA:69,1
DA:71,1
DA:72,0
DA:73,1
DA:74,0
DA:77,1
DA:78,0
DA:79,1
DA:80,0
DA:83,1
DA:84,0
DA:87,1
DA:88,1
DA:91,11
DA:92,1
DA:94,1
DA:96,1
DA:97,1
DA:99,1
DA:100,1
DA:106,0
DA:107,0
DA:111,1
DA:112,1
DA:118,1
LF:46
LH:37
BRDA:56,0,0,0
BRDA:67,1,0,0
BRDA:69,2,0,0
BRDA:71,3,0,0
BRDA:71,3,1,1
BRDA:73,4,0,0
BRDA:77,5,0,0
BRDA:77,5,1,1
BRDA:79,6,0,0
BRDA:83,7,0,0
BRDA:94,8,0,0
BRDA:114,9,0,1
BRDA:114,9,1,1
BRDA:138,10,0,11
BRDA:153,11,0,11
BRDA:165,12,0,11
BRDA:181,13,0,11
BRDA:195,14,0,11
BRDA:209,15,0,11
BRDA:217,16,0,1
BRDA:217,16,1,10
BRF:21
BRH:12
end_of_record
TN:
SF:components\feature-card.tsx
FN:12,FeatureCard
FNF:1
FNH:1
FNDA:3,FeatureCard
DA:2,1
DA:12,3
LF:2
LH:2
BRDA:16,0,0,2
BRDA:17,1,0,2
BRF:2
BRH:2
end_of_record
TN:
SF:components\main-nav.tsx
FN:4,MainNav
FNF:1
FNH:1
FNDA:2,MainNav
DA:1,1
DA:2,1
DA:4,2
LF:3
LH:3
BRF:0
BRH:0
end_of_record
TN:
SF:components\sidebar-nav.tsx
FN:16,SidebarNav
FN:82,(anonymous_3)
FN:100,(anonymous_4)
FN:115,(anonymous_5)
FNF:4
FNH:4
FNDA:3,SidebarNav
FNDA:12,(anonymous_3)
FNDA:6,(anonymous_4)
FNDA:6,(anonymous_5)
DA:5,1
DA:6,1
DA:7,1
DA:8,1
DA:9,1
DA:10,1
DA:16,3
DA:17,3
DA:19,3
DA:46,3
DA:61,3
DA:83,12
DA:101,6
DA:116,6
LF:14
LH:14
BRDA:16,0,0,2
BRDA:80,1,0,3
BRDA:80,1,1,1
BRDA:85,2,0,3
BRDA:85,2,1,9
BRDA:86,3,0,12
BRDA:86,3,1,4
BRDA:88,4,0,3
BRDA:88,4,1,9
BRDA:89,5,0,12
BRDA:96,6,0,3
BRDA:96,6,1,1
BRDA:103,7,0,0
BRDA:103,7,1,6
BRDA:104,8,0,6
BRDA:104,8,1,2
BRDA:106,9,0,0
BRDA:106,9,1,6
BRDA:107,10,0,6
BRDA:118,11,0,0
BRDA:118,11,1,6
BRDA:119,12,0,6
BRDA:119,12,1,2
BRDA:121,13,0,0
BRDA:121,13,1,6
BRDA:122,14,0,6
BRF:26
BRH:22
end_of_record
TN:
SF:components\theme-provider.tsx
FN:9,ThemeProvider
FNF:1
FNH:0
FNDA:0,ThemeProvider
DA:3,0
DA:7,0
DA:9,0
LF:3
LH:0
BRF:0
BRH:0
end_of_record
TN:
SF:components\ui\accordion.tsx
FNF:0
FNH:0
DA:3,0
DA:4,0
DA:5,0
DA:7,0
DA:9,0
DA:21,0
DA:41,0
DA:56,0
DA:58,0
LF:9
LH:0
BRF:0
BRH:0
end_of_record
TN:
SF:components\ui\alert-dialog.tsx
FNF:0
FNH:0
DA:3,0
DA:4,0
DA:6,0
DA:7,0
DA:9,0
DA:11,0
DA:13,0
DA:28,0
DA:46,0
DA:60,0
DA:74,0
DA:86,0
DA:98,0
DA:111,0
DA:127,0
DA:130,0
DA:131,0
DA:132,0
DA:133,0
DA:134,0
DA:135,0
DA:136,0
DA:137,0
DA:138,0
DA:139,0
DA:140,0
LF:26
LH:0
BRF:0
BRH:0
end_of_record
TN:
SF:components\ui\alert.tsx
FNF:0
FNH:0
DA:1,4
DA:2,4
DA:4,4
DA:6,4
DA:33,4
DA:45,4
DA:57,4
DA:59,15
LF:8
LH:8
BRF:0
BRH:0
end_of_record
TN:
SF:components\ui\aspect-ratio.tsx
FNF:0
FNH:0
DA:3,0
DA:5,0
DA:7,0
LF:3
LH:0
BRF:0
BRH:0
end_of_record
TN:
SF:components\ui\avatar.tsx
FNF:0
FNH:0
DA:3,3
DA:4,3
DA:6,3
DA:21,3
DA:33,3
DA:48,3
DA:50,5
LF:7
LH:7
BRF:0
BRH:0
end_of_record
TN:
SF:components\ui\badge.tsx
FN:30,Badge
FNF:1
FNH:1
FNDA:5,Badge
DA:1,5
DA:2,5
DA:4,5
DA:6,5
DA:36,5
LF:5
LH:5
BRF:0
BRH:0
end_of_record
TN:
SF:components\ui\breadcrumb.tsx
FN:47,(anonymous_14)
FNF:1
FNH:0
FNDA:0,(anonymous_14)
DA:1,0
DA:2,0
DA:3,0
DA:5,0
DA:13,0
DA:28,0
DA:40,0
DA:42,0
DA:48,0
DA:58,0
DA:73,0
DA:89,0
DA:105,0
DA:108,0
DA:109,0
DA:110,0
DA:111,0
DA:112,0
DA:113,0
DA:114,0
LF:20
LH:0
BRDA:48,0,0,0
BRDA:48,0,1,0
BRDA:86,1,0,0
BRDA:86,1,1,0
BRF:4
BRH:0
end_of_record
TN:
SF:components\ui\button.tsx
FN:44,(anonymous_6)
FNF:1
FNH:1
FNDA:93,(anonymous_6)
DA:1,10
DA:2,10
DA:3,10
DA:5,10
DA:7,10
DA:43,10
DA:45,93
DA:55,10
DA:57,93
LF:9
LH:9
BRDA:44,0,0,92
BRDA:45,1,0,1
BRDA:45,1,1,92
BRF:3
BRH:3
end_of_record
TN:
SF:components\ui\calendar.tsx
FN:12,Calendar
FNF:1
FNH:0
FNDA:0,Calendar
DA:3,0
DA:4,0
DA:5,0
DA:7,0
DA:8,0
DA:64,0
DA:66,0
LF:7
LH:0
BRDA:15,0,0,0
BRF:1
BRH:0
end_of_record
TN:
SF:components\ui\card.tsx
FNF:0
FNH:0
DA:1,7
DA:3,7
DA:18,7
DA:30,7
DA:45,7
DA:57,7
DA:65,7
DA:77,7
DA:79,75
LF:9
LH:9
BRF:0
BRH:0
end_of_record
TN:
SF:components\ui\carousel.tsx
FN:35,useCarousel
FN:49,(anonymous_11)
FN:71,(anonymous_12)
FN:80,(anonymous_13)
FN:84,(anonymous_14)
FN:89,(anonymous_15)
FN:101,(anonymous_16)
FN:109,(anonymous_17)
FN:118,(anonymous_18)
FN:156,(anonymous_19)
FN:178,(anonymous_20)
FN:200,(anonymous_21)
FN:229,(anonymous_22)
FNF:13
FNH:0
FNDA:0,useCarousel
FNDA:0,(anonymous_11)
FNDA:0,(anonymous_12)
FNDA:0,(anonymous_13)
FNDA:0,(anonymous_14)
FNDA:0,(anonymous_15)
FNDA:0,(anonymous_16)
FNDA:0,(anonymous_17)
FNDA:0,(anonymous_18)
FNDA:0,(anonymous_19)
FNDA:0,(anonymous_20)
FNDA:0,(anonymous_21)
FNDA:0,(anonymous_22)
DA:3,0
DA:6,0
DA:7,0
DA:9,0
DA:10,0
DA:33,0
DA:36,0
DA:38,0
DA:39,0
DA:42,0
DA:45,0
DA:61,0
DA:68,0
DA:69,0
DA:71,0
DA:72,0
DA:73,0
DA:76,0
DA:77,0
DA:80,0
DA:81,0
DA:84,0
DA:85,0
DA:88,0
DA:90,0
DA:91,0
DA:92,0
DA:93,0
DA:94,0
DA:95,0
DA:101,0
DA:102,0
DA:103,0
DA:106,0
DA:109,0
DA:110,0
DA:111,0
DA:114,0
DA:115,0
DA:116,0
DA:118,0
DA:119,0
DA:151,0
DA:153,0
DA:157,0
DA:173,0
DA:175,0
DA:179,0
DA:195,0
DA:197,0
DA:201,0
DA:224,0
DA:226,0
DA:230,0
DA:253,0
DA:257,0
DA:258,0
DA:259,0
DA:260,0
DA:261,0
LF:60
LH:0
BRDA:38,0,0,0
BRDA:51,1,0,0
BRDA:64,2,0,0
BRDA:64,2,1,0
BRDA:72,3,0,0
BRDA:90,4,0,0
BRDA:90,4,1,0
BRDA:93,5,0,0
BRDA:102,6,0,0
BRDA:102,7,0,0
BRDA:102,7,1,0
BRDA:110,8,0,0
BRDA:130,9,0,0
BRDA:130,9,1,0
BRDA:130,10,0,0
BRDA:130,10,1,0
BRDA:165,11,0,0
BRDA:165,11,1,0
BRDA:188,12,0,0
BRDA:188,12,1,0
BRDA:200,13,0,0
BRDA:200,14,0,0
BRDA:210,15,0,0
BRDA:210,15,1,0
BRDA:229,16,0,0
BRDA:229,17,0,0
BRDA:239,18,0,0
BRDA:239,18,1,0
BRF:28
BRH:0
end_of_record
TN:
SF:components\ui\chart.tsx
FN:25,useChart
FN:41,(anonymous_27)
FN:64,(anonymous_28)
FN:65,(anonymous_29)
FN:76,(anonymous_30)
FN:79,(anonymous_31)
FN:120,ChartCard
FN:133,ChartTooltip
FN:138,(anonymous_34)
FN:163,(anonymous_35)
FN:183,(anonymous_36)
FN:223,(anonymous_37)
FN:297,(anonymous_38)
FN:309,(anonymous_39)
FN:338,getPayloadConfigFromPayload
FNF:15
FNH:0
FNDA:0,useChart
FNDA:0,(anonymous_27)
FNDA:0,(anonymous_28)
FNDA:0,(anonymous_29)
FNDA:0,(anonymous_30)
FNDA:0,(anonymous_31)
FNDA:0,ChartCard
FNDA:0,ChartTooltip
FNDA:0,(anonymous_34)
FNDA:0,(anonymous_35)
FNDA:0,(anonymous_36)
FNDA:0,(anonymous_37)
FNDA:0,(anonymous_38)
FNDA:0,(anonymous_39)
FNDA:0,getPayloadConfigFromPayload
DA:3,1
DA:4,1
DA:5,1
DA:7,1
DA:10,1
DA:23,1
DA:26,0
DA:28,0
DA:29,0
DA:32,0
DA:35,1
DA:42,0
DA:43,0
DA:62,1
DA:64,1
DA:65,0
DA:67,0
DA:68,0
DA:76,0
DA:80,0
DA:81,0
DA:95,1
DA:96,1
DA:97,1
DA:98,1
DA:99,1
DA:100,1
DA:101,1
DA:102,1
DA:103,1
DA:104,1
DA:105,1
DA:106,1
DA:107,1
DA:108,1
DA:109,1
DA:120,1
DA:133,1
DA:134,0
DA:139,0
DA:149,0
DA:152,1
DA:181,0
DA:183,0
DA:184,0
DA:185,0
DA:188,0
DA:189,0
DA:190,0
DA:192,0
DA:196,0
DA:200,0
DA:201,0
DA:207,0
DA:208,0
DA:211,0
DA:224,0
DA:225,0
DA:226,0
DA:228,0
DA:286,1
DA:288,1
DA:290,1
DA:298,0
DA:300,0
DA:301,0
DA:310,0
DA:311,0
DA:313,0
DA:335,1
DA:339,0
DA:340,0
DA:344,0
DA:348,0
DA:350,0
DA:351,0
DA:352,0
DA:357,0
DA:360,0
DA:363,1
LF:80
LH:32
BRDA:28,0,0,0
BRDA:43,1,0,0
BRDA:43,1,1,0
BRDA:65,2,0,0
BRDA:65,2,1,0
BRDA:67,3,0,0
BRDA:80,4,0,0
BRDA:80,4,1,0
BRDA:81,5,0,0
BRDA:81,5,1,0
BRDA:125,6,0,0
BRDA:134,7,0,0
BRDA:134,8,0,0
BRDA:134,8,1,0
BRDA:134,8,2,0
BRDA:140,9,0,0
BRDA:140,9,1,0
BRDA:168,10,0,0
BRDA:169,11,0,0
BRDA:170,12,0,0
BRDA:184,13,0,0
BRDA:184,14,0,0
BRDA:184,14,1,0
BRDA:189,15,0,0
BRDA:189,15,1,0
BRDA:189,15,2,0
BRDA:189,15,3,0
BRDA:192,16,0,0
BRDA:192,16,1,0
BRDA:192,17,0,0
BRDA:192,17,1,0
BRDA:193,18,0,0
BRDA:193,18,1,0
BRDA:196,19,0,0
BRDA:200,20,0,0
BRDA:207,21,0,0
BRDA:207,22,0,0
BRDA:207,22,1,0
BRDA:211,23,0,0
BRDA:211,23,1,0
BRDA:221,24,0,0
BRDA:221,24,1,0
BRDA:224,25,0,0
BRDA:224,25,1,0
BRDA:224,25,2,0
BRDA:224,25,3,0
BRDA:226,26,0,0
BRDA:226,26,1,0
BRDA:226,26,2,0
BRDA:233,27,0,0
BRDA:233,27,1,0
BRDA:237,28,0,0
BRDA:236,29,0,0
BRDA:236,29,1,0
BRDA:236,29,2,0
BRDA:241,30,0,0
BRDA:243,31,0,0
BRDA:249,32,0,0
BRDA:249,32,1,0
BRDA:263,33,0,0
BRDA:263,33,1,0
BRDA:267,34,0,0
BRDA:267,34,1,0
BRDA:268,35,0,0
BRDA:268,35,1,0
BRDA:270,36,0,0
BRDA:297,37,0,0
BRDA:297,38,0,0
BRDA:300,39,0,0
BRDA:307,40,0,0
BRDA:307,40,1,0
BRDA:310,41,0,0
BRDA:310,41,1,0
BRDA:310,41,2,0
BRDA:319,42,0,0
BRDA:318,43,0,0
BRDA:318,43,1,0
BRDA:339,44,0,0
BRDA:339,45,0,0
BRDA:339,45,1,0
BRDA:344,46,0,0
BRDA:344,46,1,0
BRDA:344,47,0,0
BRDA:344,47,1,0
BRDA:344,47,2,0
BRDA:350,48,0,0
BRDA:350,48,1,0
BRDA:350,49,0,0
BRDA:350,49,1,0
BRDA:352,50,0,0
BRDA:353,51,0,0
BRDA:353,51,1,0
BRDA:353,51,2,0
BRDA:360,52,0,0
BRDA:360,52,1,0
BRF:95
BRH:0
end_of_record
TN:
SF:components\ui\checkbox.tsx
FNF:0
FNH:0
DA:3,1
DA:4,1
DA:5,1
DA:7,1
DA:28,1
DA:30,54
LF:6
LH:6
BRF:0
BRH:0
end_of_record
TN:
SF:components\ui\collapsible.tsx
FNF:0
FNH:0
DA:3,0
DA:5,0
DA:7,0
DA:9,0
DA:11,0
LF:5
LH:0
BRF:0
BRH:0
end_of_record
TN:
SF:components\ui\command.tsx
FN:26,(anonymous_14)
FN:127,(anonymous_21)
FNF:2
FNH:0
FNDA:0,(anonymous_14)
FNDA:0,(anonymous_21)
DA:3,0
DA:5,0
DA:6,0
DA:8,0
DA:9,0
DA:24,0
DA:26,0
DA:55,0
DA:68,0
DA:81,0
DA:97,0
DA:109,0
DA:125,0
DA:127,0
DA:141,0
DA:144,0
DA:145,0
DA:146,0
DA:147,0
DA:148,0
DA:149,0
DA:150,0
DA:151,0
DA:152,0
LF:24
LH:0
BRF:0
BRH:0
end_of_record
TN:
SF:components\ui\context-menu.tsx
FN:168,(anonymous_27)
FNF:1
FNH:0
FNDA:0,(anonymous_27)
DA:3,0
DA:4,0
DA:5,0
DA:7,0
DA:9,0
DA:11,0
DA:13,0
DA:15,0
DA:17,0
DA:19,0
DA:40,0
DA:55,0
DA:72,0
DA:90,0
DA:113,0
DA:136,0
DA:154,0
DA:166,0
DA:168,0
DA:182,0
DA:185,0
DA:186,0
DA:187,0
DA:188,0
DA:189,0
DA:190,0
DA:191,0
DA:192,0
DA:193,0
DA:194,0
DA:195,0
DA:196,0
DA:197,0
DA:198,0
DA:199,0
LF:35
LH:0
BRDA:31,0,0,0
BRDA:31,0,1,0
BRDA:84,1,0,0
BRDA:84,1,1,0
BRDA:148,2,0,0
BRDA:148,2,1,0
BRF:6
BRH:0
end_of_record
TN:
SF:components\ui\dialog.tsx
FNF:0
FNH:0
DA:3,0
DA:4,0
DA:5,0
DA:7,0
DA:9,0
DA:11,0
DA:13,0
DA:15,0
DA:30,0
DA:54,0
DA:68,0
DA:82,0
DA:97,0
DA:109,0
DA:112,0
DA:113,0
DA:114,0
DA:115,0
DA:116,0
DA:117,0
DA:118,0
DA:119,0
DA:120,0
DA:121,0
LF:24
LH:0
BRF:0
BRH:0
end_of_record
TN:
SF:components\ui\drawer.tsx
FNF:0
FNH:0
DA:3,0
DA:4,0
DA:6,0
DA:17,0
DA:19,0
DA:21,0
DA:23,0
DA:35,0
DA:56,0
DA:67,0
DA:78,0
DA:93,0
DA:105,0
DA:108,0
DA:109,0
DA:110,0
DA:111,0
DA:112,0
DA:113,0
DA:114,0
DA:115,0
DA:116,0
DA:117,0
LF:23
LH:0
BRDA:9,0,0,0
BRF:1
BRH:0
end_of_record
TN:
SF:components\ui\dropdown-menu.tsx
FN:171,(anonymous_27)
FNF:1
FNH:0
FNDA:0,(anonymous_27)
DA:3,1
DA:4,1
DA:5,1
DA:7,1
DA:9,1
DA:11,1
DA:13,1
DA:15,1
DA:17,1
DA:19,1
DA:40,1
DA:56,1
DA:75,1
DA:93,1
DA:116,1
DA:139,1
DA:157,1
DA:169,1
DA:171,1
DA:182,1
DA:185,0
DA:186,0
DA:187,0
DA:188,0
DA:189,0
DA:190,0
DA:191,0
DA:192,0
DA:193,0
DA:194,0
DA:195,0
DA:196,0
DA:197,0
DA:198,0
DA:199,0
LF:35
LH:20
BRDA:31,0,0,0
BRDA:31,0,1,0
BRDA:62,1,0,0
BRDA:87,2,0,0
BRDA:87,2,1,0
BRDA:151,3,0,0
BRDA:151,3,1,0
BRF:7
BRH:0
end_of_record
TN:
SF:components\ui\form.tsx
FN:31,(anonymous_12)
FN:44,(anonymous_13)
FN:78,(anonymous_14)
FN:92,(anonymous_15)
FN:109,(anonymous_16)
FN:131,(anonymous_17)
FN:148,(anonymous_18)
FNF:7
FNH:0
FNDA:0,(anonymous_12)
FNDA:0,(anonymous_13)
FNDA:0,(anonymous_14)
FNDA:0,(anonymous_15)
FNDA:0,(anonymous_16)
FNDA:0,(anonymous_17)
FNDA:0,(anonymous_18)
DA:3,0
DA:5,0
DA:13,0
DA:15,0
DA:16,0
DA:18,0
DA:27,0
DA:31,0
DA:44,0
DA:45,0
DA:46,0
DA:47,0
DA:49,0
DA:51,0
DA:52,0
DA:55,0
DA:57,0
DA:71,0
DA:75,0
DA:79,0
DA:87,0
DA:89,0
DA:93,0
DA:104,0
DA:106,0
DA:110,0
DA:126,0
DA:128,0
DA:132,0
DA:143,0
DA:145,0
DA:149,0
DA:150,0
DA:152,0
DA:153,0
DA:167,0
DA:170,0
DA:171,0
DA:172,0
DA:173,0
DA:174,0
DA:175,0
DA:176,0
DA:177,0
LF:44
LH:0
BRDA:51,0,0,0
BRDA:98,1,0,0
BRDA:98,1,1,0
BRDA:117,2,0,0
BRDA:117,2,1,0
BRDA:150,3,0,0
BRDA:150,3,1,0
BRDA:152,4,0,0
BRF:8
BRH:0
end_of_record
TN:
SF:components\ui\hover-card.tsx
FNF:0
FNH:0
DA:3,0
DA:4,0
DA:6,0
DA:8,0
DA:10,0
DA:27,0
DA:29,0
LF:7
LH:0
BRDA:15,0,0,0
BRDA:15,1,0,0
BRF:2
BRH:0
end_of_record
TN:
SF:components\ui\input-otp.tsx
FN:36,(anonymous_10)
FNF:1
FNH:0
FNDA:0,(anonymous_10)
DA:3,0
DA:4,0
DA:5,0
DA:7,0
DA:23,0
DA:31,0
DA:33,0
DA:37,0
DA:38,0
DA:59,0
DA:69,0
DA:71,0
LF:12
LH:0
BRDA:45,0,0,0
BRDA:45,0,1,0
BRDA:51,1,0,0
BRF:3
BRH:0
end_of_record
TN:
SF:components\ui\input.tsx
FN:6,(anonymous_4)
FNF:1
FNH:1
FNDA:88,(anonymous_4)
DA:1,7
DA:3,7
DA:5,7
DA:20,7
DA:22,88
LF:5
LH:5
BRF:0
BRH:0
end_of_record
TN:
SF:components\ui\label.tsx
FNF:0
FNH:0
DA:3,5
DA:4,5
DA:5,5
DA:7,5
DA:9,5
DA:24,5
DA:26,135
LF:7
LH:7
BRF:0
BRH:0
end_of_record
TN:
SF:components\ui\menubar.tsx
FN:203,(anonymous_30)
FNF:1
FNH:0
FNDA:0,(anonymous_30)
DA:3,0
DA:4,0
DA:5,0
DA:7,0
DA:9,0
DA:11,0
DA:13,0
DA:15,0
DA:17,0
DA:32,0
DA:47,0
DA:68,0
DA:83,0
DA:108,0
DA:126,0
DA:149,0
DA:171,0
DA:189,0
DA:201,0
DA:203,0
DA:217,0
DA:220,0
DA:221,0
DA:222,0
DA:223,0
DA:224,0
DA:225,0
DA:226,0
DA:227,0
DA:228,0
DA:229,0
DA:230,0
DA:231,0
DA:232,0
DA:233,0
DA:234,0
DA:235,0
LF:37
LH:0
BRDA:59,0,0,0
BRDA:59,0,1,0
BRDA:90,1,0,0
BRDA:90,2,0,0
BRDA:90,3,0,0
BRDA:120,4,0,0
BRDA:120,4,1,0
BRDA:183,5,0,0
BRDA:183,5,1,0
BRF:9
BRH:0
end_of_record
TN:
SF:components\ui\navigation-menu.tsx
FNF:0
FNH:0
DA:1,0
DA:2,0
DA:3,0
DA:4,0
DA:6,0
DA:24,0
DA:39,0
DA:41,0
DA:43,0
DA:63,0
DA:78,0
DA:80,0
DA:97,0
DA:115,0
DA:119,0
DA:120,0
DA:121,0
DA:122,0
DA:123,0
DA:124,0
DA:125,0
DA:126,0
DA:127,0
LF:23
LH:0
BRF:0
BRH:0
end_of_record
TN:
SF:components\ui\pagination.tsx
FNF:0
FNH:0
DA:1,0
DA:2,0
DA:4,0
DA:5,0
DA:15,0
DA:27,0
DA:35,0
DA:60,0
DA:76,0
DA:92,0
DA:107,0
DA:110,0
DA:111,0
DA:112,0
DA:113,0
DA:114,0
DA:115,0
DA:116,0
LF:18
LH:0
BRDA:45,0,0,0
BRDA:49,1,0,0
BRDA:49,1,1,0
BRDA:52,2,0,0
BRDA:52,2,1,0
BRF:5
BRH:0
end_of_record
TN:
SF:components\ui\popover.tsx
FNF:0
FNH:0
DA:3,1
DA:4,1
DA:6,1
DA:8,1
DA:10,1
DA:29,1
DA:31,12
LF:7
LH:7
BRDA:15,0,0,0
BRDA:15,1,0,12
BRF:2
BRH:1
end_of_record
TN:
SF:components\ui\progress.tsx
FNF:0
FNH:0
DA:3,0
DA:4,0
DA:6,0
DA:26,0
DA:28,0
LF:5
LH:0
BRDA:22,0,0,0
BRDA:22,0,1,0
BRF:2
BRH:0
end_of_record
TN:
SF:components\ui\radio-group.tsx
FN:12,(anonymous_6)
FN:26,(anonymous_7)
FNF:2
FNH:0
FNDA:0,(anonymous_6)
FNDA:0,(anonymous_7)
DA:3,0
DA:4,0
DA:5,0
DA:7,0
DA:9,0
DA:21,0
DA:23,0
DA:42,0
DA:44,0
LF:9
LH:0
BRF:0
BRH:0
end_of_record
TN:
SF:components\ui\resizable.tsx
FNF:0
FNH:0
DA:3,0
DA:4,0
DA:6,0
DA:21,0
DA:45,0
LF:5
LH:0
BRDA:37,0,0,0
BRF:1
BRH:0
end_of_record
TN:
SF:components\ui\scroll-area.tsx
FNF:0
FNH:0
DA:3,1
DA:4,1
DA:6,1
DA:24,1
DA:46,1
DA:48,3
LF:6
LH:6
BRDA:29,0,0,3
BRDA:35,1,0,3
BRDA:35,1,1,3
BRDA:37,2,0,3
BRDA:37,2,1,0
BRF:5
BRH:4
end_of_record
TN:
SF:components\ui\select.tsx
FNF:0
FNH:0
DA:3,6
DA:4,6
DA:5,6
DA:7,6
DA:9,6
DA:11,6
DA:13,6
DA:33,6
DA:50,6
DA:67,6
DA:100,6
DA:112,6
DA:135,6
DA:147,6
DA:150,38
DA:151,0
DA:152,38
DA:153,38
DA:154,38
DA:155,0
DA:156,154
DA:157,0
DA:158,0
DA:159,0
LF:24
LH:19
BRDA:73,0,0,38
BRDA:79,1,0,38
BRDA:79,1,1,38
BRDA:90,2,0,38
BRDA:90,2,1,38
BRF:5
BRH:5
end_of_record
TN:
SF:components\ui\separator.tsx
FNF:0
FNH:0
DA:3,2
DA:4,2
DA:6,2
DA:29,2
DA:31,6
LF:5
LH:5
BRDA:13,0,0,0
BRDA:13,1,0,0
BRDA:22,2,0,0
BRDA:22,2,1,0
BRF:4
BRH:0
end_of_record
TN:
SF:components\ui\sheet.tsx
FNF:0
FNH:0
DA:3,0
DA:4,0
DA:5,0
DA:6,0
DA:8,0
DA:10,0
DA:12,0
DA:14,0
DA:16,0
DA:31,0
DA:33,0
DA:75,0
DA:89,0
DA:103,0
DA:115,0
DA:127,0
DA:130,0
DA:131,0
DA:132,0
DA:133,0
DA:134,0
DA:135,0
DA:136,0
DA:137,0
DA:138,0
DA:139,0
LF:26
LH:0
BRDA:59,0,0,0
BRF:1
BRH:0
end_of_record
TN:
SF:components\ui\sidebar.tsx
FN:41,useSidebar
FN:58,(anonymous_29)
FN:78,(anonymous_30)
FN:93,(anonymous_31)
FN:95,(anonymous_32)
FN:96,(anonymous_33)
FN:100,(anonymous_34)
FN:101,(anonymous_35)
FN:112,(anonymous_36)
FN:120,(anonymous_37)
FN:167,(anonymous_38)
FN:265,(anonymous_39)
FN:275,(anonymous_40)
FN:291,(anonymous_41)
FN:320,(anonymous_42)
FN:338,(anonymous_43)
FN:356,(anonymous_44)
FN:371,(anonymous_45)
FN:386,(anonymous_46)
FN:401,(anonymous_47)
FN:419,(anonymous_48)
FN:434,(anonymous_49)
FN:455,(anonymous_50)
FN:544,(anonymous_54)
FN:601,(anonymous_55)
FN:652,(anonymous_57)
FN:654,(anonymous_58)
FN:715,(anonymous_61)
FNF:28
FNH:0
FNDA:0,useSidebar
FNDA:0,(anonymous_29)
FNDA:0,(anonymous_30)
FNDA:0,(anonymous_31)
FNDA:0,(anonymous_32)
FNDA:0,(anonymous_33)
FNDA:0,(anonymous_34)
FNDA:0,(anonymous_35)
FNDA:0,(anonymous_36)
FNDA:0,(anonymous_37)
FNDA:0,(anonymous_38)
FNDA:0,(anonymous_39)
FNDA:0,(anonymous_40)
FNDA:0,(anonymous_41)
FNDA:0,(anonymous_42)
FNDA:0,(anonymous_43)
FNDA:0,(anonymous_44)
FNDA:0,(anonymous_45)
FNDA:0,(anonymous_46)
FNDA:0,(anonymous_47)
FNDA:0,(anonymous_48)
FNDA:0,(anonymous_49)
FNDA:0,(anonymous_50)
FNDA:0,(anonymous_54)
FNDA:0,(anonymous_55)
FNDA:0,(anonymous_57)
FNDA:0,(anonymous_58)
FNDA:0,(anonymous_61)
DA:3,0
DA:4,0
DA:5,0
DA:6,0
DA:8,0
DA:9,0
DA:10,0
DA:11,0
DA:12,0
DA:13,0
DA:14,0
DA:20,0
DA:22,0
DA:23,0
DA:24,0
DA:25,0
DA:26,0
DA:27,0
DA:39,0
DA:42,0
DA:43,0
DA:44,0
DA:47,0
DA:50,0
DA:70,0
DA:71,0
DA:75,0
DA:76,0
DA:77,0
DA:79,0
DA:80,0
DA:81,0
DA:83,0
DA:87,0
DA:93,0
DA:94,0
DA:95,0
DA:96,0
DA:100,0
DA:101,0
DA:102,0
DA:106,0
DA:107,0
DA:111,0
DA:112,0
DA:117,0
DA:119,0
DA:120,0
DA:157,0
DA:159,0
DA:178,0
DA:180,0
DA:195,0
DA:260,0
DA:262,0
DA:266,0
DA:276,0
DA:277,0
DA:286,0
DA:288,0
DA:292,0
DA:315,0
DA:317,0
DA:333,0
DA:335,0
DA:351,0
DA:353,0
DA:366,0
DA:368,0
DA:381,0
DA:383,0
DA:396,0
DA:398,0
DA:414,0
DA:416,0
DA:429,0
DA:431,0
DA:435,0
DA:450,0
DA:452,0
DA:456,0
DA:473,0
DA:486,0
DA:499,0
DA:512,0
DA:514,0
DA:536,0
DA:556,0
DA:557,0
DA:570,0
DA:571,0
DA:574,0
DA:575,0
DA:593,0
DA:595,0
DA:602,0
DA:624,0
DA:645,0
DA:647,0
DA:654,0
DA:655,0
DA:683,0
DA:700,0
DA:706,0
DA:708,0
DA:716,0
DA:736,0
DA:739,0
DA:740,0
DA:741,0
DA:742,0
DA:743,0
DA:744,0
DA:745,0
DA:746,0
DA:747,0
DA:748,0
DA:749,0
DA:750,0
DA:751,0
DA:752,0
DA:753,0
DA:754,0
DA:755,0
DA:756,0
DA:757,0
DA:758,0
DA:759,0
DA:760,0
DA:761,0
DA:762,0
LF:131
LH:0
BRDA:43,0,0,0
BRDA:60,1,0,0
BRDA:76,2,0,0
BRDA:76,2,1,0
BRDA:79,3,0,0
BRDA:79,3,1,0
BRDA:80,4,0,0
BRDA:80,4,1,0
BRDA:94,5,0,0
BRDA:94,5,1,0
BRDA:102,6,0,0
BRDA:103,7,0,0
BRDA:103,7,1,0
BRDA:103,7,2,0
BRDA:117,8,0,0
BRDA:117,8,1,0
BRDA:169,9,0,0
BRDA:170,10,0,0
BRDA:171,11,0,0
BRDA:180,12,0,0
BRDA:195,13,0,0
BRDA:220,14,0,0
BRDA:220,14,1,0
BRDA:230,15,0,0
BRDA:230,15,1,0
BRDA:230,16,0,0
BRDA:230,16,1,0
BRDA:238,17,0,0
BRDA:238,17,1,0
BRDA:242,18,0,0
BRDA:242,18,1,0
BRDA:242,19,0,0
BRDA:242,19,1,0
BRDA:434,20,0,0
BRDA:435,21,0,0
BRDA:435,21,1,0
BRDA:455,22,0,0
BRDA:456,23,0,0
BRDA:456,23,1,0
BRDA:546,24,0,0
BRDA:547,25,0,0
BRDA:548,26,0,0
BRDA:549,27,0,0
BRDA:556,28,0,0
BRDA:556,28,1,0
BRDA:570,29,0,0
BRDA:574,30,0,0
BRDA:586,31,0,0
BRDA:586,31,1,0
BRDA:601,32,0,0
BRDA:601,33,0,0
BRDA:602,34,0,0
BRDA:602,34,1,0
BRDA:616,35,0,0
BRDA:616,35,1,0
BRDA:652,36,0,0
BRDA:665,37,0,0
BRDA:715,38,0,0
BRDA:715,39,0,0
BRDA:716,40,0,0
BRDA:716,40,1,0
BRDA:727,41,0,0
BRDA:727,41,1,0
BRDA:728,42,0,0
BRDA:728,42,1,0
BRF:65
BRH:0
end_of_record
TN:
SF:components\ui\skeleton.tsx
FN:3,Skeleton
FNF:1
FNH:0
FNDA:0,Skeleton
DA:1,0
DA:15,0
LF:2
LH:0
BRF:0
BRH:0
end_of_record
TN:
SF:components\ui\slider.tsx
FNF:0
FNH:0
DA:3,0
DA:4,0
DA:6,0
DA:26,0
DA:28,0
LF:5
LH:0
BRF:0
BRH:0
end_of_record
TN:
SF:components\ui\sonner.tsx
FN:8,(anonymous_1)
FNF:1
FNH:0
FNDA:0,(anonymous_1)
DA:3,0
DA:4,0
DA:8,0
DA:9,0
DA:31,0
LF:5
LH:0
BRDA:9,0,0,0
BRF:1
BRH:0
end_of_record
TN:
SF:components\ui\switch.tsx
FNF:0
FNH:0
DA:3,0
DA:4,0
DA:6,0
DA:27,0
DA:29,0
LF:5
LH:0
BRF:0
BRH:0
end_of_record
TN:
SF:components\ui\table.tsx
FNF:0
FNH:0
DA:1,1
DA:3,1
DA:17,1
DA:25,1
DA:37,1
DA:52,1
DA:67,1
DA:82,1
DA:94,1
DA:106,1
DA:109,0
DA:110,0
DA:111,0
DA:112,0
DA:113,0
DA:114,0
DA:115,0
DA:116,0
LF:18
LH:10
BRF:0
BRH:0
end_of_record
TN:
SF:components\ui\tabs.tsx
FNF:0
FNH:0
DA:3,3
DA:4,3
DA:6,3
DA:8,3
DA:23,3
DA:38,3
DA:53,3
DA:55,24
LF:8
LH:8
BRF:0
BRH:0
end_of_record
TN:
SF:components\ui\textarea.tsx
FN:8,(anonymous_4)
FNF:1
FNH:1
FNDA:7,(anonymous_4)
DA:1,3
DA:3,3
DA:5,3
DA:20,3
DA:22,7
LF:5
LH:5
BRF:0
BRH:0
end_of_record
TN:
SF:components\ui\toast.tsx
FN:47,(anonymous_12)
FNF:1
FNH:0
FNDA:0,(anonymous_12)
DA:3,0
DA:4,0
DA:5,0
DA:6,0
DA:8,0
DA:10,0
DA:25,0
DA:27,0
DA:43,0
DA:56,0
DA:71,0
DA:89,0
DA:101,0
DA:113,0
DA:122,0
DA:123,0
DA:124,0
DA:125,0
DA:126,0
DA:127,0
DA:128,0
LF:21
LH:0
BRF:0
BRH:0
end_of_record
TN:
SF:components\ui\toaster.tsx
FN:13,Toaster
FN:18,(anonymous_2)
FNF:2
FNH:0
FNDA:0,Toaster
FNDA:0,(anonymous_2)
DA:3,0
DA:11,0
DA:13,0
DA:14,0
DA:19,0
LF:5
LH:0
BRDA:22,0,0,0
BRDA:23,1,0,0
BRF:2
BRH:0
end_of_record
TN:
SF:components\ui\toggle-group.tsx
FN:39,(anonymous_7)
FNF:1
FNH:0
FNDA:0,(anonymous_7)
DA:3,0
DA:4,0
DA:7,0
DA:8,0
DA:10,0
DA:33,0
DA:35,0
DA:40,0
DA:59,0
DA:61,0
LF:10
LH:0
BRDA:47,0,0,0
BRDA:47,0,1,0
BRDA:48,1,0,0
BRDA:48,1,1,0
BRF:4
BRH:0
end_of_record
TN:
SF:components\ui\toggle.tsx
FNF:0
FNH:0
DA:3,0
DA:4,0
DA:5,0
DA:7,0
DA:9,0
DA:43,0
DA:45,0
LF:7
LH:0
BRF:0
BRH:0
end_of_record
TN:
SF:components\ui\tooltip.tsx
FNF:0
FNH:0
DA:3,0
DA:4,0
DA:6,0
DA:8,0
DA:10,0
DA:12,0
DA:28,0
DA:30,0
LF:8
LH:0
BRDA:17,0,0,0
BRF:1
BRH:0
end_of_record
TN:
SF:components\ui\use-mobile.tsx
FN:5,useIsMobile
FN:8,(anonymous_5)
FN:10,(anonymous_6)
FN:15,(anonymous_7)
FNF:4
FNH:0
FNDA:0,useIsMobile
FNDA:0,(anonymous_5)
FNDA:0,(anonymous_6)
FNDA:0,(anonymous_7)
DA:1,0
DA:3,0
DA:5,0
DA:6,0
DA:8,0
DA:9,0
DA:10,0
DA:11,0
DA:13,0
DA:14,0
DA:15,0
DA:18,0
LF:12
LH:0
BRF:0
BRH:0
end_of_record
TN:
SF:components\ui\use-toast.ts
FN:30,genId
FN:61,(anonymous_8)
FN:66,(anonymous_9)
FN:77,(anonymous_10)
FN:88,(anonymous_11)
FN:101,(anonymous_12)
FN:108,(anonymous_13)
FN:127,(anonymous_14)
FN:136,dispatch
FN:138,(anonymous_16)
FN:145,toast
FN:148,(anonymous_18)
FN:153,(anonymous_19)
FN:161,(anonymous_20)
FN:174,useToast
FN:177,(anonymous_22)
FN:179,(anonymous_23)
FN:190,(anonymous_24)
FNF:18
FNH:8
FNDA:13,genId
FNDA:0,(anonymous_8)
FNDA:0,(anonymous_9)
FNDA:13,(anonymous_10)
FNDA:0,(anonymous_11)
FNDA:0,(anonymous_12)
FNDA:0,(anonymous_13)
FNDA:0,(anonymous_14)
FNDA:13,dispatch
FNDA:13,(anonymous_16)
FNDA:13,toast
FNDA:0,(anonymous_18)
FNDA:0,(anonymous_19)
FNDA:0,(anonymous_20)
FNDA:24,useToast
FNDA:24,(anonymous_22)
FNDA:24,(anonymous_23)
FNDA:0,(anonymous_24)
DA:4,3
DA:11,3
DA:12,3
DA:21,3
DA:28,3
DA:31,13
DA:32,13
DA:59,3
DA:61,3
DA:62,0
DA:63,0
DA:66,0
DA:67,0
DA:68,0
DA:74,0
DA:77,3
DA:78,13
DA:80,13
DA:86,0
DA:89,0
DA:94,0
DA:98,0
DA:99,0
DA:101,0
DA:102,0
DA:106,0
DA:109,0
DA:119,0
DA:120,0
DA:125,0
DA:127,0
DA:132,3
DA:134,3
DA:137,13
DA:138,13
DA:139,13
DA:146,13
DA:148,13
DA:149,0
DA:153,13
DA:155,13
DA:162,0
DA:167,13
DA:175,24
DA:177,24
DA:178,24
DA:179,24
DA:180,24
DA:181,24
DA:182,24
DA:187,24
DA:190,0
DA:194,24
LF:53
LH:31
BRDA:62,0,0,0
BRDA:78,1,0,13
BRDA:78,1,1,0
BRDA:78,1,2,0
BRDA:78,1,3,0
BRDA:89,2,0,0
BRDA:89,2,1,0
BRDA:98,3,0,0
BRDA:98,3,1,0
BRDA:109,4,0,0
BRDA:109,4,1,0
BRDA:109,5,0,0
BRDA:109,5,1,0
BRDA:119,6,0,0
BRDA:162,7,0,0
BRDA:181,8,0,24
BRF:16
BRH:2
end_of_record
TN:
SF:lib\prisma.ts
FNF:0
FNH:0
DA:1,0
DA:3,0
DA:5,0
DA:6,0
DA:12,0
LF:5
LH:0
BRDA:6,0,0,0
BRDA:6,0,1,0
BRDA:12,1,0,0
BRF:3
BRH:0
end_of_record
TN:
SF:lib\uploadFile.ts
FN:6,uploadFile
FN:32,isValidFileType
FN:46,isValidFileSize
FNF:3
FNH:0
FNDA:0,uploadFile
FNDA:0,isValidFileType
FNDA:0,isValidFileSize
DA:1,0
DA:2,0
DA:4,0
DA:6,0
DA:7,0
DA:9,0
DA:10,0
DA:13,0
DA:14,0
DA:15,0
DA:16,0
DA:17,0
DA:20,0
DA:21,0
DA:22,0
DA:25,0
DA:27,0
DA:28,0
DA:32,0
DA:33,0
DA:43,0
DA:46,0
DA:47,0
DA:48,0
LF:24
LH:0
BRDA:46,0,0,0
BRF:1
BRH:0
end_of_record
TN:
SF:lib\utils.ts
FN:4,cn
FNF:1
FNH:1
FNDA:984,cn
DA:1,17
DA:2,17
DA:4,984
DA:5,984
LF:4
LH:4
BRF:0
BRH:0
end_of_record
